[20160419, 대구]   2건의 결과가 검색되었습니다.
[20161127, 김해]  15건의 결과가 검색되었습니다.
[20160805, 대구]   3건의 결과가 검색되었습니다.
[20160712, 포항] 검색된 결과가 없습니다.
[20160921, 군산]   1건의 결과가 검색되었습니다.
[20160618, 김포]  11건의 결과가 검색되었습니다.
[20160810, 양양] 검색된 결과가 없습니다.
[20160628, 군산] 검색된 결과가 없습니다.
[20160419, 제주]  49건의 결과가 검색되었습니다.
[20161213, 포항] 검색된 결과가 없습니다.
[20160601, 광주]   4건의 결과가 검색되었습니다.
[20160321, 제주]  53건의 결과가 검색되었습니다.
[20160618, 군산]   1건의 결과가 검색되었습니다.
[20161229, 원주] 검색된 결과가 없습니다.
[20160306, 광주] 검색된 결과가 없습니다.
[20160212, 사천]   1건의 결과가 검색되었습니다.
[20161204, 청주]   2건의 결과가 검색되었습니다.
[20161002, 원주] 검색된 결과가 없습니다.
[20160623, 광주]   5건의 결과가 검색되었습니다.
[20160222, 원주] 검색된 결과가 없습니다.
[20160716, 울산] 검색된 결과가 없습니다.
[20160619, 김해]   8건의 결과가 검색되었습니다.
[20160524, 양양] 검색된 결과가 없습니다.
[20160222, 광주]   2건의 결과가 검색되었습니다.
[20160422, 여수]   1건의 결과가 검색되었습니다.
[20161213, 무안] 검색된 결과가 없습니다.
[20161127, 김포]  29건의 결과가 검색되었습니다.
[20160214, 김해]  20건의 결과가 검색되었습니다.
[20160331, 김해]  13건의 결과가 검색되었습니다.
[20160808, 군산]   1건의 결과가 검색되었습니다.
[20160407, 김해]  13건의 결과가 검색되었습니다.
[20161220, 울산] 검색된 결과가 없습니다.
[20160213, 여수]   1건의 결과가 검색되었습니다.
[20161120, 광주] 검색된 결과가 없습니다.
