[20170904, 청주]   4건의 결과가 검색되었습니다.
[20170211, 포항] 검색된 결과가 없습니다.
[20170610, 김포]  13건의 결과가 검색되었습니다.
[20170424, 김해]  13건의 결과가 검색되었습니다.
[20171109, 대구]   6건의 결과가 검색되었습니다.
[20171026, 청주]   4건의 결과가 검색되었습니다.
[20170720, 무안] 검색된 결과가 없습니다.
[20170312, 여수] 검색된 결과가 없습니다.
[20171014, 청주] 검색된 결과가 없습니다.
[20170310, 사천] 검색된 결과가 없습니다.
[20170114, 사천] 검색된 결과가 없습니다.
[20170626, 대구]   3건의 결과가 검색되었습니다.
[20171106, 원주] 검색된 결과가 없습니다.
[20171210, 여수]   2건의 결과가 검색되었습니다.
[20170601, 군산]   1건의 결과가 검색되었습니다.
[20171211, 김해]   5건의 결과가 검색되었습니다.
[20170707, 사천] 검색된 결과가 없습니다.
[20170607, 김해]  29건의 결과가 검색되었습니다.
[20171230, 군산] 검색된 결과가 없습니다.
[20170617, 무안] 검색된 결과가 없습니다.
[20170303, 제주]  30건의 결과가 검색되었습니다.
[20170528, 양양] 검색된 결과가 없습니다.
[20171030, 광주]   2건의 결과가 검색되었습니다.
[20170918, 김해]   2건의 결과가 검색되었습니다.
[20170808, 무안] 검색된 결과가 없습니다.
[20170707, 대구]   3건의 결과가 검색되었습니다.
[20170116, 광주]   3건의 결과가 검색되었습니다.
[20170602, 포항]   1건의 결과가 검색되었습니다.
[20170131, 군산]   1건의 결과가 검색되었습니다.
[20170610, 제주]  36건의 결과가 검색되었습니다.
[20170515, 김해]   1건의 결과가 검색되었습니다.
[20170418, 여수] 검색된 결과가 없습니다.
[20170615, 포항] 검색된 결과가 없습니다.
[20171115, 군산]   1건의 결과가 검색되었습니다.
[20170328, 무안] 검색된 결과가 없습니다.
[20170221, 김해]  19건의 결과가 검색되었습니다.
[20171130, 포항] 검색된 결과가 없습니다.
[20171204, 김해]   3건의 결과가 검색되었습니다.
[20170929, 광주]  10건의 결과가 검색되었습니다.
[20170429, 울산] 검색된 결과가 없습니다.
[20170516, 군산]   1건의 결과가 검색되었습니다.
[20171001, 원주] 검색된 결과가 없습니다.
[20171209, 김해]   3건의 결과가 검색되었습니다.
[20170609, 원주] 검색된 결과가 없습니다.
[20170821, 청주]   6건의 결과가 검색되었습니다.
[20170519, 제주]  20건의 결과가 검색되었습니다.
[20170823, 사천] 검색된 결과가 없습니다.
[20170112, 무안] 검색된 결과가 없습니다.
[20170516, 포항] 검색된 결과가 없습니다.
[20170904, 대구]   5건의 결과가 검색되었습니다.
[20170118, 여수]   2건의 결과가 검색되었습니다.
[20170419, 군산] 검색된 결과가 없습니다.
[20170614, 군산]   1건의 결과가 검색되었습니다.
[20171227, 포항] 검색된 결과가 없습니다.
[20170115, 무안] 검색된 결과가 없습니다.
[20170204, 포항] 검색된 결과가 없습니다.
[20170307, 포항] 검색된 결과가 없습니다.
[20170105, 군산]   1건의 결과가 검색되었습니다.
[20171212, 대구]   2건의 결과가 검색되었습니다.
[20170803, 청주]   3건의 결과가 검색되었습니다.
[20171002, 여수]   1건의 결과가 검색되었습니다.
[20170202, 대구] 검색된 결과가 없습니다.
[20170830, 청주] 검색된 결과가 없습니다.
[20170318, 원주] 검색된 결과가 없습니다.
[20170316, 대구]   1건의 결과가 검색되었습니다.
[20170519, 김해]  20건의 결과가 검색되었습니다.
[20170614, 광주] 검색된 결과가 없습니다.
[20170831, 군산]   2건의 결과가 검색되었습니다.
[20171209, 울산] 검색된 결과가 없습니다.
[20171128, 포항] 검색된 결과가 없습니다.
[20170629, 군산]   1건의 결과가 검색되었습니다.
[20170703, 청주]   8건의 결과가 검색되었습니다.
[20170103, 울산] 검색된 결과가 없습니다.
[20170310, 양양] 검색된 결과가 없습니다.
[20170326, 청주] 검색된 결과가 없습니다.
[20170509, 양양] 검색된 결과가 없습니다.
[20170709, 제주]  49건의 결과가 검색되었습니다.
[20170420, 울산] 검색된 결과가 없습니다.
[20170726, 사천]   1건의 결과가 검색되었습니다.
[20171223, 김해]  25건의 결과가 검색되었습니다.
[20170115, 청주]   3건의 결과가 검색되었습니다.
[20171229, 무안] 검색된 결과가 없습니다.
[20171005, 원주] 검색된 결과가 없습니다.
[20171201, 포항] 검색된 결과가 없습니다.
[20171004, 제주]  60건의 결과가 검색되었습니다.
[20170423, 청주]   1건의 결과가 검색되었습니다.
[20171118, 김해]   7건의 결과가 검색되었습니다.
[20170717, 원주] 검색된 결과가 없습니다.
[20171024, 여수] 검색된 결과가 없습니다.
[20170509, 청주]   1건의 결과가 검색되었습니다.
[20170312, 제주]  39건의 결과가 검색되었습니다.
[20170107, 김해]   7건의 결과가 검색되었습니다.
[20170827, 광주]   3건의 결과가 검색되었습니다.
[20170721, 사천]   1건의 결과가 검색되었습니다.
[20170703, 김포]  34건의 결과가 검색되었습니다.
[20170306, 김해]   4건의 결과가 검색되었습니다.
[20170524, 원주] 검색된 결과가 없습니다.
[20170424, 김포]  11건의 결과가 검색되었습니다.
[20170610, 김해]  13건의 결과가 검색되었습니다.
[20170426, 대구]   4건의 결과가 검색되었습니다.
[20171117, 울산] 검색된 결과가 없습니다.
[20171113, 제주]  41건의 결과가 검색되었습니다.
[20170906, 사천] 검색된 결과가 없습니다.
[20170515, 제주] 검색된 결과가 없습니다.
[20170507, 무안] 검색된 결과가 없습니다.
[20170114, 청주]   2건의 결과가 검색되었습니다.
[20170521, 여수] 검색된 결과가 없습니다.
[20170917, 사천] 검색된 결과가 없습니다.
[20171218, 대구]  11건의 결과가 검색되었습니다.
[20170521, 제주]  51건의 결과가 검색되었습니다.
[20171215, 사천] 검색된 결과가 없습니다.
[20170703, 광주]   4건의 결과가 검색되었습니다.
[20170228, 울산]   1건의 결과가 검색되었습니다.
[20170622, 원주] 검색된 결과가 없습니다.
[20170703, 울산] 검색된 결과가 없습니다.
[20170726, 무안] 검색된 결과가 없습니다.
[20170819, 울산] 검색된 결과가 없습니다.
[20171231, 울산]   1건의 결과가 검색되었습니다.
[20170726, 김해]  13건의 결과가 검색되었습니다.
[20170424, 울산] 검색된 결과가 없습니다.
[20170331, 군산] 검색된 결과가 없습니다.
[20170426, 원주] 검색된 결과가 없습니다.
[20170325, 양양] 검색된 결과가 없습니다.
[20170713, 청주]   3건의 결과가 검색되었습니다.
[20171113, 양양] 검색된 결과가 없습니다.
[20170422, 김해]  10건의 결과가 검색되었습니다.
[20170403, 군산] 검색된 결과가 없습니다.
[20170218, 대구]   4건의 결과가 검색되었습니다.
[20171207, 원주]   1건의 결과가 검색되었습니다.
[20171012, 김포]  12건의 결과가 검색되었습니다.
[20170923, 제주]  41건의 결과가 검색되었습니다.
[20171030, 원주] 검색된 결과가 없습니다.
[20170517, 원주] 검색된 결과가 없습니다.
[20170712, 김포]  15건의 결과가 검색되었습니다.
[20170509, 군산]   1건의 결과가 검색되었습니다.
[20170919, 제주]  21건의 결과가 검색되었습니다.
[20170604, 김포]  16건의 결과가 검색되었습니다.
[20170807, 무안] 검색된 결과가 없습니다.
[20170821, 포항]   1건의 결과가 검색되었습니다.
[20171011, 제주]   9건의 결과가 검색되었습니다.
[20170527, 광주]   1건의 결과가 검색되었습니다.
[20170218, 사천]   1건의 결과가 검색되었습니다.
[20170611, 광주]   1건의 결과가 검색되었습니다.
[20170820, 김해]  14건의 결과가 검색되었습니다.
[20170206, 대구]   1건의 결과가 검색되었습니다.
[20170815, 김포]  56건의 결과가 검색되었습니다.
[20170528, 광주]   2건의 결과가 검색되었습니다.
[20171030, 양양] 검색된 결과가 없습니다.
[20170715, 김해]  28건의 결과가 검색되었습니다.
[20171028, 광주]   8건의 결과가 검색되었습니다.
[20170305, 대구] 검색된 결과가 없습니다.
[20170419, 광주]   2건의 결과가 검색되었습니다.
[20170812, 여수] 검색된 결과가 없습니다.
[20170923, 김해]   5건의 결과가 검색되었습니다.
[20170921, 울산]   1건의 결과가 검색되었습니다.
[20170929, 무안] 검색된 결과가 없습니다.
[20170904, 무안] 검색된 결과가 없습니다.
[20170710, 대구]   5건의 결과가 검색되었습니다.
[20171019, 무안] 검색된 결과가 없습니다.
[20170510, 원주] 검색된 결과가 없습니다.
[20170605, 청주] 검색된 결과가 없습니다.
[20171121, 김해]  21건의 결과가 검색되었습니다.
[20170302, 원주] 검색된 결과가 없습니다.
[20171024, 군산]   1건의 결과가 검색되었습니다.
[20170803, 원주] 검색된 결과가 없습니다.
[20170415, 군산] 검색된 결과가 없습니다.
[20171010, 김해]   8건의 결과가 검색되었습니다.
[20170405, 김포]  57건의 결과가 검색되었습니다.
[20170310, 대구] 검색된 결과가 없습니다.
[20170115, 김해]  16건의 결과가 검색되었습니다.
[20170809, 사천] 검색된 결과가 없습니다.
[20170218, 포항] 검색된 결과가 없습니다.
[20170112, 군산]   1건의 결과가 검색되었습니다.
[20171016, 양양]   1건의 결과가 검색되었습니다.
[20170223, 포항] 검색된 결과가 없습니다.
[20170625, 제주]  33건의 결과가 검색되었습니다.
[20170727, 무안] 검색된 결과가 없습니다.
[20170506, 울산] 검색된 결과가 없습니다.
[20171028, 청주]   4건의 결과가 검색되었습니다.
[20170126, 김포]  43건의 결과가 검색되었습니다.
[20171120, 포항] 검색된 결과가 없습니다.
[20170501, 양양] 검색된 결과가 없습니다.
[20170718, 대구]   4건의 결과가 검색되었습니다.
[20170518, 포항] 검색된 결과가 없습니다.
[20170624, 원주] 검색된 결과가 없습니다.
[20170512, 제주]  73건의 결과가 검색되었습니다.
[20170710, 여수]   2건의 결과가 검색되었습니다.
[20170905, 청주]   1건의 결과가 검색되었습니다.
[20171116, 군산] 검색된 결과가 없습니다.
[20171109, 광주]   5건의 결과가 검색되었습니다.
[20170705, 제주]  29건의 결과가 검색되었습니다.
[20170126, 무안] 검색된 결과가 없습니다.
[20170624, 군산] 검색된 결과가 없습니다.
[20170927, 군산]   1건의 결과가 검색되었습니다.
[20170705, 여수] 검색된 결과가 없습니다.
[20170516, 무안] 검색된 결과가 없습니다.
[20170602, 여수]   1건의 결과가 검색되었습니다.
[20171119, 포항] 검색된 결과가 없습니다.
[20170127, 대구] 검색된 결과가 없습니다.
[20170825, 광주]   4건의 결과가 검색되었습니다.
[20170928, 김포]  19건의 결과가 검색되었습니다.
[20170710, 포항] 검색된 결과가 없습니다.
[20170725, 울산]   3건의 결과가 검색되었습니다.
[20170420, 무안] 검색된 결과가 없습니다.
[20171109, 김포]  16건의 결과가 검색되었습니다.
[20170606, 청주] 검색된 결과가 없습니다.
[20170927, 원주] 검색된 결과가 없습니다.
[20170130, 원주] 검색된 결과가 없습니다.
[20170424, 군산] 검색된 결과가 없습니다.
[20170518, 여수]   1건의 결과가 검색되었습니다.
[20170608, 사천] 검색된 결과가 없습니다.
[20170915, 양양] 검색된 결과가 없습니다.
[20170328, 여수]   1건의 결과가 검색되었습니다.
[20170802, 대구]   4건의 결과가 검색되었습니다.
[20170630, 대구] 검색된 결과가 없습니다.
[20170827, 사천] 검색된 결과가 없습니다.
[20171117, 무안] 검색된 결과가 없습니다.
[20170406, 제주] 133건의 결과가 검색되었습니다.
[20170514, 여수] 검색된 결과가 없습니다.
[20170118, 대구]   4건의 결과가 검색되었습니다.
[20170222, 양양] 검색된 결과가 없습니다.
[20170715, 청주]  11건의 결과가 검색되었습니다.
[20171221, 울산]   4건의 결과가 검색되었습니다.
[20170421, 제주]  77건의 결과가 검색되었습니다.
[20170107, 대구]   2건의 결과가 검색되었습니다.
[20170208, 원주] 검색된 결과가 없습니다.
[20171119, 사천]   1건의 결과가 검색되었습니다.
[20170809, 군산] 검색된 결과가 없습니다.
[20170617, 원주] 검색된 결과가 없습니다.
[20171231, 무안] 검색된 결과가 없습니다.
[20170208, 울산] 검색된 결과가 없습니다.
[20171125, 김포]  32건의 결과가 검색되었습니다.
[20170309, 여수] 검색된 결과가 없습니다.
[20170812, 원주] 검색된 결과가 없습니다.
[20170618, 무안] 검색된 결과가 없습니다.
[20170802, 무안] 검색된 결과가 없습니다.
[20170722, 김해]   9건의 결과가 검색되었습니다.
[20170322, 김해]  11건의 결과가 검색되었습니다.
[20170211, 군산] 검색된 결과가 없습니다.
[20170414, 군산]   1건의 결과가 검색되었습니다.
[20170404, 대구] 검색된 결과가 없습니다.
[20171105, 김포]  21건의 결과가 검색되었습니다.
[20170613, 대구]   1건의 결과가 검색되었습니다.
[20170208, 김포]  15건의 결과가 검색되었습니다.
[20170320, 김포]  21건의 결과가 검색되었습니다.
[20170625, 군산] 검색된 결과가 없습니다.
[20170331, 원주] 검색된 결과가 없습니다.
[20170501, 제주] 103건의 결과가 검색되었습니다.
[20170314, 김포]  13건의 결과가 검색되었습니다.
[20171003, 제주]  33건의 결과가 검색되었습니다.
[20170801, 청주]   1건의 결과가 검색되었습니다.
[20170826, 김해]  19건의 결과가 검색되었습니다.
[20170904, 김해]   9건의 결과가 검색되었습니다.
[20170715, 군산] 검색된 결과가 없습니다.
[20171028, 원주] 검색된 결과가 없습니다.
[20170301, 여수]   2건의 결과가 검색되었습니다.
[20170514, 청주]   1건의 결과가 검색되었습니다.
[20171111, 사천] 검색된 결과가 없습니다.
[20170203, 사천] 검색된 결과가 없습니다.
[20170820, 군산]   1건의 결과가 검색되었습니다.
[20170628, 여수] 검색된 결과가 없습니다.
[20171207, 군산]   2건의 결과가 검색되었습니다.
[20170705, 양양] 검색된 결과가 없습니다.
[20170725, 제주]   9건의 결과가 검색되었습니다.
[20170911, 군산]   1건의 결과가 검색되었습니다.
[20170523, 울산] 검색된 결과가 없습니다.
[20170306, 원주] 검색된 결과가 없습니다.
[20170531, 김포]  15건의 결과가 검색되었습니다.
[20170107, 김포]   7건의 결과가 검색되었습니다.
[20170714, 광주]   3건의 결과가 검색되었습니다.
[20171111, 대구]   1건의 결과가 검색되었습니다.
[20170221, 사천] 검색된 결과가 없습니다.
[20171107, 군산] 검색된 결과가 없습니다.
[20170106, 여수]   2건의 결과가 검색되었습니다.
[20170205, 사천] 검색된 결과가 없습니다.
[20170603, 광주] 검색된 결과가 없습니다.
[20170311, 김해]   6건의 결과가 검색되었습니다.
[20170719, 포항] 검색된 결과가 없습니다.
[20171016, 광주]   5건의 결과가 검색되었습니다.
[20170113, 대구]   2건의 결과가 검색되었습니다.
[20170619, 여수] 검색된 결과가 없습니다.
[20170215, 포항] 검색된 결과가 없습니다.
[20170622, 군산] 검색된 결과가 없습니다.
[20171223, 김포]  73건의 결과가 검색되었습니다.
[20170828, 울산] 검색된 결과가 없습니다.
[20171006, 양양] 검색된 결과가 없습니다.
[20170717, 무안] 검색된 결과가 없습니다.
[20170416, 군산]   1건의 결과가 검색되었습니다.
[20170217, 대구]   3건의 결과가 검색되었습니다.
[20171025, 김해]   5건의 결과가 검색되었습니다.
[20170121, 대구]   4건의 결과가 검색되었습니다.
[20170808, 울산] 검색된 결과가 없습니다.
[20170818, 원주] 검색된 결과가 없습니다.
[20170810, 여수]   1건의 결과가 검색되었습니다.
[20170119, 김해]  14건의 결과가 검색되었습니다.
[20170108, 사천] 검색된 결과가 없습니다.
[20170801, 군산]   1건의 결과가 검색되었습니다.
[20170503, 원주] 검색된 결과가 없습니다.
[20170319, 사천] 검색된 결과가 없습니다.
[20170626, 김해]  17건의 결과가 검색되었습니다.
[20171016, 청주]   3건의 결과가 검색되었습니다.
[20170517, 제주]  11건의 결과가 검색되었습니다.
[20170409, 울산] 검색된 결과가 없습니다.
[20170610, 군산] 검색된 결과가 없습니다.
[20171204, 울산] 검색된 결과가 없습니다.
[20170928, 청주]   2건의 결과가 검색되었습니다.
[20170829, 사천] 검색된 결과가 없습니다.
[20170423, 광주] 검색된 결과가 없습니다.
[20170907, 원주] 검색된 결과가 없습니다.
[20170915, 광주]  10건의 결과가 검색되었습니다.
[20170716, 광주]   1건의 결과가 검색되었습니다.
[20170525, 김해]  14건의 결과가 검색되었습니다.
[20170613, 김해]  17건의 결과가 검색되었습니다.
[20170513, 제주]  29건의 결과가 검색되었습니다.
[20170825, 사천]   1건의 결과가 검색되었습니다.
[20171202, 여수] 검색된 결과가 없습니다.
[20170420, 원주] 검색된 결과가 없습니다.
[20170518, 김포]  23건의 결과가 검색되었습니다.
[20171204, 김포]   6건의 결과가 검색되었습니다.
[20170907, 양양] 검색된 결과가 없습니다.
[20171119, 청주]   1건의 결과가 검색되었습니다.
[20170112, 울산]   1건의 결과가 검색되었습니다.
[20170128, 무안] 검색된 결과가 없습니다.
[20170521, 군산] 검색된 결과가 없습니다.
[20170607, 울산]   4건의 결과가 검색되었습니다.
[20170612, 김해]  16건의 결과가 검색되었습니다.
[20171221, 무안]   2건의 결과가 검색되었습니다.
[20170612, 포항] 검색된 결과가 없습니다.
[20170525, 울산]   1건의 결과가 검색되었습니다.
[20170613, 제주]  39건의 결과가 검색되었습니다.
[20170111, 사천] 검색된 결과가 없습니다.
[20171014, 김포]   4건의 결과가 검색되었습니다.
[20170718, 울산]   1건의 결과가 검색되었습니다.
[20171130, 여수] 검색된 결과가 없습니다.
[20170909, 포항] 검색된 결과가 없습니다.
[20170403, 사천]   1건의 결과가 검색되었습니다.
[20171111, 양양] 검색된 결과가 없습니다.
[20170106, 양양] 검색된 결과가 없습니다.
[20170620, 울산] 검색된 결과가 없습니다.
[20170618, 양양] 검색된 결과가 없습니다.
[20170530, 김해]  15건의 결과가 검색되었습니다.
[20170418, 포항] 검색된 결과가 없습니다.
