[20170108, 청주] 검색된 결과가 없습니다.
[20170318, 김해]  14건의 결과가 검색되었습니다.
[20170824, 포항] 검색된 결과가 없습니다.
[20170502, 울산] 검색된 결과가 없습니다.
[20171117, 광주]   9건의 결과가 검색되었습니다.
[20171018, 대구]   5건의 결과가 검색되었습니다.
[20170309, 여수] 검색된 결과가 없습니다.
[20171111, 울산] 검색된 결과가 없습니다.
[20170321, 청주] 검색된 결과가 없습니다.
[20171222, 울산] 검색된 결과가 없습니다.
[20170805, 울산] 검색된 결과가 없습니다.
[20170224, 원주] 검색된 결과가 없습니다.
[20170308, 양양] 검색된 결과가 없습니다.
[20171221, 김해]  32건의 결과가 검색되었습니다.
[20170520, 김포]  14건의 결과가 검색되었습니다.
[20171106, 원주] 검색된 결과가 없습니다.
[20170626, 제주]  83건의 결과가 검색되었습니다.
[20170617, 제주]  34건의 결과가 검색되었습니다.
[20170108, 군산] 검색된 결과가 없습니다.
[20170907, 여수] 검색된 결과가 없습니다.
[20170503, 광주]   1건의 결과가 검색되었습니다.
[20171021, 무안] 검색된 결과가 없습니다.
[20170316, 군산] 검색된 결과가 없습니다.
[20170512, 사천]   2건의 결과가 검색되었습니다.
[20171227, 대구]   2건의 결과가 검색되었습니다.
[20170123, 군산]   2건의 결과가 검색되었습니다.
[20170912, 울산] 검색된 결과가 없습니다.
[20170205, 무안] 검색된 결과가 없습니다.
[20170723, 포항] 검색된 결과가 없습니다.
[20170208, 여수] 검색된 결과가 없습니다.
[20170621, 제주]  17건의 결과가 검색되었습니다.
[20170726, 광주]   3건의 결과가 검색되었습니다.
[20170407, 청주]   1건의 결과가 검색되었습니다.
[20170601, 청주]   2건의 결과가 검색되었습니다.
[20170312, 여수] 검색된 결과가 없습니다.
[20171011, 울산]   1건의 결과가 검색되었습니다.
[20170611, 대구]   3건의 결과가 검색되었습니다.
[20170818, 여수]   1건의 결과가 검색되었습니다.
[20170207, 여수] 검색된 결과가 없습니다.
[20171010, 원주] 검색된 결과가 없습니다.
[20170628, 김포]  28건의 결과가 검색되었습니다.
[20171225, 청주]   5건의 결과가 검색되었습니다.
[20170417, 청주]   6건의 결과가 검색되었습니다.
[20170430, 광주]   4건의 결과가 검색되었습니다.
[20170212, 대구] 검색된 결과가 없습니다.
[20171115, 원주] 검색된 결과가 없습니다.
[20171205, 양양] 검색된 결과가 없습니다.
[20170718, 포항] 검색된 결과가 없습니다.
[20170714, 군산] 검색된 결과가 없습니다.
[20170908, 울산]   1건의 결과가 검색되었습니다.
[20170919, 군산] 검색된 결과가 없습니다.
[20170520, 김해]  11건의 결과가 검색되었습니다.
[20170328, 광주]   6건의 결과가 검색되었습니다.
[20171009, 제주]  24건의 결과가 검색되었습니다.
[20170712, 무안] 검색된 결과가 없습니다.
[20171229, 울산]   1건의 결과가 검색되었습니다.
[20171004, 청주]   2건의 결과가 검색되었습니다.
[20171104, 포항] 검색된 결과가 없습니다.
[20170718, 사천] 검색된 결과가 없습니다.
[20170409, 무안] 검색된 결과가 없습니다.
[20171129, 김포]   7건의 결과가 검색되었습니다.
[20170910, 포항] 검색된 결과가 없습니다.
[20170109, 군산]   1건의 결과가 검색되었습니다.
[20170426, 군산] 검색된 결과가 없습니다.
[20170306, 울산] 검색된 결과가 없습니다.
[20171213, 사천]   1건의 결과가 검색되었습니다.
[20170922, 양양] 검색된 결과가 없습니다.
[20171210, 양양] 검색된 결과가 없습니다.
[20170113, 사천]   1건의 결과가 검색되었습니다.
[20170814, 사천]   2건의 결과가 검색되었습니다.
[20170330, 김포]  30건의 결과가 검색되었습니다.
[20171119, 원주] 검색된 결과가 없습니다.
[20171204, 원주] 검색된 결과가 없습니다.
[20170317, 광주]   2건의 결과가 검색되었습니다.
[20170719, 제주]  27건의 결과가 검색되었습니다.
[20170125, 김해]  20건의 결과가 검색되었습니다.
[20171218, 무안] 검색된 결과가 없습니다.
[20170805, 원주] 검색된 결과가 없습니다.
[20171011, 포항] 검색된 결과가 없습니다.
[20170628, 김해]  23건의 결과가 검색되었습니다.
[20170323, 김포]  11건의 결과가 검색되었습니다.
[20170916, 광주]   3건의 결과가 검색되었습니다.
[20170109, 청주]   3건의 결과가 검색되었습니다.
[20170304, 김포]  11건의 결과가 검색되었습니다.
[20170611, 여수]   2건의 결과가 검색되었습니다.
[20170818, 대구] 검색된 결과가 없습니다.
[20171231, 여수] 검색된 결과가 없습니다.
[20170106, 양양] 검색된 결과가 없습니다.
[20171108, 군산]   1건의 결과가 검색되었습니다.
[20171212, 제주]  16건의 결과가 검색되었습니다.
[20171022, 청주]   1건의 결과가 검색되었습니다.
[20170223, 청주]   2건의 결과가 검색되었습니다.
[20170914, 사천] 검색된 결과가 없습니다.
[20170511, 원주] 검색된 결과가 없습니다.
[20170823, 광주]   8건의 결과가 검색되었습니다.
[20170208, 울산] 검색된 결과가 없습니다.
