[20180427, 군산]   1건의 결과가 검색되었습니다.
[20180807, 김해]  10건의 결과가 검색되었습니다.
[20181026, 울산]   1건의 결과가 검색되었습니다.
[20181121, 사천] 검색된 결과가 없습니다.
[20180310, 광주]   6건의 결과가 검색되었습니다.
[20181009, 군산]   1건의 결과가 검색되었습니다.
[20181106, 울산] 검색된 결과가 없습니다.
[20181007, 광주]   1건의 결과가 검색되었습니다.
[20180120, 여수] 검색된 결과가 없습니다.
[20181222, 제주]  47건의 결과가 검색되었습니다.
[20180731, 광주]   2건의 결과가 검색되었습니다.
[20180417, 여수] 검색된 결과가 없습니다.
[20181007, 김포]  14건의 결과가 검색되었습니다.
[20180701, 김해]  20건의 결과가 검색되었습니다.
[20180811, 대구]   2건의 결과가 검색되었습니다.
[20180703, 군산] 검색된 결과가 없습니다.
[20180804, 광주] 검색된 결과가 없습니다.
[20181002, 사천] 검색된 결과가 없습니다.
[20180619, 군산] 검색된 결과가 없습니다.
[20180308, 군산]   1건의 결과가 검색되었습니다.
[20180126, 양양] 검색된 결과가 없습니다.
[20180921, 군산] 검색된 결과가 없습니다.
[20181224, 무안] 검색된 결과가 없습니다.
[20181206, 무안] 검색된 결과가 없습니다.
[20180815, 제주]  55건의 결과가 검색되었습니다.
[20180508, 무안]   1건의 결과가 검색되었습니다.
[20180913, 군산]   1건의 결과가 검색되었습니다.
[20181029, 대구]   5건의 결과가 검색되었습니다.
[20180802, 사천] 검색된 결과가 없습니다.
[20180111, 청주]  15건의 결과가 검색되었습니다.
[20180702, 무안] 검색된 결과가 없습니다.
[20181103, 김포]  12건의 결과가 검색되었습니다.
[20180402, 대구]   4건의 결과가 검색되었습니다.
[20180226, 울산]   3건의 결과가 검색되었습니다.
[20181011, 무안] 검색된 결과가 없습니다.
[20180212, 양양]   1건의 결과가 검색되었습니다.
[20180720, 군산] 검색된 결과가 없습니다.
[20180313, 원주] 검색된 결과가 없습니다.
[20180623, 군산]   1건의 결과가 검색되었습니다.
[20180530, 여수] 검색된 결과가 없습니다.
[20180331, 대구]   5건의 결과가 검색되었습니다.
[20180826, 여수] 검색된 결과가 없습니다.
[20181119, 대구]   1건의 결과가 검색되었습니다.
[20180916, 무안]   1건의 결과가 검색되었습니다.
[20180328, 울산]   2건의 결과가 검색되었습니다.
[20180331, 원주] 검색된 결과가 없습니다.
[20181015, 군산] 검색된 결과가 없습니다.
[20180707, 군산] 검색된 결과가 없습니다.
[20180730, 제주]  46건의 결과가 검색되었습니다.
[20180306, 김포]  20건의 결과가 검색되었습니다.
[20180309, 대구]   5건의 결과가 검색되었습니다.
[20180324, 김포]  28건의 결과가 검색되었습니다.
[20180415, 청주] 검색된 결과가 없습니다.
[20180913, 대구]  11건의 결과가 검색되었습니다.
[20181130, 김포]  10건의 결과가 검색되었습니다.
[20181028, 포항] 검색된 결과가 없습니다.
[20180212, 대구]   3건의 결과가 검색되었습니다.
[20180429, 김포]  24건의 결과가 검색되었습니다.
[20180129, 무안]   1건의 결과가 검색되었습니다.
[20180421, 사천] 검색된 결과가 없습니다.
[20180619, 대구]   1건의 결과가 검색되었습니다.
[20180305, 군산] 검색된 결과가 없습니다.
[20180929, 울산] 검색된 결과가 없습니다.
[20181123, 포항] 검색된 결과가 없습니다.
[20180630, 청주]   2건의 결과가 검색되었습니다.
[20181204, 군산]   1건의 결과가 검색되었습니다.
[20180827, 제주]  99건의 결과가 검색되었습니다.
[20181116, 원주] 검색된 결과가 없습니다.
[20180425, 김포]  30건의 결과가 검색되었습니다.
[20180319, 양양] 검색된 결과가 없습니다.
[20180621, 광주]   2건의 결과가 검색되었습니다.
[20180217, 양양] 검색된 결과가 없습니다.
[20181019, 울산]   1건의 결과가 검색되었습니다.
[20180709, 사천]   1건의 결과가 검색되었습니다.
[20180714, 무안] 검색된 결과가 없습니다.
[20181207, 포항]   1건의 결과가 검색되었습니다.
[20180326, 사천] 검색된 결과가 없습니다.
[20180419, 사천] 검색된 결과가 없습니다.
[20180418, 대구]   4건의 결과가 검색되었습니다.
[20180612, 대구]   2건의 결과가 검색되었습니다.
[20180406, 포항]   1건의 결과가 검색되었습니다.
[20180109, 제주]  62건의 결과가 검색되었습니다.
[20180811, 양양] 검색된 결과가 없습니다.
[20180206, 포항] 검색된 결과가 없습니다.
[20180109, 원주]   1건의 결과가 검색되었습니다.
[20180624, 여수] 검색된 결과가 없습니다.
[20180922, 양양]   1건의 결과가 검색되었습니다.
[20180707, 광주] 검색된 결과가 없습니다.
[20180713, 무안] 검색된 결과가 없습니다.
[20180809, 무안] 검색된 결과가 없습니다.
[20181112, 김포]  15건의 결과가 검색되었습니다.
[20180418, 양양] 검색된 결과가 없습니다.
[20180710, 울산]   1건의 결과가 검색되었습니다.
[20180105, 청주]   2건의 결과가 검색되었습니다.
[20180320, 제주]  94건의 결과가 검색되었습니다.
[20180107, 울산] 검색된 결과가 없습니다.
[20181129, 원주] 검색된 결과가 없습니다.
[20180817, 무안] 검색된 결과가 없습니다.
[20181025, 무안] 검색된 결과가 없습니다.
[20180907, 여수] 검색된 결과가 없습니다.
[20181202, 울산] 검색된 결과가 없습니다.
[20181123, 대구]   4건의 결과가 검색되었습니다.
[20180124, 청주]   7건의 결과가 검색되었습니다.
[20180120, 울산]   2건의 결과가 검색되었습니다.
[20181001, 김해]   2건의 결과가 검색되었습니다.
[20181018, 원주] 검색된 결과가 없습니다.
