[20180222, 김포]  53건의 결과가 검색되었습니다.
[20180523, 광주]   4건의 결과가 검색되었습니다.
[20180718, 군산]   1건의 결과가 검색되었습니다.
[20181228, 제주] 110건의 결과가 검색되었습니다.
[20180120, 제주]  35건의 결과가 검색되었습니다.
[20181104, 무안] 검색된 결과가 없습니다.
[20181011, 제주] 116건의 결과가 검색되었습니다.
[20180120, 청주]   1건의 결과가 검색되었습니다.
[20180326, 김해]  13건의 결과가 검색되었습니다.
[20181102, 여수]   1건의 결과가 검색되었습니다.
[20180202, 무안] 검색된 결과가 없습니다.
[20180915, 군산]   2건의 결과가 검색되었습니다.
[20180128, 포항] 검색된 결과가 없습니다.
[20181004, 포항] 검색된 결과가 없습니다.
[20180721, 울산]   1건의 결과가 검색되었습니다.
[20181024, 무안] 검색된 결과가 없습니다.
[20180316, 양양] 검색된 결과가 없습니다.
[20181225, 양양] 검색된 결과가 없습니다.
[20180726, 울산] 검색된 결과가 없습니다.
[20180315, 여수] 검색된 결과가 없습니다.
[20180618, 울산] 검색된 결과가 없습니다.
[20181001, 양양] 검색된 결과가 없습니다.
[20180526, 제주]  30건의 결과가 검색되었습니다.
[20180913, 무안]   1건의 결과가 검색되었습니다.
[20180222, 양양] 검색된 결과가 없습니다.
[20181009, 김해]   8건의 결과가 검색되었습니다.
[20180514, 김포]  39건의 결과가 검색되었습니다.
[20180111, 여수]   4건의 결과가 검색되었습니다.
[20181002, 대구]   2건의 결과가 검색되었습니다.
[20181004, 원주] 검색된 결과가 없습니다.
[20180425, 포항] 검색된 결과가 없습니다.
[20180513, 청주]   1건의 결과가 검색되었습니다.
[20181118, 울산] 검색된 결과가 없습니다.
[20180615, 무안] 검색된 결과가 없습니다.
[20180521, 김포]  19건의 결과가 검색되었습니다.
[20180812, 군산] 검색된 결과가 없습니다.
[20180303, 김포]  12건의 결과가 검색되었습니다.
[20181013, 광주]   3건의 결과가 검색되었습니다.
[20181003, 제주]  37건의 결과가 검색되었습니다.
[20181005, 광주]   9건의 결과가 검색되었습니다.
[20180327, 대구]   2건의 결과가 검색되었습니다.
[20180615, 포항]   1건의 결과가 검색되었습니다.
[20180521, 청주] 검색된 결과가 없습니다.
[20180313, 울산]   2건의 결과가 검색되었습니다.
[20180522, 김포]  19건의 결과가 검색되었습니다.
[20180123, 울산] 검색된 결과가 없습니다.
[20181202, 군산]   1건의 결과가 검색되었습니다.
[20181129, 제주]  22건의 결과가 검색되었습니다.
[20180124, 양양] 검색된 결과가 없습니다.
[20181219, 울산] 검색된 결과가 없습니다.
[20180512, 무안] 검색된 결과가 없습니다.
[20180624, 여수] 검색된 결과가 없습니다.
[20181211, 대구]   2건의 결과가 검색되었습니다.
[20181220, 원주] 검색된 결과가 없습니다.
[20181125, 군산]   1건의 결과가 검색되었습니다.
[20180802, 청주]   6건의 결과가 검색되었습니다.
[20181206, 대구]   3건의 결과가 검색되었습니다.
[20180509, 울산] 검색된 결과가 없습니다.
[20180808, 청주]   5건의 결과가 검색되었습니다.
[20180604, 제주]  55건의 결과가 검색되었습니다.
[20180426, 사천] 검색된 결과가 없습니다.
[20180208, 양양]   1건의 결과가 검색되었습니다.
[20180122, 사천] 검색된 결과가 없습니다.
[20180708, 군산] 검색된 결과가 없습니다.
[20180318, 광주] 검색된 결과가 없습니다.
[20180108, 제주]  56건의 결과가 검색되었습니다.
[20180911, 무안] 검색된 결과가 없습니다.
[20181103, 군산] 검색된 결과가 없습니다.
[20180826, 포항]   3건의 결과가 검색되었습니다.
[20180116, 청주]   2건의 결과가 검색되었습니다.
[20180603, 군산] 검색된 결과가 없습니다.
[20180701, 포항]   1건의 결과가 검색되었습니다.
[20180101, 울산] 검색된 결과가 없습니다.
[20180103, 사천] 검색된 결과가 없습니다.
[20181214, 사천] 검색된 결과가 없습니다.
[20180414, 대구]   8건의 결과가 검색되었습니다.
[20181127, 양양] 검색된 결과가 없습니다.
[20180525, 여수]   1건의 결과가 검색되었습니다.
[20180403, 사천]   1건의 결과가 검색되었습니다.
[20180131, 제주]  57건의 결과가 검색되었습니다.
[20180724, 포항] 검색된 결과가 없습니다.
[20181216, 광주]   1건의 결과가 검색되었습니다.
[20180426, 원주] 검색된 결과가 없습니다.
[20181024, 청주]  17건의 결과가 검색되었습니다.
[20180619, 원주] 검색된 결과가 없습니다.
[20180126, 여수]   2건의 결과가 검색되었습니다.
[20181007, 포항] 검색된 결과가 없습니다.
[20181230, 김해]   7건의 결과가 검색되었습니다.
[20181107, 청주]   2건의 결과가 검색되었습니다.
[20181106, 제주]  41건의 결과가 검색되었습니다.
[20180518, 김포]  59건의 결과가 검색되었습니다.
[20180211, 원주] 검색된 결과가 없습니다.
[20180111, 광주]  16건의 결과가 검색되었습니다.
[20180108, 여수]   1건의 결과가 검색되었습니다.
[20180401, 김포]  15건의 결과가 검색되었습니다.
[20180206, 포항] 검색된 결과가 없습니다.
[20180816, 청주]   1건의 결과가 검색되었습니다.
[20180704, 사천] 검색된 결과가 없습니다.
[20180310, 포항] 검색된 결과가 없습니다.
[20180108, 청주]   3건의 결과가 검색되었습니다.
[20180408, 여수]   2건의 결과가 검색되었습니다.
[20181215, 광주] 검색된 결과가 없습니다.
[20180902, 제주]  42건의 결과가 검색되었습니다.
[20180520, 김해]   6건의 결과가 검색되었습니다.
[20180327, 여수] 검색된 결과가 없습니다.
[20180324, 여수] 검색된 결과가 없습니다.
[20180507, 제주] 126건의 결과가 검색되었습니다.
[20180523, 김포]  11건의 결과가 검색되었습니다.
[20181002, 여수]   1건의 결과가 검색되었습니다.
[20180208, 대구]  11건의 결과가 검색되었습니다.
[20180805, 양양] 검색된 결과가 없습니다.
[20180731, 포항] 검색된 결과가 없습니다.
[20180111, 대구]  13건의 결과가 검색되었습니다.
[20180709, 광주]   2건의 결과가 검색되었습니다.
[20181212, 대구]   4건의 결과가 검색되었습니다.
[20181124, 대구]   4건의 결과가 검색되었습니다.
[20180220, 대구]   2건의 결과가 검색되었습니다.
[20180416, 양양] 검색된 결과가 없습니다.
[20180217, 원주] 검색된 결과가 없습니다.
[20180503, 김해]  10건의 결과가 검색되었습니다.
[20180611, 포항] 검색된 결과가 없습니다.
[20180630, 양양] 검색된 결과가 없습니다.
[20180714, 군산] 검색된 결과가 없습니다.
[20180722, 양양] 검색된 결과가 없습니다.
[20180416, 군산]   3건의 결과가 검색되었습니다.
[20180205, 김포]  84건의 결과가 검색되었습니다.
[20180811, 제주]  59건의 결과가 검색되었습니다.
[20180523, 여수] 검색된 결과가 없습니다.
[20180207, 무안]   2건의 결과가 검색되었습니다.
[20181228, 울산]   1건의 결과가 검색되었습니다.
[20180817, 양양] 검색된 결과가 없습니다.
[20180512, 대구]   5건의 결과가 검색되었습니다.
[20180829, 여수]   2건의 결과가 검색되었습니다.
[20180920, 김해]  20건의 결과가 검색되었습니다.
[20180916, 사천] 검색된 결과가 없습니다.
[20180426, 김포]   5건의 결과가 검색되었습니다.
[20181115, 김해]   5건의 결과가 검색되었습니다.
[20180401, 여수] 검색된 결과가 없습니다.
[20180719, 광주]   3건의 결과가 검색되었습니다.
[20181024, 제주]  92건의 결과가 검색되었습니다.
[20180712, 군산]   1건의 결과가 검색되었습니다.
[20180712, 울산] 검색된 결과가 없습니다.
[20180823, 군산]   3건의 결과가 검색되었습니다.
[20181001, 여수]   1건의 결과가 검색되었습니다.
[20180202, 제주]  36건의 결과가 검색되었습니다.
[20180606, 무안] 검색된 결과가 없습니다.
[20180415, 제주]  21건의 결과가 검색되었습니다.
[20180421, 김해]  13건의 결과가 검색되었습니다.
[20180722, 김포]   8건의 결과가 검색되었습니다.
[20180829, 원주] 검색된 결과가 없습니다.
[20180112, 무안] 검색된 결과가 없습니다.
[20180412, 원주] 검색된 결과가 없습니다.
[20180102, 양양] 검색된 결과가 없습니다.
[20180831, 원주] 검색된 결과가 없습니다.
[20180507, 군산]   1건의 결과가 검색되었습니다.
[20180521, 대구]   2건의 결과가 검색되었습니다.
[20180402, 김해]  11건의 결과가 검색되었습니다.
[20180513, 무안]   2건의 결과가 검색되었습니다.
[20180713, 광주]   2건의 결과가 검색되었습니다.
[20180812, 여수] 검색된 결과가 없습니다.
[20180531, 사천] 검색된 결과가 없습니다.
[20180721, 여수] 검색된 결과가 없습니다.
[20180905, 군산] 검색된 결과가 없습니다.
[20180630, 울산]   6건의 결과가 검색되었습니다.
[20180704, 제주]  18건의 결과가 검색되었습니다.
[20180620, 양양] 검색된 결과가 없습니다.
[20180224, 제주]  37건의 결과가 검색되었습니다.
[20181207, 김포]  18건의 결과가 검색되었습니다.
[20181218, 여수]   1건의 결과가 검색되었습니다.
[20180506, 김해]  64건의 결과가 검색되었습니다.
[20180312, 울산] 검색된 결과가 없습니다.
[20180618, 청주]   1건의 결과가 검색되었습니다.
[20180518, 제주] 115건의 결과가 검색되었습니다.
[20180923, 울산] 검색된 결과가 없습니다.
[20180403, 양양] 검색된 결과가 없습니다.
[20180218, 김해]   3건의 결과가 검색되었습니다.
[20181016, 김해]  15건의 결과가 검색되었습니다.
[20180326, 양양] 검색된 결과가 없습니다.
[20180926, 제주] 115건의 결과가 검색되었습니다.
[20180616, 무안] 검색된 결과가 없습니다.
[20180326, 군산]   1건의 결과가 검색되었습니다.
[20180809, 포항] 검색된 결과가 없습니다.
[20180412, 대구]   1건의 결과가 검색되었습니다.
[20181215, 김포]  12건의 결과가 검색되었습니다.
[20180227, 포항] 검색된 결과가 없습니다.
[20180815, 울산]   4건의 결과가 검색되었습니다.
[20181102, 청주]   2건의 결과가 검색되었습니다.
[20180420, 포항] 검색된 결과가 없습니다.
[20180423, 포항]   4건의 결과가 검색되었습니다.
[20180416, 제주] 106건의 결과가 검색되었습니다.
[20181031, 여수] 검색된 결과가 없습니다.
