[20171114, 사천]  검색된 결과가 없습니다.
[20170203, 군산]  검색된 결과가 없습니다.
[20170307, 여수]  검색된 결과가 없습니다.
[20171116, 여수]  검색된 결과가 없습니다.
[20171226, 대구]   6건의 결과가 검색되었습니다.
[20170319, 청주]   2건의 결과가 검색되었습니다.
[20170315, 포항]  검색된 결과가 없습니다.
[20170710, 청주]   7건의 결과가 검색되었습니다.
[20170508, 김해]   3건의 결과가 검색되었습니다.
[20170408, 김해]  26건의 결과가 검색되었습니다.
[20170623, 김포]  35건의 결과가 검색되었습니다.
[20170805, 김해]  11건의 결과가 검색되었습니다.
[20170112, 원주]  검색된 결과가 없습니다.
[20170219, 대구]   3건의 결과가 검색되었습니다.
[20170607, 대구]   1건의 결과가 검색되었습니다.
[20170405, 광주]   6건의 결과가 검색되었습니다.
[20171129, 무안]  검색된 결과가 없습니다.
[20171024, 울산]  검색된 결과가 없습니다.
[20170211, 사천]  검색된 결과가 없습니다.
[20171214, 무안]  검색된 결과가 없습니다.
[20170404, 울산]  검색된 결과가 없습니다.
[20170806, 대구]   1건의 결과가 검색되었습니다.
[20170625, 양양]  검색된 결과가 없습니다.
[20171209, 대구]   1건의 결과가 검색되었습니다.
[20170530, 울산]   1건의 결과가 검색되었습니다.
[20170412, 제주]  54건의 결과가 검색되었습니다.
[20170218, 청주]   1건의 결과가 검색되었습니다.
[20170306, 군산]  검색된 결과가 없습니다.
[20170314, 포항]  검색된 결과가 없습니다.
[20170528, 김포]  30건의 결과가 검색되었습니다.
[20170824, 울산]   1건의 결과가 검색되었습니다.
[20171214, 여수]  검색된 결과가 없습니다.
[20170623, 광주]  검색된 결과가 없습니다.
[20170902, 여수]   1건의 결과가 검색되었습니다.
[20170919, 여수]  검색된 결과가 없습니다.
[20171227, 청주]   2건의 결과가 검색되었습니다.
[20170202, 제주]   9건의 결과가 검색되었습니다.
[20170209, 청주]   4건의 결과가 검색되었습니다.
[20170118, 원주]  검색된 결과가 없습니다.
[20170104, 군산]  검색된 결과가 없습니다.
[20171206, 양양]  검색된 결과가 없습니다.
[20170810, 양양]  검색된 결과가 없습니다.
[20171220, 사천]   1건의 결과가 검색되었습니다.
[20171116, 제주]  20건의 결과가 검색되었습니다.
[20170622, 포항]  검색된 결과가 없습니다.
[20171106, 무안]  검색된 결과가 없습니다.
[20170601, 대구]  검색된 결과가 없습니다.
[20170426, 울산]  검색된 결과가 없습니다.
[20170915, 무안]  검색된 결과가 없습니다.
[20170630, 김해]  13건의 결과가 검색되었습니다.
[20171214, 울산]  검색된 결과가 없습니다.
[20171001, 무안]  검색된 결과가 없습니다.
[20170707, 무안]   1건의 결과가 검색되었습니다.
[20170811, 대구]   2건의 결과가 검색되었습니다.
[20171118, 양양]  검색된 결과가 없습니다.
[20170121, 여수]   1건의 결과가 검색되었습니다.
[20171208, 대구]   3건의 결과가 검색되었습니다.
[20170129, 김해]  19건의 결과가 검색되었습니다.
[20170724, 포항]   1건의 결과가 검색되었습니다.
[20171027, 대구]   6건의 결과가 검색되었습니다.
[20171009, 포항]  검색된 결과가 없습니다.
[20170515, 김포]   1건의 결과가 검색되었습니다.
[20171006, 김포]  33건의 결과가 검색되었습니다.
[20170701, 대구]   4건의 결과가 검색되었습니다.
[20170524, 광주]   4건의 결과가 검색되었습니다.
[20170415, 양양]  검색된 결과가 없습니다.
[20170501, 군산]   2건의 결과가 검색되었습니다.
[20170921, 대구]   4건의 결과가 검색되었습니다.
[20170111, 무안]  검색된 결과가 없습니다.
[20170330, 청주]   2건의 결과가 검색되었습니다.
[20170721, 포항]  검색된 결과가 없습니다.
[20171022, 포항]   1건의 결과가 검색되었습니다.
[20171028, 제주]  95건의 결과가 검색되었습니다.
[20171112, 제주]  19건의 결과가 검색되었습니다.
[20170127, 김해]   9건의 결과가 검색되었습니다.
[20171213, 대구]   3건의 결과가 검색되었습니다.
[20170416, 광주]   5건의 결과가 검색되었습니다.
[20170117, 김해]  16건의 결과가 검색되었습니다.
[20170326, 군산]  검색된 결과가 없습니다.
[20170120, 김포] 125건의 결과가 검색되었습니다.
[20171006, 광주]   5건의 결과가 검색되었습니다.
[20170126, 제주]  30건의 결과가 검색되었습니다.
[20170805, 광주]  검색된 결과가 없습니다.
[20170116, 제주]  77건의 결과가 검색되었습니다.
[20171007, 광주]   3건의 결과가 검색되었습니다.
[20171224, 청주]   7건의 결과가 검색되었습니다.
[20170708, 김해]   7건의 결과가 검색되었습니다.
[20170509, 포항]  검색된 결과가 없습니다.
[20170601, 제주]  45건의 결과가 검색되었습니다.
[20170808, 여수]  검색된 결과가 없습니다.
[20170518, 양양]  검색된 결과가 없습니다.
[20170908, 무안]   1건의 결과가 검색되었습니다.
[20170420, 김해]  11건의 결과가 검색되었습니다.
[20170305, 울산]   1건의 결과가 검색되었습니다.
[20170812, 대구]  검색된 결과가 없습니다.
[20170311, 대구]   1건의 결과가 검색되었습니다.
[20170402, 여수]   2건의 결과가 검색되었습니다.
[20171227, 제주]  27건의 결과가 검색되었습니다.
[20170412, 김해]  19건의 결과가 검색되었습니다.
[20170525, 제주]  29건의 결과가 검색되었습니다.
[20170220, 제주] 136건의 결과가 검색되었습니다.
[20171205, 포항]  검색된 결과가 없습니다.
[20171009, 울산]  검색된 결과가 없습니다.
[20171219, 김포]  15건의 결과가 검색되었습니다.
[20170331, 여수]  검색된 결과가 없습니다.
[20170711, 울산]  검색된 결과가 없습니다.
[20170406, 김포]  83건의 결과가 검색되었습니다.
[20171017, 무안]  검색된 결과가 없습니다.
[20170704, 군산]   1건의 결과가 검색되었습니다.
[20171007, 김포]  16건의 결과가 검색되었습니다.
[20170412, 군산]   1건의 결과가 검색되었습니다.
[20171215, 사천]  검색된 결과가 없습니다.
[20170228, 원주]  검색된 결과가 없습니다.
[20170328, 제주]  68건의 결과가 검색되었습니다.
[20170405, 양양]  검색된 결과가 없습니다.
[20171102, 무안]  검색된 결과가 없습니다.
[20170113, 군산]   2건의 결과가 검색되었습니다.
[20171019, 김해]   3건의 결과가 검색되었습니다.
[20170316, 김해]   7건의 결과가 검색되었습니다.
[20170329, 광주]   1건의 결과가 검색되었습니다.
[20170810, 김해]   3건의 결과가 검색되었습니다.
[20170927, 포항]   2건의 결과가 검색되었습니다.
[20170212, 포항]  검색된 결과가 없습니다.
[20171012, 대구]  검색된 결과가 없습니다.
[20171225, 포항]   1건의 결과가 검색되었습니다.
[20171105, 제주]  59건의 결과가 검색되었습니다.
[20171117, 사천]  검색된 결과가 없습니다.
[20171029, 원주]  검색된 결과가 없습니다.
[20171014, 무안]  검색된 결과가 없습니다.
[20170919, 양양]  검색된 결과가 없습니다.
[20171115, 청주]  검색된 결과가 없습니다.
[20170501, 대구]   7건의 결과가 검색되었습니다.
[20170502, 여수]   1건의 결과가 검색되었습니다.
[20170514, 김포]  17건의 결과가 검색되었습니다.
[20171130, 제주]  28건의 결과가 검색되었습니다.
[20170918, 김포]  17건의 결과가 검색되었습니다.
[20171016, 김해]  11건의 결과가 검색되었습니다.
[20170827, 김해]  17건의 결과가 검색되었습니다.
[20170219, 광주]   5건의 결과가 검색되었습니다.
[20170607, 광주]   5건의 결과가 검색되었습니다.
[20170605, 여수]  검색된 결과가 없습니다.
[20171012, 울산]  검색된 결과가 없습니다.
[20170723, 대구]   3건의 결과가 검색되었습니다.
[20171225, 양양]  검색된 결과가 없습니다.
[20170508, 대구]   2건의 결과가 검색되었습니다.
[20170302, 제주]  18건의 결과가 검색되었습니다.
[20170619, 포항]  검색된 결과가 없습니다.
[20170921, 청주]   4건의 결과가 검색되었습니다.
[20171205, 울산]  검색된 결과가 없습니다.
[20170815, 무안]  검색된 결과가 없습니다.
[20170417, 포항]   1건의 결과가 검색되었습니다.
[20171001, 청주]   5건의 결과가 검색되었습니다.
[20170301, 광주]   5건의 결과가 검색되었습니다.
[20170910, 원주]  검색된 결과가 없습니다.
[20170715, 울산]  검색된 결과가 없습니다.
[20170410, 김해]  16건의 결과가 검색되었습니다.
[20170408, 군산]  검색된 결과가 없습니다.
[20170714, 사천]   1건의 결과가 검색되었습니다.
[20170213, 군산]  검색된 결과가 없습니다.
[20171009, 청주]  검색된 결과가 없습니다.
[20170710, 양양]  검색된 결과가 없습니다.
[20170616, 울산]   3건의 결과가 검색되었습니다.
[20170203, 사천]  검색된 결과가 없습니다.
[20171111, 포항]  검색된 결과가 없습니다.
[20171226, 양양]  검색된 결과가 없습니다.
[20170719, 울산]   1건의 결과가 검색되었습니다.
[20171007, 양양]  검색된 결과가 없습니다.
[20170224, 김해]  17건의 결과가 검색되었습니다.
[20170411, 여수]  검색된 결과가 없습니다.
[20170227, 제주]  44건의 결과가 검색되었습니다.
[20171106, 울산]  검색된 결과가 없습니다.
[20171115, 무안]  검색된 결과가 없습니다.
[20170521, 포항]  검색된 결과가 없습니다.
[20170811, 김해]   9건의 결과가 검색되었습니다.
[20171031, 원주]  검색된 결과가 없습니다.
[20170605, 김포]   7건의 결과가 검색되었습니다.
[20170608, 포항]  검색된 결과가 없습니다.
[20170110, 울산]  검색된 결과가 없습니다.
[20170210, 군산]   1건의 결과가 검색되었습니다.
[20170129, 대구]   3건의 결과가 검색되었습니다.
[20170529, 원주]  검색된 결과가 없습니다.
[20170306, 사천]  검색된 결과가 없습니다.
[20171015, 청주]   2건의 결과가 검색되었습니다.
[20170616, 무안]  검색된 결과가 없습니다.
[20170127, 울산]   1건의 결과가 검색되었습니다.
[20171016, 군산]  검색된 결과가 없습니다.
[20171227, 울산]  검색된 결과가 없습니다.
[20171108, 무안]  검색된 결과가 없습니다.
[20170224, 포항]   1건의 결과가 검색되었습니다.
[20170709, 군산]   1건의 결과가 검색되었습니다.
[20170615, 청주]   3건의 결과가 검색되었습니다.
[20170522, 울산]  검색된 결과가 없습니다.
[20170112, 포항]   1건의 결과가 검색되었습니다.
[20170117, 제주]  49건의 결과가 검색되었습니다.
[20170628, 울산]   2건의 결과가 검색되었습니다.
[20170402, 김해]  29건의 결과가 검색되었습니다.
[20170807, 청주]   3건의 결과가 검색되었습니다.
[20171017, 청주]   3건의 결과가 검색되었습니다.
[20170424, 무안]  검색된 결과가 없습니다.
[20170702, 김해]  34건의 결과가 검색되었습니다.
[20171201, 포항]  검색된 결과가 없습니다.
[20170813, 김해]  14건의 결과가 검색되었습니다.
[20170419, 무안]  검색된 결과가 없습니다.
[20171219, 포항]  검색된 결과가 없습니다.
[20170515, 울산]  검색된 결과가 없습니다.
[20171223, 여수]   1건의 결과가 검색되었습니다.
[20170415, 김포]  27건의 결과가 검색되었습니다.
[20170606, 여수]   1건의 결과가 검색되었습니다.
[20170810, 포항]   2건의 결과가 검색되었습니다.
[20170524, 원주]  검색된 결과가 없습니다.
[20171215, 무안]  검색된 결과가 없습니다.
[20170419, 제주]  30건의 결과가 검색되었습니다.
[20171014, 여수]  검색된 결과가 없습니다.
[20170811, 여수]   2건의 결과가 검색되었습니다.
[20170315, 무안]  검색된 결과가 없습니다.
[20171026, 원주]  검색된 결과가 없습니다.
[20171107, 양양]  검색된 결과가 없습니다.
[20170413, 광주]   5건의 결과가 검색되었습니다.
[20171112, 무안]  검색된 결과가 없습니다.
[20170119, 광주]   3건의 결과가 검색되었습니다.
[20171102, 여수]   1건의 결과가 검색되었습니다.
[20171125, 사천]  검색된 결과가 없습니다.
[20170613, 울산]  검색된 결과가 없습니다.
[20170424, 울산]  검색된 결과가 없습니다.
[20171202, 사천]  검색된 결과가 없습니다.
[20170625, 군산]  검색된 결과가 없습니다.
[20170102, 울산]  검색된 결과가 없습니다.
[20170605, 양양]  검색된 결과가 없습니다.
[20170904, 울산]   1건의 결과가 검색되었습니다.
[20171115, 제주]  29건의 결과가 검색되었습니다.
[20170312, 김포]  18건의 결과가 검색되었습니다.
[20170912, 광주]  검색된 결과가 없습니다.
[20171203, 제주]  56건의 결과가 검색되었습니다.
[20170317, 청주]   2건의 결과가 검색되었습니다.
[20170210, 여수]   2건의 결과가 검색되었습니다.
[20170625, 김포]  22건의 결과가 검색되었습니다.
[20171213, 무안]  검색된 결과가 없습니다.
[20170110, 제주]  33건의 결과가 검색되었습니다.
[20170323, 여수]  검색된 결과가 없습니다.
[20170710, 김포]  88건의 결과가 검색되었습니다.
[20170827, 대구]   6건의 결과가 검색되었습니다.
[20170712, 광주]   1건의 결과가 검색되었습니다.
[20170723, 김해]  18건의 결과가 검색되었습니다.
[20170209, 무안]  검색된 결과가 없습니다.
[20170704, 원주]  검색된 결과가 없습니다.
[20170914, 김해]  16건의 결과가 검색되었습니다.
[20170806, 김포]  21건의 결과가 검색되었습니다.
[20171003, 김포]  16건의 결과가 검색되었습니다.
[20170618, 제주]  22건의 결과가 검색되었습니다.
[20170724, 무안]  검색된 결과가 없습니다.
[20170425, 사천]   1건의 결과가 검색되었습니다.
[20170814, 무안]  검색된 결과가 없습니다.
[20171107, 사천]  검색된 결과가 없습니다.
[20170522, 무안]  검색된 결과가 없습니다.
[20170402, 제주]  68건의 결과가 검색되었습니다.
[20171128, 무안]  검색된 결과가 없습니다.
[20170801, 김포]  38건의 결과가 검색되었습니다.
[20170221, 사천]  검색된 결과가 없습니다.
[20171122, 군산]  검색된 결과가 없습니다.
[20171128, 원주]  검색된 결과가 없습니다.
[20170103, 제주]  41건의 결과가 검색되었습니다.
[20171017, 포항]  검색된 결과가 없습니다.
[20170909, 무안]  검색된 결과가 없습니다.
[20170509, 광주]   5건의 결과가 검색되었습니다.
[20170515, 제주]  검색된 결과가 없습니다.
[20170223, 사천]  검색된 결과가 없습니다.
[20170619, 광주]  검색된 결과가 없습니다.
[20170408, 여수]  검색된 결과가 없습니다.
[20170531, 양양]  검색된 결과가 없습니다.
[20170616, 원주]  검색된 결과가 없습니다.
[20170617, 여수]  검색된 결과가 없습니다.
[20171112, 광주]   1건의 결과가 검색되었습니다.
[20170111, 여수]   2건의 결과가 검색되었습니다.
[20171129, 청주]  검색된 결과가 없습니다.
[20170813, 여수]   1건의 결과가 검색되었습니다.
[20170910, 양양]  검색된 결과가 없습니다.
[20170727, 김포]  30건의 결과가 검색되었습니다.
[20170208, 양양]  검색된 결과가 없습니다.
[20171022, 광주]   6건의 결과가 검색되었습니다.
[20171107, 여수]  검색된 결과가 없습니다.
[20170321, 대구]  검색된 결과가 없습니다.
[20170729, 제주]  23건의 결과가 검색되었습니다.
[20170908, 청주]   3건의 결과가 검색되었습니다.
[20170219, 울산]   3건의 결과가 검색되었습니다.
[20171015, 광주]   8건의 결과가 검색되었습니다.
[20171004, 여수]  검색된 결과가 없습니다.
[20170426, 무안]  검색된 결과가 없습니다.
[20171218, 군산]   1건의 결과가 검색되었습니다.
[20170303, 청주]   1건의 결과가 검색되었습니다.
[20170509, 김포]  21건의 결과가 검색되었습니다.
[20171027, 김포]  23건의 결과가 검색되었습니다.
[20171128, 광주]   3건의 결과가 검색되었습니다.
[20170512, 원주]  검색된 결과가 없습니다.
[20171225, 광주]   3건의 결과가 검색되었습니다.
[20170827, 청주]   1건의 결과가 검색되었습니다.
[20170611, 울산]  검색된 결과가 없습니다.
[20170310, 포항]  검색된 결과가 없습니다.
[20170126, 사천]   1건의 결과가 검색되었습니다.
[20170806, 무안]  검색된 결과가 없습니다.
[20170408, 사천]  검색된 결과가 없습니다.
[20170808, 무안]  검색된 결과가 없습니다.
[20170527, 무안]  검색된 결과가 없습니다.
[20170213, 사천]  검색된 결과가 없습니다.
[20170604, 포항]  검색된 결과가 없습니다.
[20170531, 무안]  검색된 결과가 없습니다.
[20170309, 청주]  검색된 결과가 없습니다.
[20170324, 여수]  검색된 결과가 없습니다.
[20170326, 포항]  검색된 결과가 없습니다.
[20170320, 포항]  검색된 결과가 없습니다.
[20171021, 원주]  검색된 결과가 없습니다.
[20170117, 여수]  검색된 결과가 없습니다.
[20170720, 김해]  24건의 결과가 검색되었습니다.
[20170123, 울산]   3건의 결과가 검색되었습니다.
[20170318, 울산]  검색된 결과가 없습니다.
[20171027, 광주]   8건의 결과가 검색되었습니다.
[20171031, 김해]   5건의 결과가 검색되었습니다.
[20170901, 청주]   4건의 결과가 검색되었습니다.
[20171126, 울산]   4건의 결과가 검색되었습니다.
[20171106, 대구]   5건의 결과가 검색되었습니다.
[20170627, 사천]  검색된 결과가 없습니다.
[20171011, 여수]  검색된 결과가 없습니다.
[20170428, 김해]  30건의 결과가 검색되었습니다.
[20170307, 군산]  검색된 결과가 없습니다.
[20170731, 청주]   6건의 결과가 검색되었습니다.
[20170621, 여수]  검색된 결과가 없습니다.
[20170210, 사천]   1건의 결과가 검색되었습니다.
[20171124, 포항]   1건의 결과가 검색되었습니다.
[20170430, 여수]   1건의 결과가 검색되었습니다.
[20170826, 대구]   3건의 결과가 검색되었습니다.
[20171219, 대구]   2건의 결과가 검색되었습니다.
[20170419, 군산]  검색된 결과가 없습니다.
[20170523, 대구]   1건의 결과가 검색되었습니다.
[20170630, 여수]  검색된 결과가 없습니다.
[20170905, 원주]  검색된 결과가 없습니다.
[20170326, 양양]  검색된 결과가 없습니다.
[20171120, 김포]  34건의 결과가 검색되었습니다.
[20170706, 김포]  38건의 결과가 검색되었습니다.
[20171110, 여수]   5건의 결과가 검색되었습니다.
[20170129, 사천]   2건의 결과가 검색되었습니다.
[20170905, 무안]  검색된 결과가 없습니다.
[20170505, 양양]  검색된 결과가 없습니다.
[20170227, 사천]  검색된 결과가 없습니다.
[20170502, 양양]  검색된 결과가 없습니다.
[20170306, 광주]   2건의 결과가 검색되었습니다.
[20170620, 김해]  15건의 결과가 검색되었습니다.
[20170215, 울산]  검색된 결과가 없습니다.
[20171006, 양양]  검색된 결과가 없습니다.
[20170804, 김해]  10건의 결과가 검색되었습니다.
[20170730, 울산]   2건의 결과가 검색되었습니다.
[20170121, 사천]   1건의 결과가 검색되었습니다.
[20170807, 광주]   2건의 결과가 검색되었습니다.
[20170821, 무안]  검색된 결과가 없습니다.
[20170825, 원주]  검색된 결과가 없습니다.
[20170815, 광주]   2건의 결과가 검색되었습니다.
[20170626, 청주]   3건의 결과가 검색되었습니다.
[20171202, 양양]  검색된 결과가 없습니다.
[20171002, 제주]  82건의 결과가 검색되었습니다.
[20170112, 무안]  검색된 결과가 없습니다.
[20171114, 제주]  30건의 결과가 검색되었습니다.
[20170906, 군산]   1건의 결과가 검색되었습니다.
[20170915, 제주] 126건의 결과가 검색되었습니다.
[20170426, 양양]  검색된 결과가 없습니다.
[20170714, 제주]  64건의 결과가 검색되었습니다.
[20171111, 김포]  11건의 결과가 검색되었습니다.
[20170129, 청주]   2건의 결과가 검색되었습니다.
[20170310, 원주]  검색된 결과가 없습니다.
[20170712, 여수]   1건의 결과가 검색되었습니다.
[20170623, 원주]  검색된 결과가 없습니다.
[20170806, 청주]   1건의 결과가 검색되었습니다.
[20171118, 원주]  검색된 결과가 없습니다.
[20170520, 군산]  검색된 결과가 없습니다.
[20170901, 울산]   2건의 결과가 검색되었습니다.
[20171126, 청주]  11건의 결과가 검색되었습니다.
[20171202, 군산]  검색된 결과가 없습니다.
[20170523, 사천]  검색된 결과가 없습니다.
[20170421, 청주]   2건의 결과가 검색되었습니다.
[20170830, 울산]  검색된 결과가 없습니다.
[20170211, 광주]   3건의 결과가 검색되었습니다.
[20171008, 여수]  검색된 결과가 없습니다.
[20170920, 대구]   2건의 결과가 검색되었습니다.
[20171029, 김해]   5건의 결과가 검색되었습니다.
[20171006, 사천]  검색된 결과가 없습니다.
[20170701, 포항]  검색된 결과가 없습니다.
[20170212, 사천]  검색된 결과가 없습니다.
[20171113, 무안]  검색된 결과가 없습니다.
[20170831, 광주]   3건의 결과가 검색되었습니다.
[20170817, 청주]  검색된 결과가 없습니다.
[20170717, 김포]  55건의 결과가 검색되었습니다.
[20171010, 광주]   1건의 결과가 검색되었습니다.
[20171201, 울산]  검색된 결과가 없습니다.
[20170222, 원주]   1건의 결과가 검색되었습니다.
[20171008, 김포]  18건의 결과가 검색되었습니다.
[20171021, 포항]  검색된 결과가 없습니다.
[20171001, 원주]  검색된 결과가 없습니다.
[20170823, 김포]  50건의 결과가 검색되었습니다.
[20170507, 대구]   2건의 결과가 검색되었습니다.
[20170724, 사천]   1건의 결과가 검색되었습니다.
[20170903, 청주]   2건의 결과가 검색되었습니다.
[20170316, 사천]  검색된 결과가 없습니다.
[20171212, 청주]   2건의 결과가 검색되었습니다.
[20170726, 무안]  검색된 결과가 없습니다.
[20170323, 광주]   3건의 결과가 검색되었습니다.
[20171224, 무안]  검색된 결과가 없습니다.
[20170119, 양양]  검색된 결과가 없습니다.
[20171028, 울산]   1건의 결과가 검색되었습니다.
[20170612, 원주]  검색된 결과가 없습니다.
[20170309, 사천]   1건의 결과가 검색되었습니다.
[20170825, 청주]   2건의 결과가 검색되었습니다.
[20170423, 제주]  50건의 결과가 검색되었습니다.
[20171011, 양양]  검색된 결과가 없습니다.
[20170829, 김포]  16건의 결과가 검색되었습니다.
[20170226, 제주]  21건의 결과가 검색되었습니다.
[20170321, 김해]  11건의 결과가 검색되었습니다.
[20170126, 포항]  검색된 결과가 없습니다.
[20170827, 사천]  검색된 결과가 없습니다.
[20170722, 군산]  검색된 결과가 없습니다.
[20171007, 무안]  검색된 결과가 없습니다.
[20170331, 포항]  검색된 결과가 없습니다.
[20170725, 대구]   1건의 결과가 검색되었습니다.
[20171120, 원주]  검색된 결과가 없습니다.
[20170614, 대구]   2건의 결과가 검색되었습니다.
[20170323, 제주]  41건의 결과가 검색되었습니다.
[20170611, 원주]  검색된 결과가 없습니다.
[20170927, 대구]  검색된 결과가 없습니다.
[20171020, 제주]  68건의 결과가 검색되었습니다.
[20171203, 청주]   2건의 결과가 검색되었습니다.
[20170928, 포항]  검색된 결과가 없습니다.
[20171122, 사천]  검색된 결과가 없습니다.
[20170111, 군산]   1건의 결과가 검색되었습니다.
[20170206, 포항]  검색된 결과가 없습니다.
[20170916, 김포]  37건의 결과가 검색되었습니다.
[20170311, 사천]  검색된 결과가 없습니다.
[20171003, 원주]  검색된 결과가 없습니다.
[20170325, 포항]  검색된 결과가 없습니다.
[20170506, 김해]  18건의 결과가 검색되었습니다.
[20170803, 김해]  14건의 결과가 검색되었습니다.
[20170927, 여수]   2건의 결과가 검색되었습니다.
[20170212, 여수]  검색된 결과가 없습니다.
[20170610, 군산]  검색된 결과가 없습니다.
[20171128, 포항]  검색된 결과가 없습니다.
[20170223, 울산]   1건의 결과가 검색되었습니다.
[20170714, 김해]  16건의 결과가 검색되었습니다.
[20170214, 청주]  18건의 결과가 검색되었습니다.
[20170609, 청주]   3건의 결과가 검색되었습니다.
[20170315, 양양]  검색된 결과가 없습니다.
[20171001, 울산]   5건의 결과가 검색되었습니다.
[20170318, 무안]  검색된 결과가 없습니다.
[20170417, 원주]  검색된 결과가 없습니다.
[20171031, 대구]  검색된 결과가 없습니다.
[20170203, 김해]  13건의 결과가 검색되었습니다.
[20171211, 울산]  검색된 결과가 없습니다.
[20170226, 대구]   1건의 결과가 검색되었습니다.
[20170329, 무안]  검색된 결과가 없습니다.
[20170703, 대구]   2건의 결과가 검색되었습니다.
[20171124, 청주]   6건의 결과가 검색되었습니다.
[20170427, 군산]  검색된 결과가 없습니다.
[20170907, 사천]  검색된 결과가 없습니다.
[20170707, 포항]  검색된 결과가 없습니다.
[20170224, 사천]  검색된 결과가 없습니다.
[20170828, 청주]   1건의 결과가 검색되었습니다.
[20170304, 광주]  검색된 결과가 없습니다.
[20171229, 김포]  19건의 결과가 검색되었습니다.
[20170710, 포항]  검색된 결과가 없습니다.
[20171130, 대구]   1건의 결과가 검색되었습니다.
[20170122, 무안]   1건의 결과가 검색되었습니다.
[20171015, 김해]  11건의 결과가 검색되었습니다.
[20170813, 포항]  검색된 결과가 없습니다.
[20170401, 여수]   2건의 결과가 검색되었습니다.
[20170518, 광주]   3건의 결과가 검색되었습니다.
[20170804, 양양]  검색된 결과가 없습니다.
[20170222, 광주]   6건의 결과가 검색되었습니다.
[20170314, 제주]  37건의 결과가 검색되었습니다.
[20170805, 여수]   1건의 결과가 검색되었습니다.
[20171015, 군산]  검색된 결과가 없습니다.
[20170207, 제주]  22건의 결과가 검색되었습니다.
[20171105, 사천]   1건의 결과가 검색되었습니다.
[20170901, 대구]   5건의 결과가 검색되었습니다.
[20170608, 청주]   3건의 결과가 검색되었습니다.
[20170703, 원주]  검색된 결과가 없습니다.
[20170923, 울산]  검색된 결과가 없습니다.
[20170318, 광주]  검색된 결과가 없습니다.
[20170208, 원주]  검색된 결과가 없습니다.
[20170706, 여수]  검색된 결과가 없습니다.
[20170820, 여수]   2건의 결과가 검색되었습니다.
[20170413, 제주]  22건의 결과가 검색되었습니다.
[20170507, 사천]  검색된 결과가 없습니다.
[20170724, 대구]   2건의 결과가 검색되었습니다.
[20170517, 광주]   5건의 결과가 검색되었습니다.
[20170917, 양양]  검색된 결과가 없습니다.
[20170908, 제주]  73건의 결과가 검색되었습니다.
[20170516, 김해]  11건의 결과가 검색되었습니다.
[20170721, 울산]   1건의 결과가 검색되었습니다.
[20170604, 여수]  검색된 결과가 없습니다.
[20171001, 광주]  12건의 결과가 검색되었습니다.
[20170725, 청주]   2건의 결과가 검색되었습니다.
[20170602, 청주]   5건의 결과가 검색되었습니다.
[20171002, 대구]   5건의 결과가 검색되었습니다.
[20170624, 여수]  검색된 결과가 없습니다.
[20171029, 울산]  검색된 결과가 없습니다.
[20170614, 여수]   2건의 결과가 검색되었습니다.
[20170706, 울산]   1건의 결과가 검색되었습니다.
[20170622, 대구]   2건의 결과가 검색되었습니다.
[20171031, 양양]  검색된 결과가 없습니다.
[20170129, 군산]   1건의 결과가 검색되었습니다.
[20170902, 청주]   5건의 결과가 검색되었습니다.
[20171207, 제주] 121건의 결과가 검색되었습니다.
[20171124, 대구]   4건의 결과가 검색되었습니다.
[20171119, 여수]   1건의 결과가 검색되었습니다.
[20170630, 무안]  검색된 결과가 없습니다.
[20171206, 김해]  12건의 결과가 검색되었습니다.
[20170918, 여수]  검색된 결과가 없습니다.
[20170803, 제주]  69건의 결과가 검색되었습니다.
[20171008, 김해]   6건의 결과가 검색되었습니다.
[20171109, 제주]  42건의 결과가 검색되었습니다.
[20170614, 울산]  검색된 결과가 없습니다.
[20170914, 광주]   5건의 결과가 검색되었습니다.
[20170328, 사천]  검색된 결과가 없습니다.
[20170523, 무안]  검색된 결과가 없습니다.
[20170303, 사천]  검색된 결과가 없습니다.
[20170404, 제주]  47건의 결과가 검색되었습니다.
[20170228, 대구]   3건의 결과가 검색되었습니다.
[20171028, 김해]   9건의 결과가 검색되었습니다.
[20170115, 대구]  검색된 결과가 없습니다.
[20170918, 울산]   2건의 결과가 검색되었습니다.
[20170127, 제주]  27건의 결과가 검색되었습니다.
[20170819, 제주]  46건의 결과가 검색되었습니다.
[20170715, 원주]  검색된 결과가 없습니다.
[20171023, 군산]  검색된 결과가 없습니다.
[20170604, 대구]   2건의 결과가 검색되었습니다.
[20171014, 포항]  검색된 결과가 없습니다.
[20170520, 사천]  검색된 결과가 없습니다.
[20170218, 제주]  26건의 결과가 검색되었습니다.
[20170321, 제주]  14건의 결과가 검색되었습니다.
[20170510, 원주]  검색된 결과가 없습니다.
[20171204, 여수]  검색된 결과가 없습니다.
[20170311, 무안]  검색된 결과가 없습니다.
[20171011, 대구]   1건의 결과가 검색되었습니다.
[20170205, 여수]  검색된 결과가 없습니다.
[20170122, 울산]  검색된 결과가 없습니다.
[20170727, 여수]  검색된 결과가 없습니다.
[20170917, 김포]  14건의 결과가 검색되었습니다.
[20170420, 포항]  검색된 결과가 없습니다.
[20170212, 군산]  검색된 결과가 없습니다.
[20170817, 대구]  검색된 결과가 없습니다.
[20170419, 김포]  20건의 결과가 검색되었습니다.
[20171221, 군산]   2건의 결과가 검색되었습니다.
[20170907, 대구]   2건의 결과가 검색되었습니다.
[20170321, 포항]  검색된 결과가 없습니다.
[20171226, 청주]   3건의 결과가 검색되었습니다.
[20170426, 원주]  검색된 결과가 없습니다.
