[20190918, 여수] 검색된 결과가 없습니다.
[20190201, 사천]   1건의 결과가 검색되었습니다.
[20190326, 김해]  11건의 결과가 검색되었습니다.
[20190421, 사천] 검색된 결과가 없습니다.
[20190714, 군산]   1건의 결과가 검색되었습니다.
[20190303, 광주]   4건의 결과가 검색되었습니다.
[20190210, 김해]   1건의 결과가 검색되었습니다.
[20191225, 포항]   1건의 결과가 검색되었습니다.
[20190722, 광주]   2건의 결과가 검색되었습니다.
[20190525, 김포]   2건의 결과가 검색되었습니다.
[20190217, 포항] 검색된 결과가 없습니다.
[20190730, 군산]   2건의 결과가 검색되었습니다.
[20190208, 광주]   5건의 결과가 검색되었습니다.
[20190328, 포항] 검색된 결과가 없습니다.
[20190602, 김포]   6건의 결과가 검색되었습니다.
[20191210, 청주]   3건의 결과가 검색되었습니다.
[20191027, 군산]   1건의 결과가 검색되었습니다.
[20191114, 군산]   1건의 결과가 검색되었습니다.
[20190307, 포항] 검색된 결과가 없습니다.
[20190414, 제주]  29건의 결과가 검색되었습니다.
[20190820, 김해]   8건의 결과가 검색되었습니다.
[20190309, 포항]   1건의 결과가 검색되었습니다.
[20191229, 울산]   1건의 결과가 검색되었습니다.
[20191017, 군산]   1건의 결과가 검색되었습니다.
[20190822, 제주]  83건의 결과가 검색되었습니다.
[20190313, 군산] 검색된 결과가 없습니다.
[20190402, 원주] 검색된 결과가 없습니다.
[20190803, 대구]   3건의 결과가 검색되었습니다.
[20190407, 광주]   2건의 결과가 검색되었습니다.
[20191213, 양양] 검색된 결과가 없습니다.
[20190223, 울산] 검색된 결과가 없습니다.
[20190304, 대구] 검색된 결과가 없습니다.
[20190613, 군산] 검색된 결과가 없습니다.
[20190826, 군산] 검색된 결과가 없습니다.
[20190502, 무안] 검색된 결과가 없습니다.
[20190221, 광주] 검색된 결과가 없습니다.
[20191208, 원주] 검색된 결과가 없습니다.
[20191215, 군산] 검색된 결과가 없습니다.
[20191209, 울산] 검색된 결과가 없습니다.
[20190919, 광주]   1건의 결과가 검색되었습니다.
[20190203, 광주]   7건의 결과가 검색되었습니다.
[20190514, 원주] 검색된 결과가 없습니다.
[20190602, 김해]   3건의 결과가 검색되었습니다.
[20190210, 포항] 검색된 결과가 없습니다.
[20190101, 양양] 검색된 결과가 없습니다.
[20190401, 광주]   2건의 결과가 검색되었습니다.
[20190125, 포항] 검색된 결과가 없습니다.
[20190316, 여수] 검색된 결과가 없습니다.
[20190219, 무안] 검색된 결과가 없습니다.
[20190307, 원주] 검색된 결과가 없습니다.
[20190806, 사천]   1건의 결과가 검색되었습니다.
[20190330, 김포]  13건의 결과가 검색되었습니다.
[20191031, 김해]   3건의 결과가 검색되었습니다.
[20190217, 원주] 검색된 결과가 없습니다.
[20190210, 청주]   1건의 결과가 검색되었습니다.
[20190513, 김해]   5건의 결과가 검색되었습니다.
[20190924, 군산]   1건의 결과가 검색되었습니다.
[20190406, 광주] 검색된 결과가 없습니다.
[20190326, 군산]   2건의 결과가 검색되었습니다.
[20190530, 군산]   2건의 결과가 검색되었습니다.
[20190412, 김해]   7건의 결과가 검색되었습니다.
[20191124, 원주] 검색된 결과가 없습니다.
[20190209, 김해]   4건의 결과가 검색되었습니다.
[20190722, 양양] 검색된 결과가 없습니다.
[20190927, 원주] 검색된 결과가 없습니다.
[20190608, 제주]  27건의 결과가 검색되었습니다.
[20191004, 무안]   4건의 결과가 검색되었습니다.
[20191110, 광주]   3건의 결과가 검색되었습니다.
[20190901, 무안] 검색된 결과가 없습니다.
[20190302, 청주]   1건의 결과가 검색되었습니다.
[20190927, 군산] 검색된 결과가 없습니다.
[20190321, 양양]   1건의 결과가 검색되었습니다.
[20191002, 사천]   2건의 결과가 검색되었습니다.
[20191113, 무안]   1건의 결과가 검색되었습니다.
[20190620, 무안] 검색된 결과가 없습니다.
[20191004, 원주]   1건의 결과가 검색되었습니다.
[20190411, 여수] 검색된 결과가 없습니다.
[20190104, 울산] 검색된 결과가 없습니다.
[20190123, 울산] 검색된 결과가 없습니다.
[20190428, 원주] 검색된 결과가 없습니다.
[20190528, 군산]   1건의 결과가 검색되었습니다.
[20191009, 청주]   1건의 결과가 검색되었습니다.
[20190210, 제주]  33건의 결과가 검색되었습니다.
[20190324, 제주]  21건의 결과가 검색되었습니다.
[20191128, 제주]  55건의 결과가 검색되었습니다.
[20190214, 제주]  37건의 결과가 검색되었습니다.
[20190315, 김포]  36건의 결과가 검색되었습니다.
[20190327, 제주]  98건의 결과가 검색되었습니다.
[20190726, 광주]   3건의 결과가 검색되었습니다.
[20191001, 여수] 검색된 결과가 없습니다.
[20190929, 양양] 검색된 결과가 없습니다.
[20191221, 사천] 검색된 결과가 없습니다.
[20191016, 김포]  15건의 결과가 검색되었습니다.
[20190511, 청주] 검색된 결과가 없습니다.
[20190321, 무안] 검색된 결과가 없습니다.
[20190218, 울산]   1건의 결과가 검색되었습니다.
[20190411, 양양]   2건의 결과가 검색되었습니다.
[20190902, 포항] 검색된 결과가 없습니다.
[20190811, 양양] 검색된 결과가 없습니다.
[20191004, 양양] 검색된 결과가 없습니다.
[20190115, 포항] 검색된 결과가 없습니다.
[20191027, 김포]  20건의 결과가 검색되었습니다.
[20190311, 김포]  18건의 결과가 검색되었습니다.
[20190102, 김포]  30건의 결과가 검색되었습니다.
[20190410, 원주] 검색된 결과가 없습니다.
[20190619, 원주] 검색된 결과가 없습니다.
[20190202, 김해]  14건의 결과가 검색되었습니다.
[20190508, 포항] 검색된 결과가 없습니다.
[20190628, 청주]   2건의 결과가 검색되었습니다.
[20190708, 양양]   2건의 결과가 검색되었습니다.
[20190521, 울산] 검색된 결과가 없습니다.
[20190628, 광주]   3건의 결과가 검색되었습니다.
[20190909, 군산]   1건의 결과가 검색되었습니다.
[20190818, 원주] 검색된 결과가 없습니다.
[20190105, 여수] 검색된 결과가 없습니다.
[20190104, 청주]   6건의 결과가 검색되었습니다.
[20190123, 청주]   1건의 결과가 검색되었습니다.
[20190623, 군산] 검색된 결과가 없습니다.
[20190316, 무안] 검색된 결과가 없습니다.
[20190121, 사천] 검색된 결과가 없습니다.
[20190509, 군산]   1건의 결과가 검색되었습니다.
[20191206, 원주] 검색된 결과가 없습니다.
[20191208, 대구]   1건의 결과가 검색되었습니다.
[20191123, 청주]   2건의 결과가 검색되었습니다.
[20190511, 울산] 검색된 결과가 없습니다.
[20190613, 원주] 검색된 결과가 없습니다.
[20190112, 김해]   7건의 결과가 검색되었습니다.
[20190513, 군산]   2건의 결과가 검색되었습니다.
[20190924, 김해]   2건의 결과가 검색되었습니다.
[20190213, 김해]   5건의 결과가 검색되었습니다.
[20190317, 제주]  13건의 결과가 검색되었습니다.
[20191211, 울산] 검색된 결과가 없습니다.
[20190705, 양양] 검색된 결과가 없습니다.
[20190505, 광주]   1건의 결과가 검색되었습니다.
[20191111, 김해]  13건의 결과가 검색되었습니다.
[20190310, 군산] 검색된 결과가 없습니다.
[20190504, 원주] 검색된 결과가 없습니다.
[20191123, 포항] 검색된 결과가 없습니다.
[20190622, 양양] 검색된 결과가 없습니다.
[20190813, 사천] 검색된 결과가 없습니다.
[20190205, 울산] 검색된 결과가 없습니다.
[20190302, 광주] 검색된 결과가 없습니다.
[20190516, 무안] 검색된 결과가 없습니다.
[20190129, 광주] 검색된 결과가 없습니다.
[20190105, 청주]   3건의 결과가 검색되었습니다.
[20191120, 무안] 검색된 결과가 없습니다.
[20190723, 김해]  13건의 결과가 검색되었습니다.
[20190721, 김해] 100건의 결과가 검색되었습니다.
[20190201, 광주]   2건의 결과가 검색되었습니다.
[20190703, 김해]   9건의 결과가 검색되었습니다.
[20190420, 광주]   1건의 결과가 검색되었습니다.
[20191227, 포항]   1건의 결과가 검색되었습니다.
[20190122, 원주] 검색된 결과가 없습니다.
[20190415, 무안] 검색된 결과가 없습니다.
[20191127, 김해]   1건의 결과가 검색되었습니다.
[20190614, 청주]  10건의 결과가 검색되었습니다.
[20190624, 군산]   1건의 결과가 검색되었습니다.
[20190106, 양양] 검색된 결과가 없습니다.
[20191007, 양양]   1건의 결과가 검색되었습니다.
[20191213, 원주] 검색된 결과가 없습니다.
[20190730, 청주]   5건의 결과가 검색되었습니다.
[20190507, 대구]   4건의 결과가 검색되었습니다.
[20190313, 무안] 검색된 결과가 없습니다.
[20191203, 청주]   4건의 결과가 검색되었습니다.
[20190629, 무안] 검색된 결과가 없습니다.
[20190227, 원주] 검색된 결과가 없습니다.
[20191207, 김해]   3건의 결과가 검색되었습니다.
[20191219, 무안] 검색된 결과가 없습니다.
[20190225, 청주]   3건의 결과가 검색되었습니다.
[20190402, 양양] 검색된 결과가 없습니다.
[20190703, 여수] 검색된 결과가 없습니다.
[20191211, 제주]  49건의 결과가 검색되었습니다.
[20190604, 원주] 검색된 결과가 없습니다.
[20190127, 원주] 검색된 결과가 없습니다.
[20190223, 제주]  31건의 결과가 검색되었습니다.
[20190122, 사천] 검색된 결과가 없습니다.
[20190401, 양양] 검색된 결과가 없습니다.
[20190713, 양양]   1건의 결과가 검색되었습니다.
[20190826, 청주]   6건의 결과가 검색되었습니다.
[20190613, 청주] 검색된 결과가 없습니다.
[20191128, 광주]   3건의 결과가 검색되었습니다.
[20191222, 김포]  19건의 결과가 검색되었습니다.
[20191016, 무안] 검색된 결과가 없습니다.
[20190609, 김해]  13건의 결과가 검색되었습니다.
[20190703, 원주] 검색된 결과가 없습니다.
[20190704, 청주]   9건의 결과가 검색되었습니다.
[20190715, 사천] 검색된 결과가 없습니다.
[20191127, 포항] 검색된 결과가 없습니다.
[20190730, 제주]  52건의 결과가 검색되었습니다.
[20190505, 청주]   1건의 결과가 검색되었습니다.
[20190803, 포항] 검색된 결과가 없습니다.
[20191114, 여수]   1건의 결과가 검색되었습니다.
[20190504, 김해]  15건의 결과가 검색되었습니다.
[20190426, 포항]   1건의 결과가 검색되었습니다.
[20191223, 제주]  93건의 결과가 검색되었습니다.
[20190414, 군산] 검색된 결과가 없습니다.
[20190503, 김해]  15건의 결과가 검색되었습니다.
[20190304, 포항] 검색된 결과가 없습니다.
[20190117, 대구]   2건의 결과가 검색되었습니다.
[20190225, 제주]  43건의 결과가 검색되었습니다.
[20190119, 제주]  31건의 결과가 검색되었습니다.
[20190824, 대구]   1건의 결과가 검색되었습니다.
[20191116, 김해]   6건의 결과가 검색되었습니다.
[20191008, 김포]  21건의 결과가 검색되었습니다.
[20190303, 포항] 검색된 결과가 없습니다.
[20190718, 대구]   1건의 결과가 검색되었습니다.
[20190919, 원주] 검색된 결과가 없습니다.
[20190208, 군산]   2건의 결과가 검색되었습니다.
[20191205, 김해]   9건의 결과가 검색되었습니다.
[20190717, 청주]   1건의 결과가 검색되었습니다.
[20191228, 제주]  36건의 결과가 검색되었습니다.
[20190811, 울산]   2건의 결과가 검색되었습니다.
[20190128, 원주] 검색된 결과가 없습니다.
[20190724, 제주]  86건의 결과가 검색되었습니다.
[20190813, 청주]   2건의 결과가 검색되었습니다.
[20191224, 사천] 검색된 결과가 없습니다.
[20190212, 원주] 검색된 결과가 없습니다.
[20190421, 청주]   1건의 결과가 검색되었습니다.
[20191213, 김해]   4건의 결과가 검색되었습니다.
[20191214, 광주] 검색된 결과가 없습니다.
[20190314, 광주] 검색된 결과가 없습니다.
[20191214, 사천] 검색된 결과가 없습니다.
[20191013, 청주]   3건의 결과가 검색되었습니다.
[20190525, 광주]   1건의 결과가 검색되었습니다.
[20190719, 울산]   6건의 결과가 검색되었습니다.
[20191225, 청주]   6건의 결과가 검색되었습니다.
[20190922, 대구]  15건의 결과가 검색되었습니다.
[20190615, 군산]   1건의 결과가 검색되었습니다.
[20190129, 제주]  16건의 결과가 검색되었습니다.
[20190916, 김해]  11건의 결과가 검색되었습니다.
[20190717, 대구]   2건의 결과가 검색되었습니다.
[20190406, 원주] 검색된 결과가 없습니다.
[20191107, 대구]   3건의 결과가 검색되었습니다.
[20191218, 김포]  18건의 결과가 검색되었습니다.
[20190318, 청주]   6건의 결과가 검색되었습니다.
[20190817, 광주]   2건의 결과가 검색되었습니다.
[20190101, 김해]   3건의 결과가 검색되었습니다.
[20191222, 제주]  78건의 결과가 검색되었습니다.
[20190722, 원주] 검색된 결과가 없습니다.
[20191216, 김포]  30건의 결과가 검색되었습니다.
[20191004, 사천]   1건의 결과가 검색되었습니다.
[20191120, 사천] 검색된 결과가 없습니다.
[20190809, 울산] 검색된 결과가 없습니다.
[20190511, 군산] 검색된 결과가 없습니다.
[20190531, 군산]   1건의 결과가 검색되었습니다.
[20190805, 김해]   3건의 결과가 검색되었습니다.
[20190917, 여수] 검색된 결과가 없습니다.
[20190319, 포항] 검색된 결과가 없습니다.
[20190519, 제주]  55건의 결과가 검색되었습니다.
[20190410, 여수] 검색된 결과가 없습니다.
[20190619, 여수] 검색된 결과가 없습니다.
[20190108, 김해]   5건의 결과가 검색되었습니다.
[20190527, 군산]   2건의 결과가 검색되었습니다.
[20190125, 김해]   7건의 결과가 검색되었습니다.
[20191030, 여수] 검색된 결과가 없습니다.
[20191005, 사천] 검색된 결과가 없습니다.
[20190714, 청주]   2건의 결과가 검색되었습니다.
[20191018, 김해]   9건의 결과가 검색되었습니다.
[20190427, 양양] 검색된 결과가 없습니다.
[20190709, 사천]   1건의 결과가 검색되었습니다.
[20190211, 사천] 검색된 결과가 없습니다.
[20191115, 무안] 검색된 결과가 없습니다.
[20190517, 군산]   2건의 결과가 검색되었습니다.
[20190826, 김해]  15건의 결과가 검색되었습니다.
[20190403, 제주]  28건의 결과가 검색되었습니다.
[20190421, 광주] 검색된 결과가 없습니다.
[20191113, 울산] 검색된 결과가 없습니다.
[20190922, 원주] 검색된 결과가 없습니다.
[20190930, 양양] 검색된 결과가 없습니다.
[20191212, 사천] 검색된 결과가 없습니다.
[20190317, 무안] 검색된 결과가 없습니다.
[20191017, 제주] 105건의 결과가 검색되었습니다.
[20190104, 무안]   1건의 결과가 검색되었습니다.
[20190123, 무안]   1건의 결과가 검색되었습니다.
[20190925, 김해]   9건의 결과가 검색되었습니다.
[20190415, 원주] 검색된 결과가 없습니다.
[20190822, 군산]   1건의 결과가 검색되었습니다.
[20190415, 대구]   5건의 결과가 검색되었습니다.
[20190126, 광주]   1건의 결과가 검색되었습니다.
[20191015, 원주] 검색된 결과가 없습니다.
[20190611, 무안]   3건의 결과가 검색되었습니다.
[20190629, 양양] 검색된 결과가 없습니다.
[20190125, 여수] 검색된 결과가 없습니다.
[20190611, 사천] 검색된 결과가 없습니다.
[20190112, 대구]   1건의 결과가 검색되었습니다.
[20190801, 김포]  28건의 결과가 검색되었습니다.
[20190118, 제주]  43건의 결과가 검색되었습니다.
[20190321, 울산] 검색된 결과가 없습니다.
[20190318, 무안] 검색된 결과가 없습니다.
[20190817, 청주] 검색된 결과가 없습니다.
[20191017, 울산] 검색된 결과가 없습니다.
[20190412, 청주]   4건의 결과가 검색되었습니다.
[20191001, 제주]  99건의 결과가 검색되었습니다.
[20190804, 원주] 검색된 결과가 없습니다.
[20191029, 청주]  10건의 결과가 검색되었습니다.
[20190217, 광주] 검색된 결과가 없습니다.
[20190806, 양양]   1건의 결과가 검색되었습니다.
[20191019, 여수] 검색된 결과가 없습니다.
[20190812, 양양] 검색된 결과가 없습니다.
[20190105, 군산] 검색된 결과가 없습니다.
[20190526, 무안] 검색된 결과가 없습니다.
