[20170823, 사천] 검색된 결과가 없습니다.
[20170704, 여수] 검색된 결과가 없습니다.
[20170106, 군산]   1건의 결과가 검색되었습니다.
[20170823, 원주] 검색된 결과가 없습니다.
[20170829, 제주]  17건의 결과가 검색되었습니다.
[20171213, 광주] 검색된 결과가 없습니다.
[20170717, 제주]  92건의 결과가 검색되었습니다.
[20171208, 김해]   7건의 결과가 검색되었습니다.
[20171214, 양양] 검색된 결과가 없습니다.
[20171124, 제주]  72건의 결과가 검색되었습니다.
[20170611, 청주]   5건의 결과가 검색되었습니다.
[20170209, 포항] 검색된 결과가 없습니다.
[20171219, 무안] 검색된 결과가 없습니다.
[20170703, 무안] 검색된 결과가 없습니다.
[20170717, 울산]   1건의 결과가 검색되었습니다.
[20170813, 무안] 검색된 결과가 없습니다.
[20170423, 군산] 검색된 결과가 없습니다.
[20170318, 대구]   1건의 결과가 검색되었습니다.
[20171003, 무안]   1건의 결과가 검색되었습니다.
[20171128, 제주]  33건의 결과가 검색되었습니다.
[20170916, 울산] 검색된 결과가 없습니다.
[20171206, 청주]   1건의 결과가 검색되었습니다.
[20170828, 군산] 검색된 결과가 없습니다.
[20171130, 여수] 검색된 결과가 없습니다.
[20170305, 양양] 검색된 결과가 없습니다.
[20170819, 군산]   1건의 결과가 검색되었습니다.
[20170829, 울산] 검색된 결과가 없습니다.
[20170903, 제주]  63건의 결과가 검색되었습니다.
[20170209, 군산]   2건의 결과가 검색되었습니다.
[20170713, 김해]  17건의 결과가 검색되었습니다.
[20170604, 사천]   1건의 결과가 검색되었습니다.
[20170107, 원주] 검색된 결과가 없습니다.
[20170425, 무안]   1건의 결과가 검색되었습니다.
[20171225, 김포]  23건의 결과가 검색되었습니다.
[20171121, 청주]  13건의 결과가 검색되었습니다.
[20170816, 청주]   3건의 결과가 검색되었습니다.
[20170124, 무안] 검색된 결과가 없습니다.
[20170706, 무안] 검색된 결과가 없습니다.
[20171014, 김해]   8건의 결과가 검색되었습니다.
[20170831, 여수]   1건의 결과가 검색되었습니다.
[20170624, 울산] 검색된 결과가 없습니다.
[20170525, 군산] 검색된 결과가 없습니다.
[20170401, 청주]   2건의 결과가 검색되었습니다.
[20170331, 사천]   2건의 결과가 검색되었습니다.
[20170716, 대구]   4건의 결과가 검색되었습니다.
[20170106, 원주] 검색된 결과가 없습니다.
[20171120, 울산]   1건의 결과가 검색되었습니다.
[20171029, 제주]  37건의 결과가 검색되었습니다.
[20170928, 사천] 검색된 결과가 없습니다.
[20171213, 여수] 검색된 결과가 없습니다.
[20170828, 사천] 검색된 결과가 없습니다.
[20170813, 대구]   2건의 결과가 검색되었습니다.
[20170216, 사천]   1건의 결과가 검색되었습니다.
[20170315, 청주]   1건의 결과가 검색되었습니다.
[20170712, 양양] 검색된 결과가 없습니다.
[20170113, 울산]   3건의 결과가 검색되었습니다.
[20170418, 원주] 검색된 결과가 없습니다.
[20170909, 양양] 검색된 결과가 없습니다.
[20170818, 무안] 검색된 결과가 없습니다.
[20171123, 제주]  50건의 결과가 검색되었습니다.
[20171108, 김포]  10건의 결과가 검색되었습니다.
[20170325, 원주] 검색된 결과가 없습니다.
[20170330, 무안] 검색된 결과가 없습니다.
[20171126, 군산]   2건의 결과가 검색되었습니다.
[20171011, 사천] 검색된 결과가 없습니다.
[20171108, 원주] 검색된 결과가 없습니다.
[20170617, 김해]  10건의 결과가 검색되었습니다.
[20170213, 제주]  44건의 결과가 검색되었습니다.
[20170529, 사천] 검색된 결과가 없습니다.
[20170815, 포항]   1건의 결과가 검색되었습니다.
[20171202, 대구]   2건의 결과가 검색되었습니다.
[20170530, 군산]   1건의 결과가 검색되었습니다.
[20171209, 군산] 검색된 결과가 없습니다.
[20170720, 무안] 검색된 결과가 없습니다.
[20170105, 양양] 검색된 결과가 없습니다.
[20170708, 원주]   1건의 결과가 검색되었습니다.
[20171201, 김해]  10건의 결과가 검색되었습니다.
[20170820, 대구]   5건의 결과가 검색되었습니다.
[20170324, 청주]   5건의 결과가 검색되었습니다.
[20170802, 군산] 검색된 결과가 없습니다.
[20171010, 무안] 검색된 결과가 없습니다.
[20170508, 울산] 검색된 결과가 없습니다.
[20170314, 대구]   4건의 결과가 검색되었습니다.
[20170126, 대구]   3건의 결과가 검색되었습니다.
[20170511, 여수]   2건의 결과가 검색되었습니다.
[20170218, 무안] 검색된 결과가 없습니다.
[20170415, 울산] 검색된 결과가 없습니다.
[20170216, 무안] 검색된 결과가 없습니다.
[20170306, 제주]  16건의 결과가 검색되었습니다.
[20170517, 청주]   3건의 결과가 검색되었습니다.
[20170214, 포항] 검색된 결과가 없습니다.
[20170924, 사천]   1건의 결과가 검색되었습니다.
[20171223, 양양] 검색된 결과가 없습니다.
[20170129, 양양] 검색된 결과가 없습니다.
[20170319, 여수] 검색된 결과가 없습니다.
[20170723, 군산]   1건의 결과가 검색되었습니다.
[20171126, 사천]   3건의 결과가 검색되었습니다.
[20171011, 군산] 검색된 결과가 없습니다.
[20171021, 청주]   4건의 결과가 검색되었습니다.
