[20161022, 김해]  24건의 결과가 검색되었습니다.
[20160212, 군산]   2건의 결과가 검색되었습니다.
[20160625, 청주]   3건의 결과가 검색되었습니다.
[20160423, 김해]   7건의 결과가 검색되었습니다.
[20160418, 김포]  74건의 결과가 검색되었습니다.
[20161030, 원주] 검색된 결과가 없습니다.
[20160121, 대구]   1건의 결과가 검색되었습니다.
[20160424, 울산]   1건의 결과가 검색되었습니다.
[20160724, 포항] 검색된 결과가 없습니다.
[20160911, 포항] 검색된 결과가 없습니다.
[20160705, 여수]   5건의 결과가 검색되었습니다.
[20160222, 울산]   2건의 결과가 검색되었습니다.
[20160814, 제주]  30건의 결과가 검색되었습니다.
[20160724, 김해]  12건의 결과가 검색되었습니다.
[20160621, 원주] 검색된 결과가 없습니다.
[20161112, 사천] 검색된 결과가 없습니다.
[20160630, 김포]  88건의 결과가 검색되었습니다.
[20160316, 김해]  12건의 결과가 검색되었습니다.
[20161127, 울산]   2건의 결과가 검색되었습니다.
[20161217, 제주]  26건의 결과가 검색되었습니다.
[20160310, 포항] 검색된 결과가 없습니다.
[20161130, 대구]   1건의 결과가 검색되었습니다.
[20161112, 제주]  66건의 결과가 검색되었습니다.
[20161005, 포항]   1건의 결과가 검색되었습니다.
[20160806, 무안]   1건의 결과가 검색되었습니다.
[20160729, 포항] 검색된 결과가 없습니다.
[20161001, 포항] 검색된 결과가 없습니다.
[20161211, 무안] 검색된 결과가 없습니다.
[20160711, 포항] 검색된 결과가 없습니다.
[20160409, 청주]   1건의 결과가 검색되었습니다.
[20160818, 군산]   1건의 결과가 검색되었습니다.
[20160124, 포항] 검색된 결과가 없습니다.
[20160623, 양양] 검색된 결과가 없습니다.
[20160419, 원주] 검색된 결과가 없습니다.
[20160717, 양양] 검색된 결과가 없습니다.
[20160104, 대구]   4건의 결과가 검색되었습니다.
[20160422, 청주]   2건의 결과가 검색되었습니다.
[20161011, 원주] 검색된 결과가 없습니다.
[20160816, 울산] 검색된 결과가 없습니다.
[20160516, 군산]   1건의 결과가 검색되었습니다.
[20160209, 무안] 검색된 결과가 없습니다.
[20160402, 제주]  31건의 결과가 검색되었습니다.
[20160504, 군산]   2건의 결과가 검색되었습니다.
[20160307, 김포]  29건의 결과가 검색되었습니다.
[20161223, 양양] 검색된 결과가 없습니다.
[20160418, 무안] 검색된 결과가 없습니다.
[20160425, 무안] 검색된 결과가 없습니다.
[20160525, 무안] 검색된 결과가 없습니다.
[20160917, 울산]   2건의 결과가 검색되었습니다.
[20160816, 김포]  21건의 결과가 검색되었습니다.
[20161017, 제주]  35건의 결과가 검색되었습니다.
[20160520, 포항] 검색된 결과가 없습니다.
[20160823, 여수] 검색된 결과가 없습니다.
[20160508, 사천]   2건의 결과가 검색되었습니다.
[20160622, 무안]   1건의 결과가 검색되었습니다.
[20160825, 사천] 검색된 결과가 없습니다.
[20160126, 원주]   1건의 결과가 검색되었습니다.
[20161211, 원주] 검색된 결과가 없습니다.
[20160712, 양양] 검색된 결과가 없습니다.
[20161212, 김해]  10건의 결과가 검색되었습니다.
[20160328, 제주]  48건의 결과가 검색되었습니다.
[20160608, 청주]   1건의 결과가 검색되었습니다.
[20161115, 제주]  46건의 결과가 검색되었습니다.
[20160226, 군산] 검색된 결과가 없습니다.
[20161115, 김포]  19건의 결과가 검색되었습니다.
[20161007, 김해]  13건의 결과가 검색되었습니다.
[20161115, 광주]   3건의 결과가 검색되었습니다.
[20160713, 포항] 검색된 결과가 없습니다.
[20160120, 청주]   3건의 결과가 검색되었습니다.
[20161117, 무안] 검색된 결과가 없습니다.
[20161121, 김해]  17건의 결과가 검색되었습니다.
[20160125, 사천] 검색된 결과가 없습니다.
[20160915, 울산]   1건의 결과가 검색되었습니다.
[20160510, 대구]   3건의 결과가 검색되었습니다.
