[20190829, 제주] 121건의 결과가 검색되었습니다.
[20190626, 원주] 검색된 결과가 없습니다.
[20191229, 양양] 검색된 결과가 없습니다.
[20190131, 대구]   2건의 결과가 검색되었습니다.
[20190301, 군산]   1건의 결과가 검색되었습니다.
[20190526, 양양] 검색된 결과가 없습니다.
[20190925, 사천]   2건의 결과가 검색되었습니다.
[20190511, 무안] 검색된 결과가 없습니다.
[20190107, 사천] 검색된 결과가 없습니다.
[20190504, 군산] 검색된 결과가 없습니다.
[20190824, 김포]  10건의 결과가 검색되었습니다.
[20191124, 광주]   1건의 결과가 검색되었습니다.
[20190503, 청주]   3건의 결과가 검색되었습니다.
[20190315, 사천]   1건의 결과가 검색되었습니다.
[20190708, 대구] 검색된 결과가 없습니다.
[20190210, 여수] 검색된 결과가 없습니다.
[20191228, 울산] 검색된 결과가 없습니다.
[20190113, 무안]   1건의 결과가 검색되었습니다.
[20190521, 대구]   4건의 결과가 검색되었습니다.
[20190302, 양양] 검색된 결과가 없습니다.
[20190611, 포항] 검색된 결과가 없습니다.
[20191019, 사천] 검색된 결과가 없습니다.
[20190221, 무안] 검색된 결과가 없습니다.
[20190425, 광주]   5건의 결과가 검색되었습니다.
[20190602, 청주] 검색된 결과가 없습니다.
[20190512, 제주]  33건의 결과가 검색되었습니다.
[20190510, 여수] 검색된 결과가 없습니다.
[20190411, 군산]   2건의 결과가 검색되었습니다.
[20190606, 광주]   4건의 결과가 검색되었습니다.
[20190425, 사천] 검색된 결과가 없습니다.
[20190410, 김포]  33건의 결과가 검색되었습니다.
[20190503, 김포]  14건의 결과가 검색되었습니다.
[20190508, 무안] 검색된 결과가 없습니다.
[20191116, 사천] 검색된 결과가 없습니다.
[20190907, 여수]   6건의 결과가 검색되었습니다.
[20190904, 제주]  63건의 결과가 검색되었습니다.
[20190615, 무안]   1건의 결과가 검색되었습니다.
[20190618, 원주] 검색된 결과가 없습니다.
[20190203, 여수]   2건의 결과가 검색되었습니다.
[20190301, 무안]   6건의 결과가 검색되었습니다.
[20191027, 대구]   5건의 결과가 검색되었습니다.
[20190327, 군산]   2건의 결과가 검색되었습니다.
[20190822, 김포]  46건의 결과가 검색되었습니다.
[20191021, 양양]   1건의 결과가 검색되었습니다.
[20191029, 여수]   1건의 결과가 검색되었습니다.
[20190727, 포항] 검색된 결과가 없습니다.
[20191028, 양양] 검색된 결과가 없습니다.
[20191119, 대구] 검색된 결과가 없습니다.
[20191212, 제주]  54건의 결과가 검색되었습니다.
[20190407, 김포]  35건의 결과가 검색되었습니다.
[20190625, 대구]   1건의 결과가 검색되었습니다.
[20190709, 원주] 검색된 결과가 없습니다.
[20190620, 김해]   7건의 결과가 검색되었습니다.
[20190412, 대구] 검색된 결과가 없습니다.
[20190721, 대구]   2건의 결과가 검색되었습니다.
[20191206, 양양]   1건의 결과가 검색되었습니다.
[20191028, 여수]   1건의 결과가 검색되었습니다.
[20190916, 양양] 검색된 결과가 없습니다.
[20190123, 광주] 검색된 결과가 없습니다.
[20191214, 청주]   1건의 결과가 검색되었습니다.
[20190513, 제주]  51건의 결과가 검색되었습니다.
[20191106, 군산] 검색된 결과가 없습니다.
[20190828, 양양] 검색된 결과가 없습니다.
[20191221, 김포]  38건의 결과가 검색되었습니다.
[20190209, 울산] 검색된 결과가 없습니다.
[20190830, 사천]   1건의 결과가 검색되었습니다.
[20191228, 사천] 검색된 결과가 없습니다.
[20190102, 대구]   8건의 결과가 검색되었습니다.
[20190221, 김포]  21건의 결과가 검색되었습니다.
[20190511, 양양] 검색된 결과가 없습니다.
[20190122, 양양]   1건의 결과가 검색되었습니다.
[20190519, 김해]   4건의 결과가 검색되었습니다.
[20190722, 김해]   9건의 결과가 검색되었습니다.
[20190110, 제주]  56건의 결과가 검색되었습니다.
[20191125, 포항]   1건의 결과가 검색되었습니다.
[20190902, 울산]   1건의 결과가 검색되었습니다.
[20190926, 김포]  18건의 결과가 검색되었습니다.
[20190425, 울산] 검색된 결과가 없습니다.
[20190923, 양양]   1건의 결과가 검색되었습니다.
[20191130, 원주] 검색된 결과가 없습니다.
[20190914, 포항] 검색된 결과가 없습니다.
[20190823, 군산] 검색된 결과가 없습니다.
[20190205, 광주]   1건의 결과가 검색되었습니다.
[20191219, 청주]   2건의 결과가 검색되었습니다.
[20190613, 울산] 검색된 결과가 없습니다.
[20190911, 김포]  34건의 결과가 검색되었습니다.
[20191222, 대구]   1건의 결과가 검색되었습니다.
[20190803, 청주]   8건의 결과가 검색되었습니다.
[20190331, 울산] 검색된 결과가 없습니다.
[20191017, 김포]  30건의 결과가 검색되었습니다.
[20191231, 포항]   1건의 결과가 검색되었습니다.
[20191110, 포항] 검색된 결과가 없습니다.
[20190322, 사천] 검색된 결과가 없습니다.
[20190110, 포항] 검색된 결과가 없습니다.
[20191125, 제주]  64건의 결과가 검색되었습니다.
[20190516, 울산] 검색된 결과가 없습니다.
[20190224, 김해]   5건의 결과가 검색되었습니다.
[20190501, 광주] 검색된 결과가 없습니다.
[20190508, 양양] 검색된 결과가 없습니다.
[20191003, 대구]  16건의 결과가 검색되었습니다.
[20190304, 군산] 검색된 결과가 없습니다.
[20190612, 광주] 검색된 결과가 없습니다.
[20190717, 김해]   4건의 결과가 검색되었습니다.
[20191122, 군산] 검색된 결과가 없습니다.
[20191002, 광주]  14건의 결과가 검색되었습니다.
[20190601, 여수] 검색된 결과가 없습니다.
[20191225, 김해]   3건의 결과가 검색되었습니다.
[20191009, 군산] 검색된 결과가 없습니다.
[20190321, 여수]   3건의 결과가 검색되었습니다.
[20190807, 양양] 검색된 결과가 없습니다.
[20190517, 양양] 검색된 결과가 없습니다.
[20190611, 여수] 검색된 결과가 없습니다.
[20191111, 원주] 검색된 결과가 없습니다.
[20190429, 울산] 검색된 결과가 없습니다.
[20190314, 사천] 검색된 결과가 없습니다.
[20190108, 원주] 검색된 결과가 없습니다.
[20190818, 울산] 검색된 결과가 없습니다.
[20190403, 군산] 검색된 결과가 없습니다.
[20190917, 원주] 검색된 결과가 없습니다.
[20190715, 청주]   4건의 결과가 검색되었습니다.
