[20150819, 청주]  검색된 결과가 없습니다.
[20150708, 청주]  검색된 결과가 없습니다.
[20150914, 광주]   3건의 결과가 검색되었습니다.
[20151109, 김해]   5건의 결과가 검색되었습니다.
[20150610, 울산]  검색된 결과가 없습니다.
[20150112, 김포]   7건의 결과가 검색되었습니다.
[20151105, 김해]   8건의 결과가 검색되었습니다.
[20150124, 양양]  검색된 결과가 없습니다.
[20150505, 김해]   3건의 결과가 검색되었습니다.
[20151221, 양양]   1건의 결과가 검색되었습니다.
[20150509, 포항]  검색된 결과가 없습니다.
[20150926, 광주]   1건의 결과가 검색되었습니다.
[20150605, 무안]  검색된 결과가 없습니다.
[20150523, 대구]  검색된 결과가 없습니다.
[20150619, 김포]   5건의 결과가 검색되었습니다.
[20150824, 여수]  검색된 결과가 없습니다.
[20151004, 여수]  검색된 결과가 없습니다.
[20150911, 대구]  검색된 결과가 없습니다.
[20150822, 무안]  검색된 결과가 없습니다.
[20150915, 양양]  검색된 결과가 없습니다.
[20151101, 원주]  검색된 결과가 없습니다.
[20150202, 군산]  검색된 결과가 없습니다.
[20150621, 청주]  검색된 결과가 없습니다.
[20151207, 군산]   2건의 결과가 검색되었습니다.
[20150817, 군산]  검색된 결과가 없습니다.
[20150726, 군산]  검색된 결과가 없습니다.
[20151209, 포항]  검색된 결과가 없습니다.
[20150723, 광주]   2건의 결과가 검색되었습니다.
[20150228, 울산]  검색된 결과가 없습니다.
[20150527, 청주]  검색된 결과가 없습니다.
[20150705, 포항]  검색된 결과가 없습니다.
[20151218, 양양]  검색된 결과가 없습니다.
[20150919, 김해]   3건의 결과가 검색되었습니다.
[20151016, 양양]  검색된 결과가 없습니다.
[20150802, 원주]  검색된 결과가 없습니다.
[20151006, 제주]  56건의 결과가 검색되었습니다.
[20151109, 울산]  검색된 결과가 없습니다.
[20150106, 김포]  10건의 결과가 검색되었습니다.
[20150928, 청주]  검색된 결과가 없습니다.
[20151123, 양양]  검색된 결과가 없습니다.
[20151230, 사천]   1건의 결과가 검색되었습니다.
[20150113, 포항]  검색된 결과가 없습니다.
[20150124, 울산]  검색된 결과가 없습니다.
[20151214, 무안]  검색된 결과가 없습니다.
[20150815, 광주]   3건의 결과가 검색되었습니다.
[20150123, 청주]   5건의 결과가 검색되었습니다.
[20151213, 제주]  43건의 결과가 검색되었습니다.
[20150701, 김해]   6건의 결과가 검색되었습니다.
[20151029, 여수]   1건의 결과가 검색되었습니다.
[20151204, 울산]  검색된 결과가 없습니다.
[20151031, 광주]   2건의 결과가 검색되었습니다.
[20150420, 광주]  10건의 결과가 검색되었습니다.
[20150512, 광주]   9건의 결과가 검색되었습니다.
[20150428, 양양]   1건의 결과가 검색되었습니다.
[20150909, 양양]  검색된 결과가 없습니다.
[20150711, 군산]  검색된 결과가 없습니다.
[20151209, 대구]  검색된 결과가 없습니다.
[20150705, 원주]  검색된 결과가 없습니다.
[20150519, 군산]  검색된 결과가 없습니다.
[20150319, 사천]  검색된 결과가 없습니다.
[20150912, 사천]  검색된 결과가 없습니다.
[20151107, 울산]   1건의 결과가 검색되었습니다.
[20150911, 무안]  검색된 결과가 없습니다.
[20150914, 대구]   1건의 결과가 검색되었습니다.
[20150525, 무안]  검색된 결과가 없습니다.
[20150712, 무안]   1건의 결과가 검색되었습니다.
[20150510, 울산]  검색된 결과가 없습니다.
[20151218, 김포]  46건의 결과가 검색되었습니다.
[20150622, 김포]   5건의 결과가 검색되었습니다.
[20150326, 군산]  검색된 결과가 없습니다.
[20150131, 무안]  검색된 결과가 없습니다.
[20150424, 사천]  검색된 결과가 없습니다.
[20150518, 여수]  검색된 결과가 없습니다.
[20150122, 양양]  검색된 결과가 없습니다.
[20150620, 광주]  검색된 결과가 없습니다.
[20151013, 양양]  검색된 결과가 없습니다.
[20150315, 무안]   1건의 결과가 검색되었습니다.
[20151226, 김해]  10건의 결과가 검색되었습니다.
[20151017, 청주]  14건의 결과가 검색되었습니다.
[20150812, 김해]   6건의 결과가 검색되었습니다.
[20150627, 광주]   1건의 결과가 검색되었습니다.
[20151111, 원주]  검색된 결과가 없습니다.
[20150430, 울산]  검색된 결과가 없습니다.
[20150927, 울산]  검색된 결과가 없습니다.
[20150729, 포항]  검색된 결과가 없습니다.
[20151101, 사천]  검색된 결과가 없습니다.
[20151102, 김포]  35건의 결과가 검색되었습니다.
[20150507, 포항]  검색된 결과가 없습니다.
[20150814, 양양]  검색된 결과가 없습니다.
[20150117, 군산]  검색된 결과가 없습니다.
[20151127, 무안]  검색된 결과가 없습니다.
[20150308, 원주]  검색된 결과가 없습니다.
[20150919, 울산]  검색된 결과가 없습니다.
[20150124, 광주]  검색된 결과가 없습니다.
[20150819, 광주]   3건의 결과가 검색되었습니다.
[20150422, 군산]  검색된 결과가 없습니다.
[20150418, 김해]  10건의 결과가 검색되었습니다.
[20150529, 양양]  검색된 결과가 없습니다.
[20150401, 양양]  검색된 결과가 없습니다.
[20151024, 양양]  검색된 결과가 없습니다.
[20150729, 울산]   1건의 결과가 검색되었습니다.
[20150821, 사천]   1건의 결과가 검색되었습니다.
[20151026, 원주]  검색된 결과가 없습니다.
[20151121, 양양]  검색된 결과가 없습니다.
[20150116, 울산]  검색된 결과가 없습니다.
[20150718, 울산]  검색된 결과가 없습니다.
[20151128, 여수]  검색된 결과가 없습니다.
[20150209, 무안]   1건의 결과가 검색되었습니다.
[20150629, 양양]  검색된 결과가 없습니다.
[20151213, 군산]  검색된 결과가 없습니다.
[20150530, 제주]  52건의 결과가 검색되었습니다.
[20151104, 광주]   4건의 결과가 검색되었습니다.
[20151126, 포항]  검색된 결과가 없습니다.
[20151214, 군산]  검색된 결과가 없습니다.
[20151106, 대구]  검색된 결과가 없습니다.
[20151026, 양양]  검색된 결과가 없습니다.
[20150206, 군산]  검색된 결과가 없습니다.
[20150625, 대구]  검색된 결과가 없습니다.
[20151212, 제주]  61건의 결과가 검색되었습니다.
[20150524, 군산]  검색된 결과가 없습니다.
[20150717, 울산]  검색된 결과가 없습니다.
[20151209, 광주]   2건의 결과가 검색되었습니다.
[20150927, 김해]   3건의 결과가 검색되었습니다.
[20151114, 광주]   1건의 결과가 검색되었습니다.
[20150508, 청주]  검색된 결과가 없습니다.
[20151012, 무안]  검색된 결과가 없습니다.
[20150313, 제주]  20건의 결과가 검색되었습니다.
[20150410, 사천]  검색된 결과가 없습니다.
[20151211, 원주]  검색된 결과가 없습니다.
[20150511, 양양]  검색된 결과가 없습니다.
[20150714, 김해]  24건의 결과가 검색되었습니다.
[20150716, 김포]  19건의 결과가 검색되었습니다.
[20150408, 김포]  17건의 결과가 검색되었습니다.
[20150815, 양양]  검색된 결과가 없습니다.
[20150302, 광주]  검색된 결과가 없습니다.
[20150916, 김해]  17건의 결과가 검색되었습니다.
[20151107, 여수]   1건의 결과가 검색되었습니다.
[20150908, 포항]  검색된 결과가 없습니다.
[20150729, 김해]  31건의 결과가 검색되었습니다.
[20150821, 울산]   1건의 결과가 검색되었습니다.
[20150227, 여수]  검색된 결과가 없습니다.
[20150328, 사천]  검색된 결과가 없습니다.
[20150517, 제주]  56건의 결과가 검색되었습니다.
[20150208, 김포]  21건의 결과가 검색되었습니다.
[20150405, 무안]  검색된 결과가 없습니다.
[20150831, 여수]  검색된 결과가 없습니다.
[20150414, 김해]  12건의 결과가 검색되었습니다.
[20150309, 사천]  검색된 결과가 없습니다.
[20150614, 군산]  검색된 결과가 없습니다.
[20151220, 청주]   4건의 결과가 검색되었습니다.
[20151027, 원주]  검색된 결과가 없습니다.
[20151025, 양양]  검색된 결과가 없습니다.
[20151115, 광주]  11건의 결과가 검색되었습니다.
[20150505, 울산]   1건의 결과가 검색되었습니다.
[20150113, 제주]  20건의 결과가 검색되었습니다.
[20150508, 포항]  검색된 결과가 없습니다.
[20150525, 포항]  검색된 결과가 없습니다.
[20150717, 김해]   8건의 결과가 검색되었습니다.
[20150626, 군산]  검색된 결과가 없습니다.
[20151008, 대구]   2건의 결과가 검색되었습니다.
[20150103, 청주]  검색된 결과가 없습니다.
[20150802, 양양]   1건의 결과가 검색되었습니다.
[20150627, 청주]   1건의 결과가 검색되었습니다.
[20151202, 양양]  검색된 결과가 없습니다.
[20150706, 광주]  검색된 결과가 없습니다.
[20150318, 울산]  검색된 결과가 없습니다.
[20150330, 울산]   2건의 결과가 검색되었습니다.
[20151024, 원주]  검색된 결과가 없습니다.
[20150428, 김해]   6건의 결과가 검색되었습니다.
[20150909, 김해]   5건의 결과가 검색되었습니다.
[20151216, 김포]  20건의 결과가 검색되었습니다.
[20150814, 제주]  25건의 결과가 검색되었습니다.
[20150121, 무안]  검색된 결과가 없습니다.
[20151112, 여수]  검색된 결과가 없습니다.
[20150420, 원주]  검색된 결과가 없습니다.
[20150513, 제주]  34건의 결과가 검색되었습니다.
[20150627, 무안]  검색된 결과가 없습니다.
[20151009, 사천]  검색된 결과가 없습니다.
[20150623, 광주]  검색된 결과가 없습니다.
[20151013, 군산]   1건의 결과가 검색되었습니다.
[20150615, 김해]  19건의 결과가 검색되었습니다.
[20150211, 무안]  검색된 결과가 없습니다.
[20150812, 사천]  검색된 결과가 없습니다.
[20150806, 대구]   5건의 결과가 검색되었습니다.
[20150118, 군산]  검색된 결과가 없습니다.
[20151115, 김해]  16건의 결과가 검색되었습니다.
[20150712, 광주]  14건의 결과가 검색되었습니다.
[20150307, 제주]   9건의 결과가 검색되었습니다.
[20151013, 원주]  검색된 결과가 없습니다.
[20150528, 원주]  검색된 결과가 없습니다.
[20150512, 무안]  검색된 결과가 없습니다.
[20150114, 제주]  26건의 결과가 검색되었습니다.
[20150531, 청주]   2건의 결과가 검색되었습니다.
[20150405, 군산]   1건의 결과가 검색되었습니다.
[20150103, 양양]  검색된 결과가 없습니다.
[20150809, 원주]  검색된 결과가 없습니다.
[20150902, 원주]  검색된 결과가 없습니다.
[20150401, 김해]  16건의 결과가 검색되었습니다.
[20150415, 김해]  23건의 결과가 검색되었습니다.
[20150529, 청주]   2건의 결과가 검색되었습니다.
[20150115, 청주]   1건의 결과가 검색되었습니다.
[20150310, 여수]  검색된 결과가 없습니다.
[20151218, 원주]  검색된 결과가 없습니다.
[20151216, 청주]   2건의 결과가 검색되었습니다.
[20150217, 대구]  검색된 결과가 없습니다.
[20150121, 여수]  검색된 결과가 없습니다.
[20150908, 무안]  검색된 결과가 없습니다.
[20150214, 김해]   3건의 결과가 검색되었습니다.
[20150602, 제주]  91건의 결과가 검색되었습니다.
[20150821, 제주]  49건의 결과가 검색되었습니다.
[20151108, 청주]  검색된 결과가 없습니다.
[20150310, 울산]  검색된 결과가 없습니다.
[20150506, 김포]  18건의 결과가 검색되었습니다.
[20150130, 군산]  검색된 결과가 없습니다.
[20150414, 사천]  검색된 결과가 없습니다.
[20151104, 원주]  검색된 결과가 없습니다.
[20150612, 사천]  검색된 결과가 없습니다.
[20151019, 제주]  83건의 결과가 검색되었습니다.
[20150416, 포항]  검색된 결과가 없습니다.
[20150817, 대구]   1건의 결과가 검색되었습니다.
[20151207, 대구]   1건의 결과가 검색되었습니다.
[20150511, 무안]  검색된 결과가 없습니다.
[20150829, 청주]  검색된 결과가 없습니다.
[20151010, 군산]  검색된 결과가 없습니다.
[20151221, 군산]   1건의 결과가 검색되었습니다.
[20150808, 여수]  검색된 결과가 없습니다.
[20151220, 광주]   1건의 결과가 검색되었습니다.
[20150613, 울산]   3건의 결과가 검색되었습니다.
[20150915, 울산]  검색된 결과가 없습니다.
[20150517, 양양]  검색된 결과가 없습니다.
[20150427, 광주]   2건의 결과가 검색되었습니다.
[20150922, 청주]   2건의 결과가 검색되었습니다.
[20150713, 청주]   3건의 결과가 검색되었습니다.
[20150702, 김포]   5건의 결과가 검색되었습니다.
[20150110, 원주]  검색된 결과가 없습니다.
[20150405, 여수]   1건의 결과가 검색되었습니다.
[20150823, 청주]   1건의 결과가 검색되었습니다.
[20150415, 울산]  검색된 결과가 없습니다.
[20150327, 울산]  검색된 결과가 없습니다.
[20150622, 양양]  검색된 결과가 없습니다.
[20151120, 김포]  22건의 결과가 검색되었습니다.
[20151228, 군산]   1건의 결과가 검색되었습니다.
[20150214, 광주]   4건의 결과가 검색되었습니다.
[20150105, 여수]   1건의 결과가 검색되었습니다.
[20150614, 양양]  검색된 결과가 없습니다.
[20151020, 김포]  40건의 결과가 검색되었습니다.
[20150930, 원주]  검색된 결과가 없습니다.
[20150731, 사천]  검색된 결과가 없습니다.
[20151122, 무안]  검색된 결과가 없습니다.
[20150402, 원주]  검색된 결과가 없습니다.
[20150701, 양양]  검색된 결과가 없습니다.
[20150221, 무안]  검색된 결과가 없습니다.
[20150222, 양양]  검색된 결과가 없습니다.
[20150412, 제주]  84건의 결과가 검색되었습니다.
[20151219, 여수]  검색된 결과가 없습니다.
[20150828, 청주]   1건의 결과가 검색되었습니다.
[20150125, 울산]  검색된 결과가 없습니다.
[20150525, 울산]  검색된 결과가 없습니다.
[20150924, 포항]  검색된 결과가 없습니다.
[20150105, 사천]  검색된 결과가 없습니다.
[20150601, 대구]   7건의 결과가 검색되었습니다.
[20150702, 포항]  검색된 결과가 없습니다.
[20150926, 여수]  검색된 결과가 없습니다.
[20150314, 김포]   5건의 결과가 검색되었습니다.
[20150613, 김해]  10건의 결과가 검색되었습니다.
[20150115, 원주]  검색된 결과가 없습니다.
[20151030, 여수]   1건의 결과가 검색되었습니다.
[20151128, 무안]  검색된 결과가 없습니다.
[20151223, 광주]  검색된 결과가 없습니다.
[20150804, 제주]  58건의 결과가 검색되었습니다.
[20150602, 청주]   2건의 결과가 검색되었습니다.
[20150715, 광주]   9건의 결과가 검색되었습니다.
[20150520, 사천]  검색된 결과가 없습니다.
[20150805, 대구]   1건의 결과가 검색되었습니다.
[20150819, 무안]  검색된 결과가 없습니다.
[20150520, 포항]  검색된 결과가 없습니다.
[20150916, 포항]  검색된 결과가 없습니다.
[20150327, 김해]  13건의 결과가 검색되었습니다.
[20150409, 제주]  80건의 결과가 검색되었습니다.
[20150629, 김포]   7건의 결과가 검색되었습니다.
[20150125, 포항]  검색된 결과가 없습니다.
[20150603, 제주]  46건의 결과가 검색되었습니다.
[20151002, 제주]  71건의 결과가 검색되었습니다.
[20151120, 군산]   1건의 결과가 검색되었습니다.
[20150708, 김해]   7건의 결과가 검색되었습니다.
[20150920, 제주]  54건의 결과가 검색되었습니다.
[20150122, 사천]   2건의 결과가 검색되었습니다.
[20151129, 사천]  검색된 결과가 없습니다.
[20150221, 김해]   9건의 결과가 검색되었습니다.
[20150721, 청주]   2건의 결과가 검색되었습니다.
[20150707, 사천]  검색된 결과가 없습니다.
[20150428, 울산]  검색된 결과가 없습니다.
[20150909, 울산]  검색된 결과가 없습니다.
[20151030, 사천]  검색된 결과가 없습니다.
[20150401, 포항]  검색된 결과가 없습니다.
[20150401, 군산]   2건의 결과가 검색되었습니다.
[20150922, 원주]  검색된 결과가 없습니다.
[20151231, 대구]   1건의 결과가 검색되었습니다.
[20151107, 군산]  검색된 결과가 없습니다.
[20150711, 울산]   1건의 결과가 검색되었습니다.
[20151010, 원주]  검색된 결과가 없습니다.
[20150725, 울산]  검색된 결과가 없습니다.
[20150226, 사천]  검색된 결과가 없습니다.
[20150612, 광주]   1건의 결과가 검색되었습니다.
[20151215, 사천]  검색된 결과가 없습니다.
[20150630, 여수]  검색된 결과가 없습니다.
[20150327, 광주]  검색된 결과가 없습니다.
[20150630, 포항]  검색된 결과가 없습니다.
[20151208, 김포]   8건의 결과가 검색되었습니다.
[20150211, 사천]  검색된 결과가 없습니다.
[20150530, 광주]   3건의 결과가 검색되었습니다.
[20150618, 제주]  10건의 결과가 검색되었습니다.
[20151026, 포항]  검색된 결과가 없습니다.
[20150709, 제주]  34건의 결과가 검색되었습니다.
[20151029, 무안]  검색된 결과가 없습니다.
[20150810, 김해]   8건의 결과가 검색되었습니다.
[20150514, 청주]  검색된 결과가 없습니다.
[20150502, 울산]  검색된 결과가 없습니다.
[20150628, 울산]  검색된 결과가 없습니다.
[20151130, 울산]  검색된 결과가 없습니다.
[20150723, 무안]  검색된 결과가 없습니다.
[20151214, 여수]  검색된 결과가 없습니다.
[20150803, 무안]  검색된 결과가 없습니다.
[20150205, 광주]   1건의 결과가 검색되었습니다.
[20150104, 양양]  검색된 결과가 없습니다.
[20150308, 포항]  검색된 결과가 없습니다.
[20150320, 포항]  검색된 결과가 없습니다.
[20150815, 군산]  검색된 결과가 없습니다.
[20151014, 대구]   4건의 결과가 검색되었습니다.
[20150310, 광주]  검색된 결과가 없습니다.
[20150101, 제주]  74건의 결과가 검색되었습니다.
[20151121, 무안]  검색된 결과가 없습니다.
[20150315, 김해]   5건의 결과가 검색되었습니다.
[20150412, 사천]  검색된 결과가 없습니다.
[20150324, 청주]   1건의 결과가 검색되었습니다.
[20151016, 무안]   2건의 결과가 검색되었습니다.
[20150702, 무안]  검색된 결과가 없습니다.
[20150820, 포항]  검색된 결과가 없습니다.
[20150823, 김해]  10건의 결과가 검색되었습니다.
[20150118, 원주]  검색된 결과가 없습니다.
[20151116, 포항]  검색된 결과가 없습니다.
[20150601, 양양]  검색된 결과가 없습니다.
[20150110, 김해]   2건의 결과가 검색되었습니다.
[20150925, 원주]  검색된 결과가 없습니다.
[20150614, 김해]   3건의 결과가 검색되었습니다.
[20150806, 제주]  62건의 결과가 검색되었습니다.
[20150414, 군산]  검색된 결과가 없습니다.
[20150830, 무안]  검색된 결과가 없습니다.
[20150412, 김포]  28건의 결과가 검색되었습니다.
[20150720, 여수]   1건의 결과가 검색되었습니다.
[20150810, 울산]  검색된 결과가 없습니다.
[20150418, 무안]  검색된 결과가 없습니다.
[20150501, 여수]  검색된 결과가 없습니다.
[20150912, 김포]  10건의 결과가 검색되었습니다.
[20150319, 김포]   7건의 결과가 검색되었습니다.
[20150518, 군산]   1건의 결과가 검색되었습니다.
[20150329, 무안]  검색된 결과가 없습니다.
[20150303, 무안]  검색된 결과가 없습니다.
[20150715, 사천]   1건의 결과가 검색되었습니다.
[20151114, 무안]  검색된 결과가 없습니다.
[20150912, 광주]  검색된 결과가 없습니다.
[20151119, 김포]  29건의 결과가 검색되었습니다.
[20150722, 대구]  검색된 결과가 없습니다.
[20150319, 광주]   1건의 결과가 검색되었습니다.
[20150514, 김포]  19건의 결과가 검색되었습니다.
[20151019, 여수]  검색된 결과가 없습니다.
[20150224, 무안]  검색된 결과가 없습니다.
[20150614, 대구]  검색된 결과가 없습니다.
[20150606, 울산]  검색된 결과가 없습니다.
[20150429, 여수]   3건의 결과가 검색되었습니다.
[20150411, 대구]  검색된 결과가 없습니다.
[20151020, 제주]  92건의 결과가 검색되었습니다.
[20150615, 무안]  검색된 결과가 없습니다.
[20150411, 포항]  검색된 결과가 없습니다.
[20150228, 여수]  검색된 결과가 없습니다.
[20150322, 원주]  검색된 결과가 없습니다.
[20151222, 김포]  18건의 결과가 검색되었습니다.
[20150917, 대구]  검색된 결과가 없습니다.
[20151210, 김포]  17건의 결과가 검색되었습니다.
[20150305, 울산]  검색된 결과가 없습니다.
[20150703, 광주]   1건의 결과가 검색되었습니다.
[20150809, 울산]  검색된 결과가 없습니다.
[20150924, 대구]  검색된 결과가 없습니다.
[20150706, 울산]  검색된 결과가 없습니다.
[20150415, 제주]  81건의 결과가 검색되었습니다.
[20151205, 울산]  검색된 결과가 없습니다.
[20150902, 사천]   1건의 결과가 검색되었습니다.
[20151211, 청주]  검색된 결과가 없습니다.
[20151206, 사천]  검색된 결과가 없습니다.
[20150802, 제주]  49건의 결과가 검색되었습니다.
[20151006, 원주]  검색된 결과가 없습니다.
[20150403, 울산]   1건의 결과가 검색되었습니다.
[20150514, 울산]  검색된 결과가 없습니다.
[20150323, 김포]  16건의 결과가 검색되었습니다.
[20150321, 청주]  검색된 결과가 없습니다.
[20150524, 무안]  검색된 결과가 없습니다.
[20150820, 대구]   1건의 결과가 검색되었습니다.
[20150424, 청주]   1건의 결과가 검색되었습니다.
[20150720, 청주]   1건의 결과가 검색되었습니다.
[20151003, 포항]  검색된 결과가 없습니다.
[20150219, 여수]  검색된 결과가 없습니다.
[20150417, 광주]   7건의 결과가 검색되었습니다.
[20150212, 군산]  검색된 결과가 없습니다.
[20150904, 사천]   1건의 결과가 검색되었습니다.
[20150409, 사천]  검색된 결과가 없습니다.
[20150205, 청주]   1건의 결과가 검색되었습니다.
[20150515, 무안]   2건의 결과가 검색되었습니다.
[20150509, 대구]  검색된 결과가 없습니다.
[20150918, 무안]   1건의 결과가 검색되었습니다.
[20150129, 무안]   1건의 결과가 검색되었습니다.
[20150307, 양양]  검색된 결과가 없습니다.
[20150306, 대구]  검색된 결과가 없습니다.
[20151120, 사천]   1건의 결과가 검색되었습니다.
[20151114, 사천]  검색된 결과가 없습니다.
[20150210, 군산]  검색된 결과가 없습니다.
[20151202, 청주]  검색된 결과가 없습니다.
[20150721, 울산]  검색된 결과가 없습니다.
[20150903, 무안]  검색된 결과가 없습니다.
[20151112, 양양]  검색된 결과가 없습니다.
[20150810, 양양]  검색된 결과가 없습니다.
[20151228, 광주]   6건의 결과가 검색되었습니다.
[20150223, 양양]  검색된 결과가 없습니다.
[20150331, 양양]  검색된 결과가 없습니다.
[20151119, 제주]  51건의 결과가 검색되었습니다.
[20150706, 김해]   2건의 결과가 검색되었습니다.
[20150324, 광주]   1건의 결과가 검색되었습니다.
[20150831, 청주]   2건의 결과가 검색되었습니다.
[20150128, 사천]  검색된 결과가 없습니다.
[20150819, 대구]   3건의 결과가 검색되었습니다.
[20150403, 양양]  검색된 결과가 없습니다.
[20151212, 대구]  검색된 결과가 없습니다.
[20150519, 김해]  30건의 결과가 검색되었습니다.
[20150711, 김해]  12건의 결과가 검색되었습니다.
[20150101, 양양]  검색된 결과가 없습니다.
[20151007, 대구]  검색된 결과가 없습니다.
[20150702, 사천]  검색된 결과가 없습니다.
[20150624, 광주]  검색된 결과가 없습니다.
[20150930, 울산]  검색된 결과가 없습니다.
[20150422, 원주]  검색된 결과가 없습니다.
[20151015, 광주]   6건의 결과가 검색되었습니다.
[20151227, 포항]  검색된 결과가 없습니다.
[20150602, 울산]  검색된 결과가 없습니다.
[20151214, 원주]  검색된 결과가 없습니다.
[20150303, 포항]  검색된 결과가 없습니다.
[20150313, 울산]   1건의 결과가 검색되었습니다.
[20150205, 양양]   1건의 결과가 검색되었습니다.
[20150813, 포항]  검색된 결과가 없습니다.
[20151203, 제주] 109건의 결과가 검색되었습니다.
[20150508, 사천]  검색된 결과가 없습니다.
[20150430, 김포]  33건의 결과가 검색되었습니다.
[20151115, 무안]  검색된 결과가 없습니다.
[20151223, 김포]  22건의 결과가 검색되었습니다.
[20150525, 청주]  검색된 결과가 없습니다.
[20150614, 포항]  검색된 결과가 없습니다.
[20151110, 대구]  검색된 결과가 없습니다.
[20151130, 김해]   7건의 결과가 검색되었습니다.
[20150712, 원주]   1건의 결과가 검색되었습니다.
[20150726, 김해]   2건의 결과가 검색되었습니다.
[20150131, 원주]  검색된 결과가 없습니다.
[20150109, 여수]  검색된 결과가 없습니다.
[20150107, 포항]  검색된 결과가 없습니다.
[20150516, 포항]  검색된 결과가 없습니다.
[20151023, 포항]  검색된 결과가 없습니다.
[20150311, 울산]  검색된 결과가 없습니다.
[20150123, 무안]  검색된 결과가 없습니다.
[20150423, 군산]  검색된 결과가 없습니다.
[20151005, 원주]  검색된 결과가 없습니다.
[20151231, 사천]  검색된 결과가 없습니다.
[20150919, 광주]  검색된 결과가 없습니다.
[20150313, 여수]  검색된 결과가 없습니다.
[20150726, 대구]  검색된 결과가 없습니다.
[20150815, 사천]  검색된 결과가 없습니다.
[20150519, 원주]  검색된 결과가 없습니다.
[20150309, 청주]   1건의 결과가 검색되었습니다.
[20150811, 원주]  검색된 결과가 없습니다.
[20151123, 광주]   3건의 결과가 검색되었습니다.
[20150524, 포항]  검색된 결과가 없습니다.
[20150823, 울산]  검색된 결과가 없습니다.
[20150320, 양양]  검색된 결과가 없습니다.
[20150620, 울산]  검색된 결과가 없습니다.
[20151022, 울산]   1건의 결과가 검색되었습니다.
[20151113, 광주]   4건의 결과가 검색되었습니다.
[20151229, 군산]  검색된 결과가 없습니다.
[20150527, 원주]  검색된 결과가 없습니다.
[20150715, 제주]  58건의 결과가 검색되었습니다.
[20151203, 원주]   1건의 결과가 검색되었습니다.
[20151004, 김해]   5건의 결과가 검색되었습니다.
[20150122, 여수]  검색된 결과가 없습니다.
[20150922, 울산]  검색된 결과가 없습니다.
[20150613, 청주]  검색된 결과가 없습니다.
[20150224, 포항]  검색된 결과가 없습니다.
[20150829, 울산]  검색된 결과가 없습니다.
[20151204, 무안]  검색된 결과가 없습니다.
[20150209, 원주]  검색된 결과가 없습니다.
[20151223, 군산]  검색된 결과가 없습니다.
[20150904, 광주]   4건의 결과가 검색되었습니다.
[20150830, 사천]   1건의 결과가 검색되었습니다.
[20151108, 울산]  검색된 결과가 없습니다.
[20150920, 김포]  10건의 결과가 검색되었습니다.
[20150410, 여수]  검색된 결과가 없습니다.
[20150129, 사천]  검색된 결과가 없습니다.
[20150528, 광주]   2건의 결과가 검색되었습니다.
[20150514, 여수]  검색된 결과가 없습니다.
[20150305, 김해]   1건의 결과가 검색되었습니다.
[20150320, 여수]  검색된 결과가 없습니다.
[20150325, 대구]  검색된 결과가 없습니다.
[20150409, 양양]   1건의 결과가 검색되었습니다.
[20150206, 무안]  검색된 결과가 없습니다.
[20150504, 김해]  10건의 결과가 검색되었습니다.
[20150127, 광주]  검색된 결과가 없습니다.
[20150824, 광주]   3건의 결과가 검색되었습니다.
[20150618, 군산]  검색된 결과가 없습니다.
[20150208, 사천]   1건의 결과가 검색되었습니다.
[20151121, 군산]  검색된 결과가 없습니다.
[20150307, 김해]   1건의 결과가 검색되었습니다.
[20151122, 김해]   6건의 결과가 검색되었습니다.
[20150922, 김해]   4건의 결과가 검색되었습니다.
[20150421, 원주]  검색된 결과가 없습니다.
[20150128, 여수]  검색된 결과가 없습니다.
[20150405, 원주]  검색된 결과가 없습니다.
[20150421, 포항]  검색된 결과가 없습니다.
[20150205, 원주]  검색된 결과가 없습니다.
[20150220, 제주]  27건의 결과가 검색되었습니다.
[20150307, 청주]  검색된 결과가 없습니다.
[20150807, 포항]  검색된 결과가 없습니다.
[20151203, 사천]   2건의 결과가 검색되었습니다.
[20151027, 무안]  검색된 결과가 없습니다.
[20150725, 제주]  53건의 결과가 검색되었습니다.
[20150528, 군산]  검색된 결과가 없습니다.
[20150413, 원주]  검색된 결과가 없습니다.
[20150203, 제주]  10건의 결과가 검색되었습니다.
[20150504, 청주]   2건의 결과가 검색되었습니다.
[20151106, 청주]   3건의 결과가 검색되었습니다.
[20151208, 포항]  검색된 결과가 없습니다.
[20151219, 김해]   4건의 결과가 검색되었습니다.
[20151011, 사천]  검색된 결과가 없습니다.
[20151106, 포항]  검색된 결과가 없습니다.
[20151208, 청주]   2건의 결과가 검색되었습니다.
[20150614, 무안]   1건의 결과가 검색되었습니다.
[20150224, 대구]  검색된 결과가 없습니다.
[20151028, 군산]  검색된 결과가 없습니다.
[20151108, 사천]  검색된 결과가 없습니다.
[20150920, 군산]  검색된 결과가 없습니다.
[20150705, 군산]  검색된 결과가 없습니다.
[20150810, 원주]  검색된 결과가 없습니다.
[20151012, 대구]   4건의 결과가 검색되었습니다.
[20151002, 군산]   1건의 결과가 검색되었습니다.
[20150613, 제주]   6건의 결과가 검색되었습니다.
[20151120, 제주]  43건의 결과가 검색되었습니다.
[20151031, 군산]   1건의 결과가 검색되었습니다.
[20150121, 원주]  검색된 결과가 없습니다.
[20150101, 여수]  검색된 결과가 없습니다.
[20150210, 여수]  검색된 결과가 없습니다.
[20151023, 제주]  81건의 결과가 검색되었습니다.
[20150516, 제주]  20건의 결과가 검색되었습니다.
[20150418, 사천]  검색된 결과가 없습니다.
[20151130, 사천]   1건의 결과가 검색되었습니다.
[20150919, 여수]  검색된 결과가 없습니다.
[20150218, 무안]   1건의 결과가 검색되었습니다.
[20150623, 양양]  검색된 결과가 없습니다.
[20151014, 원주]  검색된 결과가 없습니다.
[20151015, 무안]   3건의 결과가 검색되었습니다.
[20150930, 김해]  14건의 결과가 검색되었습니다.
[20150504, 포항]  검색된 결과가 없습니다.
[20150831, 김포]  15건의 결과가 검색되었습니다.
[20150801, 무안]   1건의 결과가 검색되었습니다.
[20150702, 군산]  검색된 결과가 없습니다.
[20151013, 무안]  검색된 결과가 없습니다.
[20150813, 무안]  검색된 결과가 없습니다.
[20151220, 울산]  검색된 결과가 없습니다.
[20150821, 김포]  22건의 결과가 검색되었습니다.
[20151230, 군산]  검색된 결과가 없습니다.
[20151018, 사천]   2건의 결과가 검색되었습니다.
[20150322, 김포]  14건의 결과가 검색되었습니다.
[20150503, 김해]  21건의 결과가 검색되었습니다.
[20150323, 대구]  검색된 결과가 없습니다.
[20150605, 광주]   1건의 결과가 검색되었습니다.
[20151228, 김포]  40건의 결과가 검색되었습니다.
[20151217, 군산]   2건의 결과가 검색되었습니다.
[20150615, 청주]  검색된 결과가 없습니다.
[20151119, 울산]  검색된 결과가 없습니다.
[20151025, 무안]  검색된 결과가 없습니다.
[20150406, 대구]   4건의 결과가 검색되었습니다.
[20151011, 김해]   6건의 결과가 검색되었습니다.
[20150407, 대구]   1건의 결과가 검색되었습니다.
[20150201, 김해]   1건의 결과가 검색되었습니다.
[20150809, 무안]  검색된 결과가 없습니다.
[20150902, 무안]  검색된 결과가 없습니다.
[20150921, 포항]  검색된 결과가 없습니다.
[20151008, 여수]  검색된 결과가 없습니다.
[20150912, 군산]  검색된 결과가 없습니다.
[20150319, 군산]  검색된 결과가 없습니다.
[20150522, 울산]   1건의 결과가 검색되었습니다.
[20150913, 대구]   1건의 결과가 검색되었습니다.
[20150318, 김포]  22건의 결과가 검색되었습니다.
[20150507, 김해]  10건의 결과가 검색되었습니다.
[20150114, 김포]   4건의 결과가 검색되었습니다.
[20150929, 청주]  검색된 결과가 없습니다.
[20150717, 청주]   1건의 결과가 검색되었습니다.
[20150406, 원주]  검색된 결과가 없습니다.
[20150709, 김해]   6건의 결과가 검색되었습니다.
[20150127, 사천]   1건의 결과가 검색되었습니다.
[20150419, 제주] 142건의 결과가 검색되었습니다.
[20150605, 군산]  검색된 결과가 없습니다.
[20151103, 울산]  검색된 결과가 없습니다.
[20150904, 원주]  검색된 결과가 없습니다.
[20150112, 제주]  17건의 결과가 검색되었습니다.
[20150818, 김해]   7건의 결과가 검색되었습니다.
[20151007, 무안]   1건의 결과가 검색되었습니다.
[20150718, 청주]  검색된 결과가 없습니다.
[20151019, 군산]  검색된 결과가 없습니다.
[20150718, 여수]  검색된 결과가 없습니다.
[20150110, 광주]   1건의 결과가 검색되었습니다.
[20151001, 무안]  검색된 결과가 없습니다.
[20150301, 사천]  검색된 결과가 없습니다.
[20151116, 군산]   1건의 결과가 검색되었습니다.
[20151113, 원주]  검색된 결과가 없습니다.
[20150316, 제주]  29건의 결과가 검색되었습니다.
[20150816, 무안]  검색된 결과가 없습니다.
[20150216, 사천]   1건의 결과가 검색되었습니다.
[20150729, 청주]   2건의 결과가 검색되었습니다.
[20151231, 김해]  10건의 결과가 검색되었습니다.
[20150814, 김포]  12건의 결과가 검색되었습니다.
[20150904, 여수]   2건의 결과가 검색되었습니다.
[20150827, 광주]  검색된 결과가 없습니다.
[20151101, 김포]  26건의 결과가 검색되었습니다.
[20151224, 김해]  10건의 결과가 검색되었습니다.
[20151102, 사천]   1건의 결과가 검색되었습니다.
[20151117, 김포]   3건의 결과가 검색되었습니다.
[20150404, 양양]  검색된 결과가 없습니다.
[20150805, 제주]  54건의 결과가 검색되었습니다.
[20150918, 김포]  11건의 결과가 검색되었습니다.
[20150217, 청주]   2건의 결과가 검색되었습니다.
[20151105, 제주]  62건의 결과가 검색되었습니다.
[20150310, 사천]  검색된 결과가 없습니다.
[20150315, 대구]  검색된 결과가 없습니다.
[20150119, 무안]  검색된 결과가 없습니다.
[20150815, 포항]  검색된 결과가 없습니다.
[20150419, 원주]  검색된 결과가 없습니다.
[20150619, 대구]  검색된 결과가 없습니다.
[20150113, 김포]   6건의 결과가 검색되었습니다.
[20151123, 포항]  검색된 결과가 없습니다.
[20151115, 여수]   4건의 결과가 검색되었습니다.
[20151017, 울산]  검색된 결과가 없습니다.
[20150508, 여수]  검색된 결과가 없습니다.
[20150104, 원주]  검색된 결과가 없습니다.
[20150402, 대구]   8건의 결과가 검색되었습니다.
[20150609, 울산]   2건의 결과가 검색되었습니다.
[20150818, 울산]  검색된 결과가 없습니다.
[20150604, 사천]  검색된 결과가 없습니다.
[20150609, 군산]   1건의 결과가 검색되었습니다.
