[20160712, 사천]   1건의 결과가 검색되었습니다.
[20160621, 김해]   6건의 결과가 검색되었습니다.
[20160223, 포항] 검색된 결과가 없습니다.
[20161022, 청주]  13건의 결과가 검색되었습니다.
[20161112, 대구]   4건의 결과가 검색되었습니다.
[20160810, 대구]   7건의 결과가 검색되었습니다.
[20160909, 군산]   1건의 결과가 검색되었습니다.
[20160914, 원주] 검색된 결과가 없습니다.
[20160714, 광주]   3건의 결과가 검색되었습니다.
[20160606, 청주]   3건의 결과가 검색되었습니다.
[20160715, 울산] 검색된 결과가 없습니다.
[20161105, 김해]  12건의 결과가 검색되었습니다.
[20160926, 양양] 검색된 결과가 없습니다.
[20160517, 여수] 검색된 결과가 없습니다.
[20161203, 광주]   5건의 결과가 검색되었습니다.
[20160211, 대구]   4건의 결과가 검색되었습니다.
[20160926, 사천] 검색된 결과가 없습니다.
[20161023, 여수]   3건의 결과가 검색되었습니다.
[20160919, 제주] 118건의 결과가 검색되었습니다.
[20160501, 광주]   5건의 결과가 검색되었습니다.
[20160730, 광주]   6건의 결과가 검색되었습니다.
[20160112, 양양] 검색된 결과가 없습니다.
[20161014, 청주]   3건의 결과가 검색되었습니다.
[20160815, 김해]  18건의 결과가 검색되었습니다.
[20161021, 무안] 검색된 결과가 없습니다.
[20160921, 울산] 검색된 결과가 없습니다.
[20161213, 원주] 검색된 결과가 없습니다.
[20160314, 울산] 검색된 결과가 없습니다.
[20161016, 원주] 검색된 결과가 없습니다.
[20160528, 김해]  17건의 결과가 검색되었습니다.
[20161111, 포항] 검색된 결과가 없습니다.
[20160908, 군산] 검색된 결과가 없습니다.
[20161210, 청주]   3건의 결과가 검색되었습니다.
[20161127, 군산] 검색된 결과가 없습니다.
[20160613, 원주] 검색된 결과가 없습니다.
[20160416, 군산]   1건의 결과가 검색되었습니다.
[20160216, 원주]   1건의 결과가 검색되었습니다.
[20161124, 여수]   1건의 결과가 검색되었습니다.
[20160414, 포항] 검색된 결과가 없습니다.
[20160922, 청주]   2건의 결과가 검색되었습니다.
[20160705, 사천]   2건의 결과가 검색되었습니다.
[20160516, 울산] 검색된 결과가 없습니다.
[20160721, 울산] 검색된 결과가 없습니다.
[20160617, 무안]   1건의 결과가 검색되었습니다.
[20161026, 청주]  12건의 결과가 검색되었습니다.
[20160722, 군산]   1건의 결과가 검색되었습니다.
[20160905, 원주] 검색된 결과가 없습니다.
[20160426, 대구]   3건의 결과가 검색되었습니다.
[20161221, 포항] 검색된 결과가 없습니다.
[20160213, 원주]   1건의 결과가 검색되었습니다.
[20161128, 여수] 검색된 결과가 없습니다.
[20160909, 청주] 검색된 결과가 없습니다.
[20160903, 사천] 검색된 결과가 없습니다.
[20160807, 청주]   6건의 결과가 검색되었습니다.
[20160616, 김해]   6건의 결과가 검색되었습니다.
[20160304, 대구] 검색된 결과가 없습니다.
[20160519, 광주]   5건의 결과가 검색되었습니다.
[20160304, 울산]   5건의 결과가 검색되었습니다.
[20161014, 김해]  10건의 결과가 검색되었습니다.
[20160605, 대구]   6건의 결과가 검색되었습니다.
[20160806, 울산] 검색된 결과가 없습니다.
[20160817, 울산] 검색된 결과가 없습니다.
[20161110, 울산]   5건의 결과가 검색되었습니다.
[20161110, 제주]  97건의 결과가 검색되었습니다.
[20161103, 울산]   1건의 결과가 검색되었습니다.
[20160713, 여수]   1건의 결과가 검색되었습니다.
[20161125, 원주]   1건의 결과가 검색되었습니다.
[20160111, 제주]  73건의 결과가 검색되었습니다.
[20161027, 무안] 검색된 결과가 없습니다.
[20160626, 대구]   1건의 결과가 검색되었습니다.
[20160130, 광주]   5건의 결과가 검색되었습니다.
[20160925, 군산]   1건의 결과가 검색되었습니다.
[20161216, 군산]   1건의 결과가 검색되었습니다.
[20160212, 대구]   5건의 결과가 검색되었습니다.
[20160130, 사천] 검색된 결과가 없습니다.
[20160402, 김해]   7건의 결과가 검색되었습니다.
[20160805, 원주] 검색된 결과가 없습니다.
[20161121, 광주]   1건의 결과가 검색되었습니다.
[20161102, 김포]  43건의 결과가 검색되었습니다.
[20160822, 김해]  19건의 결과가 검색되었습니다.
[20160427, 제주] 181건의 결과가 검색되었습니다.
[20160802, 사천]   1건의 결과가 검색되었습니다.
[20161203, 무안] 검색된 결과가 없습니다.
[20160627, 울산]   4건의 결과가 검색되었습니다.
[20160603, 김해]  26건의 결과가 검색되었습니다.
[20160812, 광주]   2건의 결과가 검색되었습니다.
[20160227, 포항] 검색된 결과가 없습니다.
[20160924, 김포]  20건의 결과가 검색되었습니다.
[20160609, 양양] 검색된 결과가 없습니다.
[20160309, 원주] 검색된 결과가 없습니다.
[20160504, 원주]   1건의 결과가 검색되었습니다.
[20160805, 무안] 검색된 결과가 없습니다.
[20160116, 제주]  61건의 결과가 검색되었습니다.
[20160708, 대구]   1건의 결과가 검색되었습니다.
[20160727, 김해]  30건의 결과가 검색되었습니다.
[20161016, 군산] 검색된 결과가 없습니다.
[20160316, 여수] 검색된 결과가 없습니다.
[20161123, 광주]   3건의 결과가 검색되었습니다.
[20161229, 포항] 검색된 결과가 없습니다.
[20160723, 포항] 검색된 결과가 없습니다.
[20160228, 양양] 검색된 결과가 없습니다.
[20160408, 원주] 검색된 결과가 없습니다.
[20160315, 무안] 검색된 결과가 없습니다.
[20160301, 김포]   9건의 결과가 검색되었습니다.
[20160727, 무안]   1건의 결과가 검색되었습니다.
[20160328, 원주] 검색된 결과가 없습니다.
[20160915, 원주] 검색된 결과가 없습니다.
[20160328, 광주]   5건의 결과가 검색되었습니다.
[20160621, 여수] 검색된 결과가 없습니다.
[20161112, 양양] 검색된 결과가 없습니다.
[20161002, 사천]   1건의 결과가 검색되었습니다.
[20160318, 원주] 검색된 결과가 없습니다.
[20160211, 김포]  63건의 결과가 검색되었습니다.
[20160715, 포항] 검색된 결과가 없습니다.
[20160313, 포항] 검색된 결과가 없습니다.
[20160428, 광주]   8건의 결과가 검색되었습니다.
[20160506, 포항] 검색된 결과가 없습니다.
[20160907, 청주]   1건의 결과가 검색되었습니다.
[20160328, 사천] 검색된 결과가 없습니다.
[20160322, 사천]   1건의 결과가 검색되었습니다.
[20160707, 청주]   3건의 결과가 검색되었습니다.
[20160128, 울산]   2건의 결과가 검색되었습니다.
[20160514, 광주]   5건의 결과가 검색되었습니다.
[20160424, 청주]   4건의 결과가 검색되었습니다.
[20160827, 김해]  12건의 결과가 검색되었습니다.
[20161118, 군산]   2건의 결과가 검색되었습니다.
[20161212, 김포]  18건의 결과가 검색되었습니다.
[20160324, 여수] 검색된 결과가 없습니다.
[20160411, 김해]  13건의 결과가 검색되었습니다.
[20160407, 제주]  66건의 결과가 검색되었습니다.
[20160416, 제주] 186건의 결과가 검색되었습니다.
[20160724, 군산]   1건의 결과가 검색되었습니다.
[20160704, 여수]   3건의 결과가 검색되었습니다.
[20161024, 제주] 109건의 결과가 검색되었습니다.
[20160427, 사천]   1건의 결과가 검색되었습니다.
[20160430, 청주]   5건의 결과가 검색되었습니다.
[20161027, 김해]  22건의 결과가 검색되었습니다.
[20161120, 대구]   1건의 결과가 검색되었습니다.
[20160824, 여수] 검색된 결과가 없습니다.
[20161225, 원주] 검색된 결과가 없습니다.
[20160516, 무안] 검색된 결과가 없습니다.
[20160804, 군산]   2건의 결과가 검색되었습니다.
[20161114, 양양] 검색된 결과가 없습니다.
[20160423, 포항] 검색된 결과가 없습니다.
