[20151205, 포항]   1건의 결과가 검색되었습니다.
[20150126, 광주]   5건의 결과가 검색되었습니다.
[20151003, 여수]   1건의 결과가 검색되었습니다.
[20150724, 군산]   1건의 결과가 검색되었습니다.
[20150613, 김포]   1건의 결과가 검색되었습니다.
[20150902, 광주]   1건의 결과가 검색되었습니다.
[20150929, 사천]   1건의 결과가 검색되었습니다.
[20151010, 김해]   1건의 결과가 검색되었습니다.
[20151024, 김해]   1건의 결과가 검색되었습니다.
[20151014, 울산]   1건의 결과가 검색되었습니다.
[20150727, 광주]   1건의 결과가 검색되었습니다.
[20150209, 제주]  25건의 결과가 검색되었습니다.
[20150429, 제주]   1건의 결과가 검색되었습니다.
[20150822, 무안] 검색된 결과가 없습니다.
[20150921, 원주] 검색된 결과가 없습니다.
[20150104, 울산] 검색된 결과가 없습니다.
[20150530, 원주] 검색된 결과가 없습니다.
[20150513, 김해]  16건의 결과가 검색되었습니다.
[20150202, 무안] 검색된 결과가 없습니다.
[20150210, 양양] 검색된 결과가 없습니다.
[20150524, 여수] 검색된 결과가 없습니다.
[20150612, 사천] 검색된 결과가 없습니다.
[20150509, 김포]  14건의 결과가 검색되었습니다.
[20150125, 김해]   5건의 결과가 검색되었습니다.
[20150604, 대구]   2건의 결과가 검색되었습니다.
[20150911, 제주]  30건의 결과가 검색되었습니다.
[20150729, 사천] 검색된 결과가 없습니다.
[20151102, 포항]   1건의 결과가 검색되었습니다.
[20150312, 여수] 검색된 결과가 없습니다.
[20151106, 군산]   1건의 결과가 검색되었습니다.
[20150803, 김포]  36건의 결과가 검색되었습니다.
[20150827, 청주]   2건의 결과가 검색되었습니다.
[20150320, 청주]   2건의 결과가 검색되었습니다.
[20151031, 김포]  16건의 결과가 검색되었습니다.
[20150203, 울산] 검색된 결과가 없습니다.
[20150516, 군산] 검색된 결과가 없습니다.
[20150901, 양양] 검색된 결과가 없습니다.
[20150417, 원주] 검색된 결과가 없습니다.
[20150510, 여수] 검색된 결과가 없습니다.
[20151007, 김해]   6건의 결과가 검색되었습니다.
[20151002, 원주] 검색된 결과가 없습니다.
