[20170901, 무안] 검색된 결과가 없습니다.
[20170825, 여수]   1건의 결과가 검색되었습니다.
[20170730, 무안] 검색된 결과가 없습니다.
[20170906, 원주] 검색된 결과가 없습니다.
[20170815, 김해]   8건의 결과가 검색되었습니다.
[20170116, 양양] 검색된 결과가 없습니다.
[20170811, 울산] 검색된 결과가 없습니다.
[20171128, 군산] 검색된 결과가 없습니다.
[20171202, 광주] 검색된 결과가 없습니다.
[20171006, 원주] 검색된 결과가 없습니다.
[20170807, 김포]   9건의 결과가 검색되었습니다.
[20170929, 제주]  41건의 결과가 검색되었습니다.
[20170706, 광주]   1건의 결과가 검색되었습니다.
[20170117, 양양] 검색된 결과가 없습니다.
[20170313, 김포]   5건의 결과가 검색되었습니다.
[20170324, 군산]   1건의 결과가 검색되었습니다.
[20170418, 청주]   4건의 결과가 검색되었습니다.
[20171102, 사천] 검색된 결과가 없습니다.
[20170728, 제주]  56건의 결과가 검색되었습니다.
[20170514, 김해]   2건의 결과가 검색되었습니다.
[20170526, 사천]   1건의 결과가 검색되었습니다.
[20170703, 제주]  56건의 결과가 검색되었습니다.
[20170101, 원주] 검색된 결과가 없습니다.
[20170906, 무안] 검색된 결과가 없습니다.
[20171112, 양양] 검색된 결과가 없습니다.
[20170607, 제주]  76건의 결과가 검색되었습니다.
[20170912, 무안] 검색된 결과가 없습니다.
[20171004, 울산] 검색된 결과가 없습니다.
[20170624, 포항] 검색된 결과가 없습니다.
[20170916, 군산] 검색된 결과가 없습니다.
[20170104, 김포]  23건의 결과가 검색되었습니다.
[20170119, 군산]   1건의 결과가 검색되었습니다.
[20170830, 무안] 검색된 결과가 없습니다.
[20170409, 원주] 검색된 결과가 없습니다.
[20170702, 양양] 검색된 결과가 없습니다.
[20171016, 여수] 검색된 결과가 없습니다.
[20170402, 무안] 검색된 결과가 없습니다.
[20170113, 양양] 검색된 결과가 없습니다.
[20171211, 원주]   1건의 결과가 검색되었습니다.
[20170822, 양양] 검색된 결과가 없습니다.
[20170327, 김해]   9건의 결과가 검색되었습니다.
[20170401, 무안]   1건의 결과가 검색되었습니다.
[20170718, 무안] 검색된 결과가 없습니다.
[20170614, 청주]   4건의 결과가 검색되었습니다.
[20171224, 광주]   5건의 결과가 검색되었습니다.
[20170228, 김포]  26건의 결과가 검색되었습니다.
[20170923, 사천] 검색된 결과가 없습니다.
[20170526, 군산] 검색된 결과가 없습니다.
[20170706, 포항] 검색된 결과가 없습니다.
[20170710, 광주]   3건의 결과가 검색되었습니다.
[20170313, 사천] 검색된 결과가 없습니다.
[20170428, 광주]   1건의 결과가 검색되었습니다.
[20170822, 원주] 검색된 결과가 없습니다.
[20170801, 원주] 검색된 결과가 없습니다.
[20171128, 청주]   2건의 결과가 검색되었습니다.
[20170324, 양양] 검색된 결과가 없습니다.
[20170923, 여수] 검색된 결과가 없습니다.
[20170421, 무안] 검색된 결과가 없습니다.
