[20150304, 사천] 검색된 결과가 없습니다.
[20150309, 포항] 검색된 결과가 없습니다.
[20150309, 광주]   2건의 결과가 검색되었습니다.
[20150924, 울산] 검색된 결과가 없습니다.
[20151016, 청주]  16건의 결과가 검색되었습니다.
[20150120, 제주]   8건의 결과가 검색되었습니다.
[20150630, 군산] 검색된 결과가 없습니다.
[20151216, 제주]  36건의 결과가 검색되었습니다.
[20150223, 사천] 검색된 결과가 없습니다.
[20150925, 제주]  97건의 결과가 검색되었습니다.
[20150207, 제주]  14건의 결과가 검색되었습니다.
[20150224, 청주]   1건의 결과가 검색되었습니다.
[20150728, 무안] 검색된 결과가 없습니다.
[20150208, 포항] 검색된 결과가 없습니다.
[20150918, 대구] 검색된 결과가 없습니다.
[20150226, 여수] 검색된 결과가 없습니다.
[20151229, 원주] 검색된 결과가 없습니다.
[20150621, 여수] 검색된 결과가 없습니다.
[20151119, 사천] 검색된 결과가 없습니다.
[20150327, 김포]  11건의 결과가 검색되었습니다.
[20150811, 사천]   1건의 결과가 검색되었습니다.
[20150401, 광주]   8건의 결과가 검색되었습니다.
[20150824, 양양] 검색된 결과가 없습니다.
[20150407, 김해]  10건의 결과가 검색되었습니다.
[20150505, 청주] 검색된 결과가 없습니다.
[20150907, 원주] 검색된 결과가 없습니다.
[20150801, 광주]   4건의 결과가 검색되었습니다.
[20151205, 청주]   1건의 결과가 검색되었습니다.
[20151102, 무안] 검색된 결과가 없습니다.
[20150205, 김포]  12건의 결과가 검색되었습니다.
[20150422, 울산] 검색된 결과가 없습니다.
[20150113, 울산] 검색된 결과가 없습니다.
[20151008, 청주]   2건의 결과가 검색되었습니다.
[20150414, 포항] 검색된 결과가 없습니다.
[20151008, 무안] 검색된 결과가 없습니다.
[20150403, 청주]   4건의 결과가 검색되었습니다.
[20150126, 무안]   1건의 결과가 검색되었습니다.
[20150404, 원주] 검색된 결과가 없습니다.
[20150530, 김해]  11건의 결과가 검색되었습니다.
[20150101, 사천] 검색된 결과가 없습니다.
[20150410, 포항] 검색된 결과가 없습니다.
[20150127, 대구] 검색된 결과가 없습니다.
[20150326, 양양] 검색된 결과가 없습니다.
[20150422, 대구] 검색된 결과가 없습니다.
[20151127, 포항] 검색된 결과가 없습니다.
[20150524, 제주]   5건의 결과가 검색되었습니다.
[20150107, 제주]  20건의 결과가 검색되었습니다.
[20150615, 대구]   1건의 결과가 검색되었습니다.
[20150412, 광주]   1건의 결과가 검색되었습니다.
[20150726, 울산]   1건의 결과가 검색되었습니다.
[20150517, 군산] 검색된 결과가 없습니다.
[20150212, 제주]  24건의 결과가 검색되었습니다.
[20150811, 울산] 검색된 결과가 없습니다.
[20150826, 여수] 검색된 결과가 없습니다.
[20151124, 원주] 검색된 결과가 없습니다.
[20150703, 울산] 검색된 결과가 없습니다.
[20150125, 제주]  30건의 결과가 검색되었습니다.
[20150709, 무안] 검색된 결과가 없습니다.
[20150222, 여수] 검색된 결과가 없습니다.
[20150825, 대구]   2건의 결과가 검색되었습니다.
[20150807, 대구]   3건의 결과가 검색되었습니다.
[20150818, 청주]   3건의 결과가 검색되었습니다.
[20151030, 군산] 검색된 결과가 없습니다.
[20150506, 대구] 검색된 결과가 없습니다.
[20150201, 청주]   1건의 결과가 검색되었습니다.
[20150703, 여수] 검색된 결과가 없습니다.
[20150201, 포항] 검색된 결과가 없습니다.
[20150529, 무안] 검색된 결과가 없습니다.
[20151005, 양양] 검색된 결과가 없습니다.
[20150417, 김해]  16건의 결과가 검색되었습니다.
[20150320, 무안] 검색된 결과가 없습니다.
[20150218, 양양] 검색된 결과가 없습니다.
[20150711, 무안]   1건의 결과가 검색되었습니다.
[20150628, 여수] 검색된 결과가 없습니다.
[20150613, 광주] 검색된 결과가 없습니다.
[20150227, 김포]  16건의 결과가 검색되었습니다.
[20151201, 군산] 검색된 결과가 없습니다.
[20150923, 원주] 검색된 결과가 없습니다.
[20150804, 사천] 검색된 결과가 없습니다.
[20150602, 포항] 검색된 결과가 없습니다.
[20150112, 대구]   1건의 결과가 검색되었습니다.
[20150704, 양양] 검색된 결과가 없습니다.
[20150621, 김포]   1건의 결과가 검색되었습니다.
[20150102, 무안]   1건의 결과가 검색되었습니다.
[20150512, 김해]  34건의 결과가 검색되었습니다.
[20150711, 포항] 검색된 결과가 없습니다.
[20150811, 무안] 검색된 결과가 없습니다.
[20151227, 울산] 검색된 결과가 없습니다.
[20151219, 대구] 검색된 결과가 없습니다.
[20150406, 포항] 검색된 결과가 없습니다.
[20151015, 군산] 검색된 결과가 없습니다.
[20150308, 제주]  15건의 결과가 검색되었습니다.
[20150812, 청주]   3건의 결과가 검색되었습니다.
[20150608, 광주] 검색된 결과가 없습니다.
[20151227, 여수] 검색된 결과가 없습니다.
[20150809, 군산] 검색된 결과가 없습니다.
[20150901, 군산] 검색된 결과가 없습니다.
[20151217, 제주]  38건의 결과가 검색되었습니다.
[20151012, 광주]   4건의 결과가 검색되었습니다.
[20151024, 포항] 검색된 결과가 없습니다.
[20151003, 김포]   7건의 결과가 검색되었습니다.
[20150908, 양양] 검색된 결과가 없습니다.
[20151226, 제주]  60건의 결과가 검색되었습니다.
[20150701, 포항] 검색된 결과가 없습니다.
[20150727, 사천] 검색된 결과가 없습니다.
[20150908, 군산] 검색된 결과가 없습니다.
[20150408, 양양] 검색된 결과가 없습니다.
[20150711, 대구]   1건의 결과가 검색되었습니다.
[20150913, 김포]  11건의 결과가 검색되었습니다.
[20151115, 포항] 검색된 결과가 없습니다.
[20150130, 사천] 검색된 결과가 없습니다.
[20151103, 여수] 검색된 결과가 없습니다.
[20151219, 포항] 검색된 결과가 없습니다.
[20150701, 대구] 검색된 결과가 없습니다.
[20151113, 무안] 검색된 결과가 없습니다.
[20150121, 양양] 검색된 결과가 없습니다.
[20150623, 군산] 검색된 결과가 없습니다.
[20150810, 김포]  20건의 결과가 검색되었습니다.
[20151116, 청주]   3건의 결과가 검색되었습니다.
[20150120, 원주] 검색된 결과가 없습니다.
[20150511, 군산]   1건의 결과가 검색되었습니다.
[20151228, 대구] 검색된 결과가 없습니다.
[20150225, 양양] 검색된 결과가 없습니다.
[20150820, 광주]   2건의 결과가 검색되었습니다.
[20150918, 원주]   1건의 결과가 검색되었습니다.
[20151029, 김해]   9건의 결과가 검색되었습니다.
