[20190628, 무안]   1건의 결과가 검색되었습니다.
[20190722, 포항]  검색된 결과가 없습니다.
[20190429, 무안]   1건의 결과가 검색되었습니다.
[20191022, 군산]  검색된 결과가 없습니다.
[20190109, 사천]  검색된 결과가 없습니다.
[20190606, 무안]  검색된 결과가 없습니다.
[20190401, 포항]  검색된 결과가 없습니다.
[20190726, 군산]   3건의 결과가 검색되었습니다.
[20190111, 김해]   5건의 결과가 검색되었습니다.
[20191009, 제주]  25건의 결과가 검색되었습니다.
[20190506, 포항]  검색된 결과가 없습니다.
[20190617, 김포]  11건의 결과가 검색되었습니다.
[20191112, 무안]  검색된 결과가 없습니다.
[20190530, 광주]  검색된 결과가 없습니다.
[20191209, 대구]   2건의 결과가 검색되었습니다.
[20190420, 무안]  검색된 결과가 없습니다.
[20191025, 양양]  검색된 결과가 없습니다.
[20190614, 포항]  검색된 결과가 없습니다.
[20190523, 청주]  검색된 결과가 없습니다.
[20190305, 김포]  22건의 결과가 검색되었습니다.
[20190211, 원주]  검색된 결과가 없습니다.
[20191007, 여수]  검색된 결과가 없습니다.
[20190508, 군산]   1건의 결과가 검색되었습니다.
[20190824, 김해]  12건의 결과가 검색되었습니다.
[20190907, 제주] 105건의 결과가 검색되었습니다.
[20190406, 군산]   1건의 결과가 검색되었습니다.
[20190801, 사천]  검색된 결과가 없습니다.
[20191224, 제주]  94건의 결과가 검색되었습니다.
[20190423, 여수]  검색된 결과가 없습니다.
[20190504, 사천]  검색된 결과가 없습니다.
[20191023, 제주] 101건의 결과가 검색되었습니다.
[20190428, 광주]   3건의 결과가 검색되었습니다.
[20190218, 여수]  검색된 결과가 없습니다.
[20191007, 사천]  검색된 결과가 없습니다.
[20190721, 제주] 119건의 결과가 검색되었습니다.
[20190820, 사천]  검색된 결과가 없습니다.
[20191121, 포항]   1건의 결과가 검색되었습니다.
[20191005, 무안]   3건의 결과가 검색되었습니다.
[20190413, 원주]  검색된 결과가 없습니다.
[20190515, 포항]  검색된 결과가 없습니다.
[20190421, 포항]  검색된 결과가 없습니다.
[20190927, 청주]   2건의 결과가 검색되었습니다.
[20191024, 광주]  검색된 결과가 없습니다.
[20190829, 대구]   7건의 결과가 검색되었습니다.
[20190502, 김포]   8건의 결과가 검색되었습니다.
[20190912, 대구]  검색된 결과가 없습니다.
[20190501, 제주]  24건의 결과가 검색되었습니다.
[20191107, 김포]  19건의 결과가 검색되었습니다.
[20190921, 김포]  46건의 결과가 검색되었습니다.
[20191129, 포항]   1건의 결과가 검색되었습니다.
[20190407, 김해]   7건의 결과가 검색되었습니다.
[20190503, 원주]  검색된 결과가 없습니다.
[20191005, 포항]  검색된 결과가 없습니다.
[20190911, 사천]  검색된 결과가 없습니다.
[20190728, 여수]   1건의 결과가 검색되었습니다.
[20191204, 광주]   6건의 결과가 검색되었습니다.
[20191012, 무안]   1건의 결과가 검색되었습니다.
[20190715, 양양]  검색된 결과가 없습니다.
[20190107, 군산]  검색된 결과가 없습니다.
[20190209, 사천]  검색된 결과가 없습니다.
[20190509, 광주]   2건의 결과가 검색되었습니다.
[20190923, 제주] 157건의 결과가 검색되었습니다.
[20190729, 포항]  검색된 결과가 없습니다.
[20190531, 제주]  63건의 결과가 검색되었습니다.
[20191125, 김포]  44건의 결과가 검색되었습니다.
[20190924, 여수]   1건의 결과가 검색되었습니다.
[20191117, 원주]  검색된 결과가 없습니다.
[20190128, 양양]  검색된 결과가 없습니다.
[20190918, 포항]  검색된 결과가 없습니다.
[20190605, 원주]  검색된 결과가 없습니다.
[20190317, 울산]  검색된 결과가 없습니다.
[20190219, 포항]   2건의 결과가 검색되었습니다.
[20190730, 여수]   1건의 결과가 검색되었습니다.
[20190526, 여수]   1건의 결과가 검색되었습니다.
[20190418, 대구]   2건의 결과가 검색되었습니다.
[20190809, 사천]  검색된 결과가 없습니다.
[20191109, 무안]  검색된 결과가 없습니다.
[20190826, 제주]  69건의 결과가 검색되었습니다.
[20190210, 무안]   1건의 결과가 검색되었습니다.
[20190905, 대구]   1건의 결과가 검색되었습니다.
[20191211, 청주]   2건의 결과가 검색되었습니다.
[20190116, 무안]  검색된 결과가 없습니다.
[20191013, 원주]  검색된 결과가 없습니다.
[20190417, 사천]  검색된 결과가 없습니다.
[20191026, 제주]  28건의 결과가 검색되었습니다.
[20190611, 대구]   5건의 결과가 검색되었습니다.
[20190512, 광주]  검색된 결과가 없습니다.
[20190925, 무안]  검색된 결과가 없습니다.
[20191030, 광주]   3건의 결과가 검색되었습니다.
[20191109, 포항]   1건의 결과가 검색되었습니다.
[20190512, 김해]   6건의 결과가 검색되었습니다.
[20191218, 김해]   3건의 결과가 검색되었습니다.
[20190905, 군산]   1건의 결과가 검색되었습니다.
[20190627, 포항]   1건의 결과가 검색되었습니다.
[20191127, 대구]   6건의 결과가 검색되었습니다.
[20190211, 군산]  검색된 결과가 없습니다.
[20190301, 청주]  15건의 결과가 검색되었습니다.
[20190623, 사천]  검색된 결과가 없습니다.
[20191101, 포항]   1건의 결과가 검색되었습니다.
[20190206, 무안]   2건의 결과가 검색되었습니다.
[20190512, 대구]   2건의 결과가 검색되었습니다.
[20190611, 광주]  검색된 결과가 없습니다.
[20190225, 무안]   5건의 결과가 검색되었습니다.
[20190326, 김포]  22건의 결과가 검색되었습니다.
[20190803, 무안]  검색된 결과가 없습니다.
[20190803, 양양]  검색된 결과가 없습니다.
[20190920, 울산]   1건의 결과가 검색되었습니다.
[20190408, 광주]  검색된 결과가 없습니다.
[20190913, 원주]  검색된 결과가 없습니다.
[20190320, 청주]   3건의 결과가 검색되었습니다.
[20190129, 양양]  검색된 결과가 없습니다.
[20190217, 울산]  검색된 결과가 없습니다.
[20190318, 광주]   1건의 결과가 검색되었습니다.
[20190724, 포항]  검색된 결과가 없습니다.
[20190721, 무안]  검색된 결과가 없습니다.
[20190324, 원주]  검색된 결과가 없습니다.
[20191206, 사천]   2건의 결과가 검색되었습니다.
[20190831, 대구]  검색된 결과가 없습니다.
[20190630, 여수]  검색된 결과가 없습니다.
[20190531, 포항]  검색된 결과가 없습니다.
[20191114, 무안]  검색된 결과가 없습니다.
[20191207, 울산]  검색된 결과가 없습니다.
[20191025, 군산]  검색된 결과가 없습니다.
[20190601, 포항]  검색된 결과가 없습니다.
[20190713, 원주]  검색된 결과가 없습니다.
[20190823, 김해]  10건의 결과가 검색되었습니다.
[20191122, 양양]  검색된 결과가 없습니다.
[20190907, 사천]   2건의 결과가 검색되었습니다.
[20190108, 여수]  검색된 결과가 없습니다.
[20190119, 울산]  검색된 결과가 없습니다.
[20190603, 대구]  검색된 결과가 없습니다.
[20190913, 군산]  검색된 결과가 없습니다.
[20190613, 김포]   9건의 결과가 검색되었습니다.
[20190311, 원주]  검색된 결과가 없습니다.
[20190416, 사천]  검색된 결과가 없습니다.
[20190804, 사천]  검색된 결과가 없습니다.
[20191003, 무안]  검색된 결과가 없습니다.
[20190826, 포항]  검색된 결과가 없습니다.
[20190722, 사천]  검색된 결과가 없습니다.
[20190618, 양양]  검색된 결과가 없습니다.
[20190526, 제주]  76건의 결과가 검색되었습니다.
[20190524, 양양]  검색된 결과가 없습니다.
[20190805, 제주]  52건의 결과가 검색되었습니다.
[20190310, 원주]  검색된 결과가 없습니다.
[20190527, 원주]   1건의 결과가 검색되었습니다.
[20191227, 제주]  74건의 결과가 검색되었습니다.
[20190101, 광주]  검색된 결과가 없습니다.
[20190615, 김포]  27건의 결과가 검색되었습니다.
[20190913, 양양]  검색된 결과가 없습니다.
[20190707, 무안]  검색된 결과가 없습니다.
[20190829, 양양]  검색된 결과가 없습니다.
[20190623, 여수]  검색된 결과가 없습니다.
[20190212, 양양]   2건의 결과가 검색되었습니다.
[20191211, 김포]  26건의 결과가 검색되었습니다.
[20191207, 광주]   2건의 결과가 검색되었습니다.
[20190828, 울산]  검색된 결과가 없습니다.
[20191014, 울산]  검색된 결과가 없습니다.
[20190206, 여수]  검색된 결과가 없습니다.
[20191102, 광주]   2건의 결과가 검색되었습니다.
[20190624, 김해]   9건의 결과가 검색되었습니다.
[20190702, 포항]  검색된 결과가 없습니다.
[20190414, 김해]   5건의 결과가 검색되었습니다.
[20190803, 여수]  검색된 결과가 없습니다.
[20190602, 대구]  검색된 결과가 없습니다.
[20190917, 대구]   3건의 결과가 검색되었습니다.
[20191204, 김포]  23건의 결과가 검색되었습니다.
[20191106, 사천]   1건의 결과가 검색되었습니다.
[20190724, 군산]   2건의 결과가 검색되었습니다.
[20190915, 대구]  검색된 결과가 없습니다.
[20190826, 사천]   1건의 결과가 검색되었습니다.
[20191125, 광주]   1건의 결과가 검색되었습니다.
[20190204, 군산]  검색된 결과가 없습니다.
[20190523, 무안]  검색된 결과가 없습니다.
[20191003, 군산]   1건의 결과가 검색되었습니다.
[20190604, 김해]  18건의 결과가 검색되었습니다.
[20190319, 청주]   1건의 결과가 검색되었습니다.
[20190208, 사천]   1건의 결과가 검색되었습니다.
[20190311, 무안]  검색된 결과가 없습니다.
[20191005, 청주]   2건의 결과가 검색되었습니다.
[20190716, 여수]  검색된 결과가 없습니다.
[20190901, 제주]  56건의 결과가 검색되었습니다.
[20191026, 청주]   1건의 결과가 검색되었습니다.
[20191215, 김포]  19건의 결과가 검색되었습니다.
[20190411, 김해]  13건의 결과가 검색되었습니다.
[20190114, 사천]   2건의 결과가 검색되었습니다.
[20190501, 청주]   1건의 결과가 검색되었습니다.
[20190828, 여수]  검색된 결과가 없습니다.
[20190905, 양양]   1건의 결과가 검색되었습니다.
[20191113, 사천]  검색된 결과가 없습니다.
[20191024, 사천]   1건의 결과가 검색되었습니다.
[20190923, 여수]  검색된 결과가 없습니다.
[20190529, 사천]  검색된 결과가 없습니다.
[20190623, 원주]  검색된 결과가 없습니다.
[20191016, 여수]  검색된 결과가 없습니다.
[20190702, 김포]   3건의 결과가 검색되었습니다.
[20191007, 광주]   1건의 결과가 검색되었습니다.
[20191116, 울산]   1건의 결과가 검색되었습니다.
[20190922, 울산]   5건의 결과가 검색되었습니다.
[20190706, 제주]  30건의 결과가 검색되었습니다.
[20190510, 양양]   2건의 결과가 검색되었습니다.
[20190205, 김해]   5건의 결과가 검색되었습니다.
[20190920, 사천]  검색된 결과가 없습니다.
[20191006, 무안]   1건의 결과가 검색되었습니다.
[20190419, 청주]   3건의 결과가 검색되었습니다.
[20190428, 울산]  검색된 결과가 없습니다.
[20191202, 울산]  검색된 결과가 없습니다.
[20190318, 제주]  31건의 결과가 검색되었습니다.
[20191220, 무안]  검색된 결과가 없습니다.
[20190405, 광주]  검색된 결과가 없습니다.
[20190921, 포항]  검색된 결과가 없습니다.
[20191027, 포항]  검색된 결과가 없습니다.
[20190403, 원주]  검색된 결과가 없습니다.
[20191226, 무안]   1건의 결과가 검색되었습니다.
[20190203, 청주]   9건의 결과가 검색되었습니다.
[20191102, 김해]   4건의 결과가 검색되었습니다.
[20190624, 광주]   1건의 결과가 검색되었습니다.
[20191216, 양양]  검색된 결과가 없습니다.
[20190108, 울산]  검색된 결과가 없습니다.
[20190129, 대구]  검색된 결과가 없습니다.
[20190408, 대구]   1건의 결과가 검색되었습니다.
[20190806, 울산]   4건의 결과가 검색되었습니다.
[20190606, 군산]   1건의 결과가 검색되었습니다.
[20190618, 김포]  17건의 결과가 검색되었습니다.
[20190927, 양양]  검색된 결과가 없습니다.
[20190116, 청주]   8건의 결과가 검색되었습니다.
[20190605, 김포]  22건의 결과가 검색되었습니다.
[20190830, 군산]   2건의 결과가 검색되었습니다.
[20191118, 청주]   6건의 결과가 검색되었습니다.
[20191216, 사천]   2건의 결과가 검색되었습니다.
[20190623, 양양]  검색된 결과가 없습니다.
[20191116, 광주]   4건의 결과가 검색되었습니다.
[20190410, 양양]   2건의 결과가 검색되었습니다.
[20191011, 청주]   2건의 결과가 검색되었습니다.
[20190719, 양양]  검색된 결과가 없습니다.
[20190115, 대구]   1건의 결과가 검색되었습니다.
[20190726, 양양]  검색된 결과가 없습니다.
[20190924, 김포]   8건의 결과가 검색되었습니다.
[20191007, 울산]  검색된 결과가 없습니다.
[20191024, 울산]   1건의 결과가 검색되었습니다.
[20191023, 대구]   2건의 결과가 검색되었습니다.
[20190323, 여수]  검색된 결과가 없습니다.
[20190710, 포항]   1건의 결과가 검색되었습니다.
[20190802, 김포]  14건의 결과가 검색되었습니다.
[20190406, 양양]  검색된 결과가 없습니다.
[20190404, 사천]  검색된 결과가 없습니다.
[20190511, 사천]  검색된 결과가 없습니다.
[20191029, 김포]  14건의 결과가 검색되었습니다.
[20190701, 청주]   5건의 결과가 검색되었습니다.
[20190625, 청주]   4건의 결과가 검색되었습니다.
[20191106, 원주]  검색된 결과가 없습니다.
[20190817, 여수]  검색된 결과가 없습니다.
[20190922, 군산]  검색된 결과가 없습니다.
[20190224, 광주]  검색된 결과가 없습니다.
[20190702, 양양]  검색된 결과가 없습니다.
[20191001, 대구]   4건의 결과가 검색되었습니다.
[20190418, 광주]   1건의 결과가 검색되었습니다.
[20190801, 대구]   3건의 결과가 검색되었습니다.
[20190515, 김포]   3건의 결과가 검색되었습니다.
[20191013, 여수]  검색된 결과가 없습니다.
[20190911, 울산]   2건의 결과가 검색되었습니다.
[20190729, 무안]  검색된 결과가 없습니다.
[20190619, 광주]  검색된 결과가 없습니다.
[20190419, 대구]  검색된 결과가 없습니다.
[20190810, 울산]  검색된 결과가 없습니다.
[20190826, 울산]  검색된 결과가 없습니다.
[20190713, 무안]  검색된 결과가 없습니다.
[20191003, 양양]   1건의 결과가 검색되었습니다.
[20190305, 양양]   1건의 결과가 검색되었습니다.
[20190328, 울산]  검색된 결과가 없습니다.
[20191119, 청주]   5건의 결과가 검색되었습니다.
[20190709, 광주]  검색된 결과가 없습니다.
[20190824, 청주]   1건의 결과가 검색되었습니다.
[20190324, 김해]   6건의 결과가 검색되었습니다.
[20190527, 청주]   8건의 결과가 검색되었습니다.
[20190827, 울산]   1건의 결과가 검색되었습니다.
[20190331, 원주]  검색된 결과가 없습니다.
[20190731, 대구]  10건의 결과가 검색되었습니다.
[20190308, 사천]  검색된 결과가 없습니다.
[20190602, 광주]   1건의 결과가 검색되었습니다.
[20191008, 제주]  63건의 결과가 검색되었습니다.
[20190929, 무안]  검색된 결과가 없습니다.
[20190826, 양양]  검색된 결과가 없습니다.
[20191203, 여수]  검색된 결과가 없습니다.
[20190328, 양양]  검색된 결과가 없습니다.
[20191001, 군산]   1건의 결과가 검색되었습니다.
[20190402, 사천]  검색된 결과가 없습니다.
[20190311, 양양]   1건의 결과가 검색되었습니다.
[20191103, 제주]  44건의 결과가 검색되었습니다.
[20190924, 원주]  검색된 결과가 없습니다.
[20190617, 군산]  검색된 결과가 없습니다.
[20190121, 대구]   3건의 결과가 검색되었습니다.
[20190330, 군산]  검색된 결과가 없습니다.
[20190311, 사천]   1건의 결과가 검색되었습니다.
[20190724, 울산]   1건의 결과가 검색되었습니다.
[20190324, 여수]  검색된 결과가 없습니다.
[20190404, 군산]   1건의 결과가 검색되었습니다.
[20190301, 광주]  10건의 결과가 검색되었습니다.
[20190810, 여수]  검색된 결과가 없습니다.
[20190321, 김포]  50건의 결과가 검색되었습니다.
[20190714, 무안]  검색된 결과가 없습니다.
[20191215, 울산]  검색된 결과가 없습니다.
[20190601, 양양]  검색된 결과가 없습니다.
[20190609, 포항]  검색된 결과가 없습니다.
[20190729, 김포]  31건의 결과가 검색되었습니다.
[20190404, 김해]   8건의 결과가 검색되었습니다.
[20190829, 원주]  검색된 결과가 없습니다.
[20190718, 김포]  63건의 결과가 검색되었습니다.
[20190611, 제주]  49건의 결과가 검색되었습니다.
[20190107, 청주]   3건의 결과가 검색되었습니다.
[20191106, 무안]  검색된 결과가 없습니다.
[20190323, 무안]  검색된 결과가 없습니다.
[20190314, 김해]   4건의 결과가 검색되었습니다.
[20190822, 원주]  검색된 결과가 없습니다.
[20190203, 포항]  검색된 결과가 없습니다.
[20190914, 사천]  검색된 결과가 없습니다.
[20191108, 원주]  검색된 결과가 없습니다.
[20190830, 대구]   4건의 결과가 검색되었습니다.
[20190304, 김해]   3건의 결과가 검색되었습니다.
[20190610, 양양]  검색된 결과가 없습니다.
[20190507, 군산]  검색된 결과가 없습니다.
[20190322, 김포]  13건의 결과가 검색되었습니다.
[20190908, 김포]  26건의 결과가 검색되었습니다.
[20190623, 청주]   3건의 결과가 검색되었습니다.
[20190117, 무안]   2건의 결과가 검색되었습니다.
[20191231, 사천]  검색된 결과가 없습니다.
[20190416, 원주]  검색된 결과가 없습니다.
[20190713, 여수]  검색된 결과가 없습니다.
[20190131, 포항]   2건의 결과가 검색되었습니다.
[20190808, 군산]  검색된 결과가 없습니다.
[20190913, 울산]   1건의 결과가 검색되었습니다.
[20190213, 청주]   4건의 결과가 검색되었습니다.
[20191127, 사천]  검색된 결과가 없습니다.
[20190122, 포항]  검색된 결과가 없습니다.
[20190629, 포항]   1건의 결과가 검색되었습니다.
[20190113, 포항]  검색된 결과가 없습니다.
[20191109, 양양]  검색된 결과가 없습니다.
[20190220, 포항]  검색된 결과가 없습니다.
[20190222, 제주]  54건의 결과가 검색되었습니다.
[20190411, 김포]  19건의 결과가 검색되었습니다.
[20190124, 김포]  12건의 결과가 검색되었습니다.
[20190908, 여수]   1건의 결과가 검색되었습니다.
[20190112, 광주]  검색된 결과가 없습니다.
[20190605, 울산]  검색된 결과가 없습니다.
[20190411, 원주]  검색된 결과가 없습니다.
[20190303, 무안]  검색된 결과가 없습니다.
[20190706, 포항]  검색된 결과가 없습니다.
[20190516, 청주]   4건의 결과가 검색되었습니다.
[20190115, 사천]  검색된 결과가 없습니다.
[20191125, 울산]  검색된 결과가 없습니다.
[20190422, 제주]  40건의 결과가 검색되었습니다.
[20190803, 김포]  36건의 결과가 검색되었습니다.
[20190808, 원주]  검색된 결과가 없습니다.
[20190324, 무안]  검색된 결과가 없습니다.
[20190418, 사천]  검색된 결과가 없습니다.
[20190609, 제주]  48건의 결과가 검색되었습니다.
[20191031, 포항]  검색된 결과가 없습니다.
[20190115, 양양]   1건의 결과가 검색되었습니다.
[20190825, 군산]   2건의 결과가 검색되었습니다.
[20190526, 대구]   3건의 결과가 검색되었습니다.
[20190805, 대구]   2건의 결과가 검색되었습니다.
[20190417, 여수]  검색된 결과가 없습니다.
[20190520, 대구]  검색된 결과가 없습니다.
[20190203, 제주]  53건의 결과가 검색되었습니다.
[20190512, 원주]  검색된 결과가 없습니다.
[20191124, 여수]  검색된 결과가 없습니다.
[20191213, 대구]   1건의 결과가 검색되었습니다.
[20190123, 대구]  검색된 결과가 없습니다.
[20190430, 울산]  검색된 결과가 없습니다.
[20190904, 김포]  40건의 결과가 검색되었습니다.
[20190616, 울산]  검색된 결과가 없습니다.
[20190331, 무안]  검색된 결과가 없습니다.
[20190718, 포항]   1건의 결과가 검색되었습니다.
[20191208, 김해]   3건의 결과가 검색되었습니다.
[20191029, 광주]   3건의 결과가 검색되었습니다.
[20191005, 양양]  검색된 결과가 없습니다.
[20190606, 김해]  10건의 결과가 검색되었습니다.
[20190316, 사천]  검색된 결과가 없습니다.
[20190729, 청주]   7건의 결과가 검색되었습니다.
[20190124, 무안]  검색된 결과가 없습니다.
[20190218, 원주]  검색된 결과가 없습니다.
[20191203, 사천]  검색된 결과가 없습니다.
[20190418, 김포]  23건의 결과가 검색되었습니다.
[20190528, 제주]  22건의 결과가 검색되었습니다.
[20190928, 무안]  검색된 결과가 없습니다.
[20191001, 포항]  검색된 결과가 없습니다.
[20191119, 무안]  검색된 결과가 없습니다.
[20190831, 원주]  검색된 결과가 없습니다.
[20190511, 포항]  검색된 결과가 없습니다.
[20190727, 군산]   1건의 결과가 검색되었습니다.
[20190515, 양양]  검색된 결과가 없습니다.
[20191123, 김해]   4건의 결과가 검색되었습니다.
[20190521, 광주]  검색된 결과가 없습니다.
[20191121, 양양]  검색된 결과가 없습니다.
[20190525, 원주]  검색된 결과가 없습니다.
[20190818, 무안]   1건의 결과가 검색되었습니다.
[20190413, 사천]  검색된 결과가 없습니다.
[20190308, 군산]  검색된 결과가 없습니다.
[20190717, 제주]  51건의 결과가 검색되었습니다.
[20191017, 청주]   1건의 결과가 검색되었습니다.
[20191115, 대구]   4건의 결과가 검색되었습니다.
[20191010, 원주]  검색된 결과가 없습니다.
[20190424, 김포]  12건의 결과가 검색되었습니다.
[20190213, 대구]   3건의 결과가 검색되었습니다.
[20190218, 군산]  검색된 결과가 없습니다.
[20191109, 사천]  검색된 결과가 없습니다.
[20191010, 광주]   2건의 결과가 검색되었습니다.
[20191205, 여수]   3건의 결과가 검색되었습니다.
[20191126, 울산]  검색된 결과가 없습니다.
[20190327, 포항]  검색된 결과가 없습니다.
[20190209, 원주]  검색된 결과가 없습니다.
[20190807, 울산]   1건의 결과가 검색되었습니다.
[20190407, 원주]  검색된 결과가 없습니다.
[20190514, 무안]   1건의 결과가 검색되었습니다.
[20190724, 김포]  47건의 결과가 검색되었습니다.
[20190125, 원주]  검색된 결과가 없습니다.
[20191115, 울산]  검색된 결과가 없습니다.
[20190507, 제주]  43건의 결과가 검색되었습니다.
[20190818, 포항]  검색된 결과가 없습니다.
[20190925, 김포]  12건의 결과가 검색되었습니다.
[20190114, 울산]   2건의 결과가 검색되었습니다.
[20190914, 원주]  검색된 결과가 없습니다.
[20190504, 여수]   1건의 결과가 검색되었습니다.
[20190228, 광주]  검색된 결과가 없습니다.
[20190610, 군산]   2건의 결과가 검색되었습니다.
[20190517, 포항]  검색된 결과가 없습니다.
[20191022, 여수]  검색된 결과가 없습니다.
[20191126, 양양]  검색된 결과가 없습니다.
[20191205, 김포]  31건의 결과가 검색되었습니다.
[20191208, 군산]  검색된 결과가 없습니다.
[20190901, 청주]   3건의 결과가 검색되었습니다.
[20190225, 김포]  22건의 결과가 검색되었습니다.
[20190807, 무안]  검색된 결과가 없습니다.
[20190903, 무안]   1건의 결과가 검색되었습니다.
[20191109, 김포]  15건의 결과가 검색되었습니다.
[20190919, 군산]   1건의 결과가 검색되었습니다.
[20190804, 군산]  검색된 결과가 없습니다.
[20190701, 여수]  검색된 결과가 없습니다.
[20191226, 원주]   1건의 결과가 검색되었습니다.
[20190331, 여수]   1건의 결과가 검색되었습니다.
[20190622, 광주]  검색된 결과가 없습니다.
[20190424, 청주]   4건의 결과가 검색되었습니다.
[20190318, 대구]   1건의 결과가 검색되었습니다.
[20191022, 양양]  검색된 결과가 없습니다.
[20190113, 양양]  검색된 결과가 없습니다.
[20190417, 제주]  29건의 결과가 검색되었습니다.
[20190222, 사천]   1건의 결과가 검색되었습니다.
[20190216, 제주]  34건의 결과가 검색되었습니다.
[20190322, 광주]   2건의 결과가 검색되었습니다.
[20191028, 포항]  검색된 결과가 없습니다.
[20190830, 포항]  검색된 결과가 없습니다.
[20190902, 원주]  검색된 결과가 없습니다.
[20191031, 군산]  검색된 결과가 없습니다.
[20190815, 제주]  41건의 결과가 검색되었습니다.
[20190806, 여수]   1건의 결과가 검색되었습니다.
[20190301, 여수]   1건의 결과가 검색되었습니다.
[20190810, 광주]  검색된 결과가 없습니다.
[20190106, 포항]  검색된 결과가 없습니다.
[20190122, 울산]  검색된 결과가 없습니다.
[20190224, 울산]  검색된 결과가 없습니다.
[20190811, 원주]  검색된 결과가 없습니다.
[20190302, 사천]  검색된 결과가 없습니다.
[20190606, 양양]  검색된 결과가 없습니다.
[20190124, 울산]  검색된 결과가 없습니다.
[20190602, 여수]   1건의 결과가 검색되었습니다.
[20190131, 울산]   1건의 결과가 검색되었습니다.
[20190331, 김해]  11건의 결과가 검색되었습니다.
[20190720, 울산]   8건의 결과가 검색되었습니다.
[20191009, 무안]  검색된 결과가 없습니다.
[20190920, 여수]  검색된 결과가 없습니다.
[20190101, 포항]  검색된 결과가 없습니다.
[20190423, 청주]   7건의 결과가 검색되었습니다.
[20190701, 광주]   1건의 결과가 검색되었습니다.
[20190212, 여수]   1건의 결과가 검색되었습니다.
[20191205, 무안]  검색된 결과가 없습니다.
[20191211, 군산]   1건의 결과가 검색되었습니다.
[20190522, 청주]  검색된 결과가 없습니다.
[20191018, 포항]  검색된 결과가 없습니다.
[20190609, 양양]  검색된 결과가 없습니다.
[20190630, 청주]  검색된 결과가 없습니다.
[20190803, 울산]  검색된 결과가 없습니다.
[20190307, 군산]  검색된 결과가 없습니다.
[20190717, 여수]  검색된 결과가 없습니다.
[20190228, 제주]  57건의 결과가 검색되었습니다.
[20190913, 김해]   7건의 결과가 검색되었습니다.
[20190117, 청주]   4건의 결과가 검색되었습니다.
[20190812, 울산]  검색된 결과가 없습니다.
[20191019, 포항]  검색된 결과가 없습니다.
[20190527, 광주]   8건의 결과가 검색되었습니다.
[20190814, 포항]  검색된 결과가 없습니다.
[20191020, 대구]  10건의 결과가 검색되었습니다.
[20190831, 사천]  검색된 결과가 없습니다.
[20191218, 무안]  검색된 결과가 없습니다.
[20191231, 군산]  검색된 결과가 없습니다.
[20190106, 사천]  검색된 결과가 없습니다.
[20190130, 사천]  검색된 결과가 없습니다.
[20191122, 광주]   2건의 결과가 검색되었습니다.
[20190625, 사천]  검색된 결과가 없습니다.
[20190801, 제주]  49건의 결과가 검색되었습니다.
[20190903, 여수]   1건의 결과가 검색되었습니다.
[20190225, 김해]   2건의 결과가 검색되었습니다.
[20191212, 광주]   1건의 결과가 검색되었습니다.
[20191013, 군산]  검색된 결과가 없습니다.
[20191130, 포항]  검색된 결과가 없습니다.
[20190210, 원주]  검색된 결과가 없습니다.
[20190731, 제주]  96건의 결과가 검색되었습니다.
[20191109, 원주]  검색된 결과가 없습니다.
[20191025, 청주]   1건의 결과가 검색되었습니다.
[20190629, 광주]   1건의 결과가 검색되었습니다.
[20190312, 제주]  33건의 결과가 검색되었습니다.
[20191012, 포항]   2건의 결과가 검색되었습니다.
[20190617, 김해]   9건의 결과가 검색되었습니다.
[20190116, 포항]  검색된 결과가 없습니다.
[20190319, 김포]  15건의 결과가 검색되었습니다.
[20191210, 대구]   3건의 결과가 검색되었습니다.
[20190408, 사천]   1건의 결과가 검색되었습니다.
[20190104, 사천]   1건의 결과가 검색되었습니다.
[20190115, 원주]  검색된 결과가 없습니다.
[20190924, 울산]  검색된 결과가 없습니다.
[20190517, 사천]  검색된 결과가 없습니다.
[20190908, 청주]   1건의 결과가 검색되었습니다.
[20190710, 양양]  검색된 결과가 없습니다.
[20190617, 대구]   2건의 결과가 검색되었습니다.
[20191105, 양양]  검색된 결과가 없습니다.
[20191117, 군산]  검색된 결과가 없습니다.
[20191014, 양양]  검색된 결과가 없습니다.
[20190514, 청주]  검색된 결과가 없습니다.
[20190120, 포항]  검색된 결과가 없습니다.
[20190111, 제주]  54건의 결과가 검색되었습니다.
[20190319, 여수]   1건의 결과가 검색되었습니다.
[20190401, 사천]  검색된 결과가 없습니다.
[20190107, 김포]  17건의 결과가 검색되었습니다.
[20190811, 군산]   2건의 결과가 검색되었습니다.
[20190324, 군산]   1건의 결과가 검색되었습니다.
[20191030, 청주]   5건의 결과가 검색되었습니다.
[20190528, 청주]   1건의 결과가 검색되었습니다.
[20191119, 군산]  검색된 결과가 없습니다.
[20191218, 양양]  검색된 결과가 없습니다.
[20190920, 양양]  검색된 결과가 없습니다.
[20190401, 여수]  검색된 결과가 없습니다.
[20190731, 군산]   2건의 결과가 검색되었습니다.
[20190810, 원주]  검색된 결과가 없습니다.
[20190417, 청주]   3건의 결과가 검색되었습니다.
[20191007, 포항]  검색된 결과가 없습니다.
[20190830, 제주]  99건의 결과가 검색되었습니다.
[20190420, 제주]  22건의 결과가 검색되었습니다.
[20190914, 청주]   1건의 결과가 검색되었습니다.
[20190923, 청주]   9건의 결과가 검색되었습니다.
[20191113, 양양]  검색된 결과가 없습니다.
[20190909, 제주]  47건의 결과가 검색되었습니다.
[20191001, 청주]   3건의 결과가 검색되었습니다.
[20190403, 광주]  검색된 결과가 없습니다.
[20190216, 김해]   9건의 결과가 검색되었습니다.
[20190413, 광주]  검색된 결과가 없습니다.
[20190906, 김포]  40건의 결과가 검색되었습니다.
[20190430, 양양]  검색된 결과가 없습니다.
[20191104, 군산]  검색된 결과가 없습니다.
[20190921, 양양]   1건의 결과가 검색되었습니다.
[20190817, 대구]  검색된 결과가 없습니다.
[20190324, 양양]  검색된 결과가 없습니다.
[20190419, 여수]  검색된 결과가 없습니다.
[20190815, 김해]  13건의 결과가 검색되었습니다.
[20190227, 군산]  검색된 결과가 없습니다.
[20190923, 김해]  25건의 결과가 검색되었습니다.
[20190208, 양양]   1건의 결과가 검색되었습니다.
[20190703, 군산]  검색된 결과가 없습니다.
[20190824, 제주]  28건의 결과가 검색되었습니다.
[20190422, 양양]  검색된 결과가 없습니다.
[20191010, 양양]   1건의 결과가 검색되었습니다.
[20190729, 사천]   1건의 결과가 검색되었습니다.
[20190929, 김해]  10건의 결과가 검색되었습니다.
[20190510, 원주]  검색된 결과가 없습니다.
[20191229, 김해]   6건의 결과가 검색되었습니다.
[20191230, 김해]   3건의 결과가 검색되었습니다.
[20191224, 청주]  18건의 결과가 검색되었습니다.
[20190129, 울산]  검색된 결과가 없습니다.
[20190921, 울산]   1건의 결과가 검색되었습니다.
[20190519, 대구]   1건의 결과가 검색되었습니다.
[20191009, 원주]  검색된 결과가 없습니다.
[20190503, 광주]   1건의 결과가 검색되었습니다.
[20190911, 대구]   3건의 결과가 검색되었습니다.
[20190212, 울산]  검색된 결과가 없습니다.
[20190615, 원주]  검색된 결과가 없습니다.
[20190325, 광주]   4건의 결과가 검색되었습니다.
[20190406, 김해]   7건의 결과가 검색되었습니다.
[20190609, 대구]   4건의 결과가 검색되었습니다.
[20190813, 김해]  11건의 결과가 검색되었습니다.
[20190228, 양양]  검색된 결과가 없습니다.
[20190226, 포항]  검색된 결과가 없습니다.
[20190509, 여수]  검색된 결과가 없습니다.
[20191002, 양양]  검색된 결과가 없습니다.
[20190730, 포항]  검색된 결과가 없습니다.
[20191018, 울산]  검색된 결과가 없습니다.
[20190312, 무안]   1건의 결과가 검색되었습니다.
[20191008, 군산]   2건의 결과가 검색되었습니다.
[20190405, 원주]  검색된 결과가 없습니다.
[20190423, 양양]   1건의 결과가 검색되었습니다.
[20191203, 김해]   6건의 결과가 검색되었습니다.
[20190301, 제주]  80건의 결과가 검색되었습니다.
[20190203, 대구]   2건의 결과가 검색되었습니다.
[20190329, 대구]  검색된 결과가 없습니다.
[20190123, 제주]  19건의 결과가 검색되었습니다.
[20191020, 양양]  검색된 결과가 없습니다.
[20191217, 김해]   5건의 결과가 검색되었습니다.
[20190501, 원주]  검색된 결과가 없습니다.
[20191022, 광주]   2건의 결과가 검색되었습니다.
[20190803, 군산]   2건의 결과가 검색되었습니다.
[20191017, 광주]   5건의 결과가 검색되었습니다.
[20191012, 청주]   2건의 결과가 검색되었습니다.
[20190305, 여수]  검색된 결과가 없습니다.
[20190104, 포항]  검색된 결과가 없습니다.
[20191019, 김포]  13건의 결과가 검색되었습니다.
[20191015, 군산]  검색된 결과가 없습니다.
[20190917, 포항]  검색된 결과가 없습니다.
[20190725, 무안]  검색된 결과가 없습니다.
[20190125, 광주]   1건의 결과가 검색되었습니다.
[20190528, 김해]  17건의 결과가 검색되었습니다.
[20190326, 광주]   1건의 결과가 검색되었습니다.
[20191119, 울산]   1건의 결과가 검색되었습니다.
[20190404, 김포]  13건의 결과가 검색되었습니다.
[20191005, 여수]  검색된 결과가 없습니다.
[20190704, 김포]  43건의 결과가 검색되었습니다.
[20191118, 군산]  검색된 결과가 없습니다.
[20190525, 울산]  검색된 결과가 없습니다.
[20190806, 청주]   5건의 결과가 검색되었습니다.
[20190223, 김포]  11건의 결과가 검색되었습니다.
[20190825, 청주]  11건의 결과가 검색되었습니다.
