[20150722, 청주]   2건의 결과가 검색되었습니다.
[20150512, 여수]   3건의 결과가 검색되었습니다.
[20150322, 광주] 검색된 결과가 없습니다.
[20151020, 군산]   1건의 결과가 검색되었습니다.
[20150411, 여수] 검색된 결과가 없습니다.
[20150402, 원주] 검색된 결과가 없습니다.
[20151203, 김포] 107건의 결과가 검색되었습니다.
[20150625, 김포]   1건의 결과가 검색되었습니다.
[20151023, 무안] 검색된 결과가 없습니다.
[20151204, 군산] 검색된 결과가 없습니다.
[20151208, 제주]  27건의 결과가 검색되었습니다.
[20150125, 양양] 검색된 결과가 없습니다.
[20150906, 여수] 검색된 결과가 없습니다.
[20151010, 청주]   3건의 결과가 검색되었습니다.
[20150121, 군산] 검색된 결과가 없습니다.
[20150620, 청주]   1건의 결과가 검색되었습니다.
[20150330, 김해]  29건의 결과가 검색되었습니다.
[20150128, 군산] 검색된 결과가 없습니다.
[20151016, 제주] 118건의 결과가 검색되었습니다.
[20150518, 김포]  66건의 결과가 검색되었습니다.
