[20180528, 광주]  11건의 결과가 검색되었습니다.
[20180801, 김포]  26건의 결과가 검색되었습니다.
[20180407, 청주] 검색된 결과가 없습니다.
[20181221, 청주]   6건의 결과가 검색되었습니다.
[20180124, 광주]  14건의 결과가 검색되었습니다.
[20180423, 사천] 검색된 결과가 없습니다.
[20180226, 김포]  52건의 결과가 검색되었습니다.
[20180526, 여수] 검색된 결과가 없습니다.
[20180217, 김포]  15건의 결과가 검색되었습니다.
[20180629, 울산]   3건의 결과가 검색되었습니다.
[20180915, 김해]  14건의 결과가 검색되었습니다.
[20180617, 군산]   1건의 결과가 검색되었습니다.
[20180619, 광주]   3건의 결과가 검색되었습니다.
[20180913, 제주] 163건의 결과가 검색되었습니다.
[20180619, 사천] 검색된 결과가 없습니다.
[20180926, 양양] 검색된 결과가 없습니다.
[20181126, 여수] 검색된 결과가 없습니다.
[20180515, 김포]  33건의 결과가 검색되었습니다.
[20180818, 포항] 검색된 결과가 없습니다.
[20180221, 양양] 검색된 결과가 없습니다.
[20180224, 포항] 검색된 결과가 없습니다.
[20181120, 원주] 검색된 결과가 없습니다.
[20180413, 양양] 검색된 결과가 없습니다.
[20180515, 대구]   3건의 결과가 검색되었습니다.
[20180624, 군산]   2건의 결과가 검색되었습니다.
[20180314, 원주] 검색된 결과가 없습니다.
[20180315, 김포]  31건의 결과가 검색되었습니다.
[20181003, 무안] 검색된 결과가 없습니다.
[20180809, 무안] 검색된 결과가 없습니다.
[20180216, 김해]   6건의 결과가 검색되었습니다.
[20180221, 김해]   6건의 결과가 검색되었습니다.
[20180222, 원주] 검색된 결과가 없습니다.
[20181029, 양양] 검색된 결과가 없습니다.
[20181013, 대구]   3건의 결과가 검색되었습니다.
[20181018, 군산] 검색된 결과가 없습니다.
[20181225, 제주]  30건의 결과가 검색되었습니다.
[20181215, 광주] 검색된 결과가 없습니다.
[20180714, 양양]   1건의 결과가 검색되었습니다.
[20180916, 포항]   1건의 결과가 검색되었습니다.
[20181220, 광주]   2건의 결과가 검색되었습니다.
[20181112, 광주]   1건의 결과가 검색되었습니다.
[20181128, 사천]   1건의 결과가 검색되었습니다.
[20180427, 포항] 검색된 결과가 없습니다.
[20180814, 원주] 검색된 결과가 없습니다.
[20181223, 제주]  21건의 결과가 검색되었습니다.
[20181116, 대구]   2건의 결과가 검색되었습니다.
[20180115, 김포]  19건의 결과가 검색되었습니다.
[20180618, 울산] 검색된 결과가 없습니다.
[20181111, 양양] 검색된 결과가 없습니다.
[20180422, 원주] 검색된 결과가 없습니다.
[20180228, 군산]   1건의 결과가 검색되었습니다.
[20180213, 군산]   1건의 결과가 검색되었습니다.
[20180526, 울산] 검색된 결과가 없습니다.
[20181115, 제주]  53건의 결과가 검색되었습니다.
[20180301, 양양] 검색된 결과가 없습니다.
