[20160418, 김해]  14건의 결과가 검색되었습니다.
[20161130, 사천]   1건의 결과가 검색되었습니다.
[20160616, 여수]  검색된 결과가 없습니다.
[20160307, 울산]  검색된 결과가 없습니다.
[20160104, 양양]  검색된 결과가 없습니다.
[20160214, 원주]   1건의 결과가 검색되었습니다.
[20161015, 광주]   5건의 결과가 검색되었습니다.
[20160118, 울산]  검색된 결과가 없습니다.
[20160205, 무안]  검색된 결과가 없습니다.
[20160229, 광주]   2건의 결과가 검색되었습니다.
[20160813, 사천]  검색된 결과가 없습니다.
[20160320, 김해]   5건의 결과가 검색되었습니다.
[20160426, 광주]   6건의 결과가 검색되었습니다.
[20160420, 군산]  검색된 결과가 없습니다.
[20160719, 대구]  검색된 결과가 없습니다.
[20160829, 제주]  54건의 결과가 검색되었습니다.
[20160214, 제주]  58건의 결과가 검색되었습니다.
[20160415, 군산]   2건의 결과가 검색되었습니다.
[20160224, 사천]  검색된 결과가 없습니다.
[20160501, 포항]  검색된 결과가 없습니다.
[20160207, 대구]   1건의 결과가 검색되었습니다.
[20160326, 군산]  검색된 결과가 없습니다.
[20160411, 대구]   2건의 결과가 검색되었습니다.
[20160114, 포항]  검색된 결과가 없습니다.
[20160605, 제주] 109건의 결과가 검색되었습니다.
[20160718, 양양]  검색된 결과가 없습니다.
[20160612, 광주]   4건의 결과가 검색되었습니다.
[20161018, 군산]   1건의 결과가 검색되었습니다.
[20161105, 청주]   1건의 결과가 검색되었습니다.
[20160612, 청주]   4건의 결과가 검색되었습니다.
[20161109, 사천]  검색된 결과가 없습니다.
[20161110, 군산]   2건의 결과가 검색되었습니다.
[20161024, 울산]   3건의 결과가 검색되었습니다.
[20160207, 여수]  검색된 결과가 없습니다.
[20160514, 포항]  검색된 결과가 없습니다.
[20160311, 사천]  검색된 결과가 없습니다.
[20161023, 김포]  72건의 결과가 검색되었습니다.
[20160423, 양양]  검색된 결과가 없습니다.
[20160408, 사천]   1건의 결과가 검색되었습니다.
[20161011, 울산]  검색된 결과가 없습니다.
[20160523, 대구]   2건의 결과가 검색되었습니다.
[20160407, 대구]   4건의 결과가 검색되었습니다.
[20160629, 광주]   3건의 결과가 검색되었습니다.
[20161109, 청주]   3건의 결과가 검색되었습니다.
[20160728, 제주] 141건의 결과가 검색되었습니다.
[20160813, 광주]   2건의 결과가 검색되었습니다.
[20160321, 청주]   3건의 결과가 검색되었습니다.
[20160626, 제주]  20건의 결과가 검색되었습니다.
[20161121, 제주]  91건의 결과가 검색되었습니다.
[20161201, 양양]  검색된 결과가 없습니다.
[20160330, 사천]  검색된 결과가 없습니다.
[20161212, 광주]  검색된 결과가 없습니다.
[20160802, 광주]   1건의 결과가 검색되었습니다.
[20161028, 울산]   1건의 결과가 검색되었습니다.
[20160107, 김포]  16건의 결과가 검색되었습니다.
[20161030, 원주]  검색된 결과가 없습니다.
[20160407, 김포]  30건의 결과가 검색되었습니다.
[20161027, 군산]   2건의 결과가 검색되었습니다.
[20161020, 김포]  89건의 결과가 검색되었습니다.
[20161218, 여수]  검색된 결과가 없습니다.
[20160113, 원주]  검색된 결과가 없습니다.
[20160323, 포항]  검색된 결과가 없습니다.
[20160731, 대구]   3건의 결과가 검색되었습니다.
[20160508, 양양]  검색된 결과가 없습니다.
[20161007, 여수]   1건의 결과가 검색되었습니다.
[20160404, 군산]   1건의 결과가 검색되었습니다.
[20161005, 광주]  10건의 결과가 검색되었습니다.
[20161129, 청주]   1건의 결과가 검색되었습니다.
[20161214, 김포]   7건의 결과가 검색되었습니다.
[20161208, 무안]  검색된 결과가 없습니다.
[20161119, 무안]   1건의 결과가 검색되었습니다.
[20160309, 사천]  검색된 결과가 없습니다.
[20160506, 원주]  검색된 결과가 없습니다.
[20160904, 군산]  검색된 결과가 없습니다.
[20161019, 사천]   1건의 결과가 검색되었습니다.
[20160904, 무안]  검색된 결과가 없습니다.
[20160423, 김포]  32건의 결과가 검색되었습니다.
[20160415, 무안]   2건의 결과가 검색되었습니다.
[20160731, 울산]   1건의 결과가 검색되었습니다.
[20161031, 원주]  검색된 결과가 없습니다.
[20161003, 원주]  검색된 결과가 없습니다.
[20160619, 울산]  검색된 결과가 없습니다.
[20160302, 사천]  검색된 결과가 없습니다.
[20160629, 포항]  검색된 결과가 없습니다.
[20160819, 포항]   1건의 결과가 검색되었습니다.
[20160101, 제주]  51건의 결과가 검색되었습니다.
[20161010, 원주]  검색된 결과가 없습니다.
[20160315, 울산]  검색된 결과가 없습니다.
[20160617, 군산]  검색된 결과가 없습니다.
[20161221, 여수]  검색된 결과가 없습니다.
[20160418, 제주] 132건의 결과가 검색되었습니다.
[20160129, 청주]   2건의 결과가 검색되었습니다.
[20160118, 양양]  검색된 결과가 없습니다.
[20160619, 청주]   4건의 결과가 검색되었습니다.
[20160708, 양양]  검색된 결과가 없습니다.
[20161118, 포항]  검색된 결과가 없습니다.
[20160601, 원주]  검색된 결과가 없습니다.
[20160505, 원주]  검색된 결과가 없습니다.
[20160812, 울산]   1건의 결과가 검색되었습니다.
[20160112, 제주]  21건의 결과가 검색되었습니다.
[20160225, 사천]   1건의 결과가 검색되었습니다.
[20160331, 울산]  검색된 결과가 없습니다.
[20160616, 김포]  21건의 결과가 검색되었습니다.
[20161111, 제주]  42건의 결과가 검색되었습니다.
[20160624, 군산]   1건의 결과가 검색되었습니다.
[20160330, 여수]  검색된 결과가 없습니다.
[20160704, 울산]  검색된 결과가 없습니다.
[20160515, 제주] 145건의 결과가 검색되었습니다.
[20161002, 대구]   1건의 결과가 검색되었습니다.
[20161020, 무안]   1건의 결과가 검색되었습니다.
[20161214, 포항]   2건의 결과가 검색되었습니다.
[20160131, 군산]  검색된 결과가 없습니다.
[20160905, 울산]  검색된 결과가 없습니다.
[20160807, 김포]  48건의 결과가 검색되었습니다.
[20160321, 원주]  검색된 결과가 없습니다.
[20160624, 사천]   3건의 결과가 검색되었습니다.
[20160615, 무안]  검색된 결과가 없습니다.
[20160421, 광주]   8건의 결과가 검색되었습니다.
[20160821, 광주]   4건의 결과가 검색되었습니다.
[20161027, 원주]  검색된 결과가 없습니다.
[20160919, 여수]   2건의 결과가 검색되었습니다.
[20161112, 군산]   2건의 결과가 검색되었습니다.
[20160405, 사천]  검색된 결과가 없습니다.
[20160319, 청주]  11건의 결과가 검색되었습니다.
[20160722, 여수]   1건의 결과가 검색되었습니다.
[20160108, 청주]   2건의 결과가 검색되었습니다.
[20161123, 김해]  10건의 결과가 검색되었습니다.
[20160202, 사천]  검색된 결과가 없습니다.
[20160515, 김포]  73건의 결과가 검색되었습니다.
[20160908, 사천]  검색된 결과가 없습니다.
[20160211, 군산]   1건의 결과가 검색되었습니다.
[20160207, 울산]  검색된 결과가 없습니다.
[20161016, 광주]   5건의 결과가 검색되었습니다.
[20161004, 청주]   3건의 결과가 검색되었습니다.
[20161108, 김포]  31건의 결과가 검색되었습니다.
[20160923, 청주]   2건의 결과가 검색되었습니다.
[20160612, 제주] 100건의 결과가 검색되었습니다.
[20160803, 양양]  검색된 결과가 없습니다.
[20160429, 여수]   1건의 결과가 검색되었습니다.
[20160422, 원주]  검색된 결과가 없습니다.
[20161109, 여수]  검색된 결과가 없습니다.
[20161223, 김포]  34건의 결과가 검색되었습니다.
[20160506, 양양]  검색된 결과가 없습니다.
[20160826, 청주]   2건의 결과가 검색되었습니다.
[20161114, 원주]  검색된 결과가 없습니다.
[20160802, 울산]   1건의 결과가 검색되었습니다.
[20160305, 원주]  검색된 결과가 없습니다.
[20161006, 군산]   2건의 결과가 검색되었습니다.
[20161111, 여수]   1건의 결과가 검색되었습니다.
[20161112, 여수]   1건의 결과가 검색되었습니다.
[20160427, 김포]  93건의 결과가 검색되었습니다.
[20161007, 포항]  검색된 결과가 없습니다.
[20160308, 여수]  검색된 결과가 없습니다.
[20160702, 포항]   1건의 결과가 검색되었습니다.
[20160623, 양양]  검색된 결과가 없습니다.
[20161227, 여수]   2건의 결과가 검색되었습니다.
[20160315, 여수]  검색된 결과가 없습니다.
[20160524, 군산]   2건의 결과가 검색되었습니다.
[20160314, 군산]  검색된 결과가 없습니다.
[20161118, 원주]  검색된 결과가 없습니다.
[20161223, 제주]  32건의 결과가 검색되었습니다.
[20161023, 포항]  검색된 결과가 없습니다.
[20161127, 여수]  검색된 결과가 없습니다.
[20160401, 김해]  16건의 결과가 검색되었습니다.
[20160525, 광주]   6건의 결과가 검색되었습니다.
[20161202, 김포]  13건의 결과가 검색되었습니다.
[20160823, 포항]  검색된 결과가 없습니다.
[20160716, 여수]   1건의 결과가 검색되었습니다.
[20160512, 여수]  검색된 결과가 없습니다.
[20160313, 김해]   2건의 결과가 검색되었습니다.
[20161010, 포항]  검색된 결과가 없습니다.
[20161128, 김포]  25건의 결과가 검색되었습니다.
[20161231, 울산]  검색된 결과가 없습니다.
[20160115, 제주]  23건의 결과가 검색되었습니다.
[20160901, 사천]  검색된 결과가 없습니다.
[20160815, 대구]  검색된 결과가 없습니다.
[20160412, 청주]   3건의 결과가 검색되었습니다.
[20160204, 포항]  검색된 결과가 없습니다.
[20160116, 청주]   2건의 결과가 검색되었습니다.
[20161204, 제주]  34건의 결과가 검색되었습니다.
[20161218, 원주]  검색된 결과가 없습니다.
[20160129, 김포]  42건의 결과가 검색되었습니다.
[20161029, 광주]   2건의 결과가 검색되었습니다.
[20160703, 군산]   1건의 결과가 검색되었습니다.
[20161011, 군산]   2건의 결과가 검색되었습니다.
[20160831, 포항]  검색된 결과가 없습니다.
[20161015, 김포]  67건의 결과가 검색되었습니다.
[20161030, 제주]  75건의 결과가 검색되었습니다.
[20160718, 광주]   1건의 결과가 검색되었습니다.
[20161111, 군산]   2건의 결과가 검색되었습니다.
[20160117, 제주] 126건의 결과가 검색되었습니다.
[20160701, 사천]   2건의 결과가 검색되었습니다.
[20160211, 무안]  검색된 결과가 없습니다.
[20160702, 광주]   4건의 결과가 검색되었습니다.
[20160523, 양양]  검색된 결과가 없습니다.
[20160223, 광주]   6건의 결과가 검색되었습니다.
[20160305, 사천]   1건의 결과가 검색되었습니다.
[20161205, 광주]   1건의 결과가 검색되었습니다.
[20160205, 광주]   5건의 결과가 검색되었습니다.
[20160215, 포항]  검색된 결과가 없습니다.
[20160625, 군산]  검색된 결과가 없습니다.
[20161023, 광주]   9건의 결과가 검색되었습니다.
[20160801, 여수]  검색된 결과가 없습니다.
[20160305, 군산]   1건의 결과가 검색되었습니다.
[20160625, 사천]  검색된 결과가 없습니다.
[20160903, 울산]  검색된 결과가 없습니다.
[20160814, 양양]  검색된 결과가 없습니다.
[20161104, 제주]  84건의 결과가 검색되었습니다.
[20160122, 울산]  검색된 결과가 없습니다.
[20160929, 제주] 113건의 결과가 검색되었습니다.
[20160823, 청주]   3건의 결과가 검색되었습니다.
[20160402, 포항]  검색된 결과가 없습니다.
[20161018, 대구]   2건의 결과가 검색되었습니다.
[20160512, 광주]   6건의 결과가 검색되었습니다.
[20160123, 제주] 201건의 결과가 검색되었습니다.
[20160422, 무안]  검색된 결과가 없습니다.
[20160831, 양양]  검색된 결과가 없습니다.
[20160814, 김포]  15건의 결과가 검색되었습니다.
[20160107, 청주]   1건의 결과가 검색되었습니다.
[20161209, 양양]   1건의 결과가 검색되었습니다.
[20160821, 울산]  검색된 결과가 없습니다.
[20160501, 원주]  검색된 결과가 없습니다.
[20160418, 광주]   6건의 결과가 검색되었습니다.
[20160809, 울산]  검색된 결과가 없습니다.
[20160204, 양양]  검색된 결과가 없습니다.
[20160316, 울산]  검색된 결과가 없습니다.
[20161102, 김해]  14건의 결과가 검색되었습니다.
[20160610, 울산]  검색된 결과가 없습니다.
[20160419, 포항]  검색된 결과가 없습니다.
[20160827, 원주]  검색된 결과가 없습니다.
[20161013, 원주]   1건의 결과가 검색되었습니다.
[20160219, 포항]  검색된 결과가 없습니다.
[20160404, 제주]  96건의 결과가 검색되었습니다.
[20160807, 제주]  87건의 결과가 검색되었습니다.
[20160923, 여수]  검색된 결과가 없습니다.
[20160720, 원주]  검색된 결과가 없습니다.
[20160902, 포항]   1건의 결과가 검색되었습니다.
[20161124, 포항]  검색된 결과가 없습니다.
[20160708, 제주]  75건의 결과가 검색되었습니다.
[20160223, 김해]   2건의 결과가 검색되었습니다.
[20161023, 양양]  검색된 결과가 없습니다.
[20161219, 제주]  48건의 결과가 검색되었습니다.
[20161126, 김해]  13건의 결과가 검색되었습니다.
[20160319, 포항]  검색된 결과가 없습니다.
[20160215, 광주]   5건의 결과가 검색되었습니다.
[20161108, 원주]  검색된 결과가 없습니다.
[20160420, 포항]  검색된 결과가 없습니다.
[20160901, 청주]   3건의 결과가 검색되었습니다.
[20160103, 군산]   1건의 결과가 검색되었습니다.
[20160203, 양양]  검색된 결과가 없습니다.
[20160712, 울산]   5건의 결과가 검색되었습니다.
[20160106, 무안]  검색된 결과가 없습니다.
[20161026, 김해]  15건의 결과가 검색되었습니다.
[20160313, 사천]  검색된 결과가 없습니다.
[20160401, 제주]  44건의 결과가 검색되었습니다.
[20160922, 무안]  검색된 결과가 없습니다.
[20160410, 청주]   1건의 결과가 검색되었습니다.
[20161113, 사천]   2건의 결과가 검색되었습니다.
[20160920, 대구]   3건의 결과가 검색되었습니다.
[20160402, 사천]   1건의 결과가 검색되었습니다.
[20160124, 여수]   7건의 결과가 검색되었습니다.
[20160420, 여수]  검색된 결과가 없습니다.
[20160908, 원주]  검색된 결과가 없습니다.
[20160727, 대구]   6건의 결과가 검색되었습니다.
[20160604, 양양]  검색된 결과가 없습니다.
[20161009, 여수]  검색된 결과가 없습니다.
[20161102, 광주]   3건의 결과가 검색되었습니다.
[20160502, 여수]   4건의 결과가 검색되었습니다.
[20160817, 사천]  검색된 결과가 없습니다.
[20160201, 원주]  검색된 결과가 없습니다.
[20160626, 김포]   9건의 결과가 검색되었습니다.
[20160122, 광주]   7건의 결과가 검색되었습니다.
[20160405, 김포]  16건의 결과가 검색되었습니다.
[20160321, 사천]  검색된 결과가 없습니다.
[20161013, 제주]  74건의 결과가 검색되었습니다.
[20160202, 김포]  15건의 결과가 검색되었습니다.
[20160515, 사천]   2건의 결과가 검색되었습니다.
[20160425, 김해]  19건의 결과가 검색되었습니다.
[20161120, 양양]  검색된 결과가 없습니다.
[20160911, 군산]  검색된 결과가 없습니다.
[20160127, 김포]  23건의 결과가 검색되었습니다.
[20160623, 제주] 100건의 결과가 검색되었습니다.
[20160819, 청주]   3건의 결과가 검색되었습니다.
[20160405, 제주]  59건의 결과가 검색되었습니다.
[20160203, 여수]   1건의 결과가 검색되었습니다.
[20160822, 대구]   6건의 결과가 검색되었습니다.
[20160910, 제주]  87건의 결과가 검색되었습니다.
[20160319, 광주]   5건의 결과가 검색되었습니다.
[20160406, 김포]  47건의 결과가 검색되었습니다.
[20160531, 제주]  28건의 결과가 검색되었습니다.
[20161217, 사천]   1건의 결과가 검색되었습니다.
[20160806, 제주] 103건의 결과가 검색되었습니다.
[20160216, 김포]  54건의 결과가 검색되었습니다.
[20160316, 군산]  검색된 결과가 없습니다.
[20160327, 포항]  검색된 결과가 없습니다.
[20161022, 포항]  검색된 결과가 없습니다.
[20160810, 원주]  검색된 결과가 없습니다.
[20160217, 여수]  검색된 결과가 없습니다.
[20160114, 여수]   1건의 결과가 검색되었습니다.
[20161027, 청주]   9건의 결과가 검색되었습니다.
[20160229, 제주]  35건의 결과가 검색되었습니다.
[20161008, 여수]   1건의 결과가 검색되었습니다.
[20160110, 군산]  검색된 결과가 없습니다.
[20160505, 무안]   1건의 결과가 검색되었습니다.
[20160119, 포항]  검색된 결과가 없습니다.
[20160111, 여수]  검색된 결과가 없습니다.
[20160419, 울산]  검색된 결과가 없습니다.
[20160113, 김포]  34건의 결과가 검색되었습니다.
[20161213, 양양]  검색된 결과가 없습니다.
[20161019, 원주]  검색된 결과가 없습니다.
[20160221, 양양]  검색된 결과가 없습니다.
[20160817, 무안]  검색된 결과가 없습니다.
[20160303, 무안]  검색된 결과가 없습니다.
[20161103, 사천]  검색된 결과가 없습니다.
[20160623, 여수]  검색된 결과가 없습니다.
[20160826, 여수]  검색된 결과가 없습니다.
[20161002, 무안]  검색된 결과가 없습니다.
[20161020, 대구]   5건의 결과가 검색되었습니다.
[20160103, 울산]   1건의 결과가 검색되었습니다.
[20160326, 여수]   1건의 결과가 검색되었습니다.
[20160320, 군산]   1건의 결과가 검색되었습니다.
[20160424, 김포]  36건의 결과가 검색되었습니다.
[20161116, 사천]   1건의 결과가 검색되었습니다.
[20160830, 사천]  검색된 결과가 없습니다.
[20161123, 울산]  검색된 결과가 없습니다.
[20160111, 무안]  검색된 결과가 없습니다.
[20160409, 군산]  검색된 결과가 없습니다.
[20160115, 사천]  검색된 결과가 없습니다.
[20160406, 양양]  검색된 결과가 없습니다.
[20161211, 무안]  검색된 결과가 없습니다.
[20160918, 김해]  11건의 결과가 검색되었습니다.
[20160102, 울산]  검색된 결과가 없습니다.
[20160325, 제주]  58건의 결과가 검색되었습니다.
[20160615, 제주] 106건의 결과가 검색되었습니다.
[20160829, 김포]  26건의 결과가 검색되었습니다.
[20160311, 김포]   4건의 결과가 검색되었습니다.
[20160610, 대구]   4건의 결과가 검색되었습니다.
[20160413, 대구]   1건의 결과가 검색되었습니다.
[20160516, 청주]   1건의 결과가 검색되었습니다.
[20160826, 원주]  검색된 결과가 없습니다.
[20160207, 광주]   8건의 결과가 검색되었습니다.
[20161016, 울산]   1건의 결과가 검색되었습니다.
[20160821, 김해]  12건의 결과가 검색되었습니다.
[20160121, 포항]  검색된 결과가 없습니다.
[20161213, 김해]   6건의 결과가 검색되었습니다.
[20160724, 원주]  검색된 결과가 없습니다.
[20160120, 울산]  검색된 결과가 없습니다.
[20160218, 광주]   4건의 결과가 검색되었습니다.
[20160126, 사천]   2건의 결과가 검색되었습니다.
[20160228, 여수]   1건의 결과가 검색되었습니다.
[20161203, 김포]   8건의 결과가 검색되었습니다.
[20160314, 김포]  25건의 결과가 검색되었습니다.
[20161024, 청주]   2건의 결과가 검색되었습니다.
[20160722, 사천]   1건의 결과가 검색되었습니다.
[20160814, 사천]  검색된 결과가 없습니다.
[20160804, 양양]  검색된 결과가 없습니다.
[20161115, 여수]  검색된 결과가 없습니다.
[20160509, 포항]  검색된 결과가 없습니다.
[20160529, 군산]  검색된 결과가 없습니다.
[20160922, 김해]  13건의 결과가 검색되었습니다.
[20160321, 김해]  12건의 결과가 검색되었습니다.
[20160608, 무안]  검색된 결과가 없습니다.
[20160420, 김포]  40건의 결과가 검색되었습니다.
[20160228, 포항]  검색된 결과가 없습니다.
[20160509, 사천]  검색된 결과가 없습니다.
[20161004, 군산]   2건의 결과가 검색되었습니다.
[20161223, 무안]  검색된 결과가 없습니다.
[20160212, 양양]  검색된 결과가 없습니다.
[20160613, 울산]  검색된 결과가 없습니다.
[20161019, 군산]  검색된 결과가 없습니다.
[20161207, 포항]  검색된 결과가 없습니다.
[20160504, 울산]   4건의 결과가 검색되었습니다.
[20161216, 김해]  19건의 결과가 검색되었습니다.
[20160709, 제주]  67건의 결과가 검색되었습니다.
[20160112, 청주]  검색된 결과가 없습니다.
[20160725, 양양]  검색된 결과가 없습니다.
[20160306, 김해]  43건의 결과가 검색되었습니다.
[20160909, 김포]   8건의 결과가 검색되었습니다.
[20160629, 사천]  검색된 결과가 없습니다.
[20160425, 무안]  검색된 결과가 없습니다.
[20160123, 광주]  14건의 결과가 검색되었습니다.
[20160204, 제주]  33건의 결과가 검색되었습니다.
[20160601, 양양]  검색된 결과가 없습니다.
[20160604, 김해]  22건의 결과가 검색되었습니다.
[20160622, 청주]   4건의 결과가 검색되었습니다.
[20160527, 원주]  검색된 결과가 없습니다.
[20160505, 광주]  11건의 결과가 검색되었습니다.
[20161201, 광주]   5건의 결과가 검색되었습니다.
