[20190718, 광주]   1건의 결과가 검색되었습니다.
[20190103, 제주]  51건의 결과가 검색되었습니다.
[20190126, 포항] 검색된 결과가 없습니다.
[20190209, 양양] 검색된 결과가 없습니다.
[20191123, 여수] 검색된 결과가 없습니다.
[20190914, 김해]   8건의 결과가 검색되었습니다.
[20191120, 김포]  23건의 결과가 검색되었습니다.
[20190103, 무안]   1건의 결과가 검색되었습니다.
[20190703, 대구]   3건의 결과가 검색되었습니다.
[20190818, 포항] 검색된 결과가 없습니다.
[20190217, 군산] 검색된 결과가 없습니다.
[20190607, 대구]   1건의 결과가 검색되었습니다.
[20190328, 양양] 검색된 결과가 없습니다.
[20191022, 울산] 검색된 결과가 없습니다.
[20191215, 제주]  60건의 결과가 검색되었습니다.
[20190517, 제주] 115건의 결과가 검색되었습니다.
[20190612, 대구]   2건의 결과가 검색되었습니다.
[20190117, 포항] 검색된 결과가 없습니다.
[20190219, 군산]   2건의 결과가 검색되었습니다.
[20190520, 포항] 검색된 결과가 없습니다.
[20190716, 제주]  28건의 결과가 검색되었습니다.
[20190315, 제주]  44건의 결과가 검색되었습니다.
[20190818, 양양] 검색된 결과가 없습니다.
[20191107, 여수] 검색된 결과가 없습니다.
[20191220, 청주]   3건의 결과가 검색되었습니다.
[20190323, 양양] 검색된 결과가 없습니다.
[20190401, 청주]   5건의 결과가 검색되었습니다.
[20191006, 사천]   1건의 결과가 검색되었습니다.
[20191128, 양양] 검색된 결과가 없습니다.
[20190217, 김해]   2건의 결과가 검색되었습니다.
[20190504, 제주]  56건의 결과가 검색되었습니다.
[20190214, 군산] 검색된 결과가 없습니다.
[20190402, 제주]  16건의 결과가 검색되었습니다.
[20190629, 김포]  26건의 결과가 검색되었습니다.
[20190106, 무안] 검색된 결과가 없습니다.
[20190921, 군산]   1건의 결과가 검색되었습니다.
[20191005, 김해]   2건의 결과가 검색되었습니다.
[20190616, 여수] 검색된 결과가 없습니다.
[20190506, 대구]   6건의 결과가 검색되었습니다.
[20190628, 포항] 검색된 결과가 없습니다.
[20191231, 군산] 검색된 결과가 없습니다.
[20190510, 제주]  29건의 결과가 검색되었습니다.
[20190221, 청주]   4건의 결과가 검색되었습니다.
[20190323, 청주]   2건의 결과가 검색되었습니다.
[20190505, 무안] 검색된 결과가 없습니다.
[20190606, 김포]  34건의 결과가 검색되었습니다.
[20190114, 군산]   1건의 결과가 검색되었습니다.
[20190408, 여수] 검색된 결과가 없습니다.
[20190210, 김포]   9건의 결과가 검색되었습니다.
[20191129, 양양] 검색된 결과가 없습니다.
[20191011, 김해]  10건의 결과가 검색되었습니다.
[20190912, 김포]  38건의 결과가 검색되었습니다.
[20190909, 원주] 검색된 결과가 없습니다.
[20190616, 군산]   1건의 결과가 검색되었습니다.
[20190301, 김해]   5건의 결과가 검색되었습니다.
[20190503, 군산]   1건의 결과가 검색되었습니다.
[20191228, 광주]   2건의 결과가 검색되었습니다.
[20191017, 양양] 검색된 결과가 없습니다.
[20190523, 여수] 검색된 결과가 없습니다.
[20191208, 포항] 검색된 결과가 없습니다.
[20190612, 김해]   7건의 결과가 검색되었습니다.
[20190404, 사천] 검색된 결과가 없습니다.
[20190513, 원주] 검색된 결과가 없습니다.
[20190614, 무안] 검색된 결과가 없습니다.
[20190610, 사천] 검색된 결과가 없습니다.
[20190627, 무안]   1건의 결과가 검색되었습니다.
[20190620, 광주]   2건의 결과가 검색되었습니다.
[20191112, 원주] 검색된 결과가 없습니다.
[20191127, 여수] 검색된 결과가 없습니다.
[20191222, 군산] 검색된 결과가 없습니다.
[20190819, 무안] 검색된 결과가 없습니다.
[20191111, 울산] 검색된 결과가 없습니다.
[20191107, 군산]   1건의 결과가 검색되었습니다.
[20191229, 군산] 검색된 결과가 없습니다.
[20191112, 여수]   1건의 결과가 검색되었습니다.
[20190930, 대구]   5건의 결과가 검색되었습니다.
[20190114, 김해]  14건의 결과가 검색되었습니다.
[20190625, 김포]   8건의 결과가 검색되었습니다.
[20190525, 사천] 검색된 결과가 없습니다.
[20190905, 원주] 검색된 결과가 없습니다.
[20191208, 군산] 검색된 결과가 없습니다.
[20191016, 청주]   2건의 결과가 검색되었습니다.
[20190413, 김포]  20건의 결과가 검색되었습니다.
[20190224, 제주]  38건의 결과가 검색되었습니다.
[20190427, 제주]  66건의 결과가 검색되었습니다.
[20190716, 울산]   2건의 결과가 검색되었습니다.
[20190808, 무안]   2건의 결과가 검색되었습니다.
[20190815, 양양] 검색된 결과가 없습니다.
[20191119, 광주]   4건의 결과가 검색되었습니다.
[20190121, 여수] 검색된 결과가 없습니다.
[20190616, 김해]  10건의 결과가 검색되었습니다.
[20190125, 대구]   3건의 결과가 검색되었습니다.
[20190502, 군산] 검색된 결과가 없습니다.
[20190812, 청주]   8건의 결과가 검색되었습니다.
[20190909, 김포]  24건의 결과가 검색되었습니다.
[20190329, 제주]  34건의 결과가 검색되었습니다.
[20190911, 광주]   1건의 결과가 검색되었습니다.
[20190115, 김해]   8건의 결과가 검색되었습니다.
[20190820, 양양] 검색된 결과가 없습니다.
[20191221, 양양] 검색된 결과가 없습니다.
[20190811, 양양] 검색된 결과가 없습니다.
[20190916, 사천] 검색된 결과가 없습니다.
[20190924, 대구]   3건의 결과가 검색되었습니다.
[20190427, 청주]   6건의 결과가 검색되었습니다.
[20190810, 김해]  18건의 결과가 검색되었습니다.
[20190205, 무안] 검색된 결과가 없습니다.
[20190721, 무안] 검색된 결과가 없습니다.
[20191008, 광주]   2건의 결과가 검색되었습니다.
[20191012, 울산]   1건의 결과가 검색되었습니다.
[20190816, 군산]   1건의 결과가 검색되었습니다.
[20190527, 울산]   7건의 결과가 검색되었습니다.
[20190518, 청주]   5건의 결과가 검색되었습니다.
[20190216, 청주]   5건의 결과가 검색되었습니다.
[20190430, 광주] 검색된 결과가 없습니다.
[20190411, 광주]   2건의 결과가 검색되었습니다.
[20190214, 포항]   1건의 결과가 검색되었습니다.
[20190718, 제주] 117건의 결과가 검색되었습니다.
[20190305, 청주]   5건의 결과가 검색되었습니다.
[20190707, 청주] 검색된 결과가 없습니다.
[20190408, 제주]  27건의 결과가 검색되었습니다.
[20190718, 무안] 검색된 결과가 없습니다.
[20191004, 제주]  39건의 결과가 검색되었습니다.
[20190511, 무안] 검색된 결과가 없습니다.
[20190614, 김해]  17건의 결과가 검색되었습니다.
[20190110, 여수]   1건의 결과가 검색되었습니다.
[20190528, 대구]   5건의 결과가 검색되었습니다.
[20191012, 제주]  45건의 결과가 검색되었습니다.
[20191120, 포항]   1건의 결과가 검색되었습니다.
[20190315, 여수] 검색된 결과가 없습니다.
[20190112, 제주]  26건의 결과가 검색되었습니다.
[20190916, 대구]   1건의 결과가 검색되었습니다.
[20190626, 김해]  18건의 결과가 검색되었습니다.
[20190306, 포항] 검색된 결과가 없습니다.
[20190411, 대구]   2건의 결과가 검색되었습니다.
[20190329, 무안] 검색된 결과가 없습니다.
[20190621, 무안] 검색된 결과가 없습니다.
[20190211, 제주]  16건의 결과가 검색되었습니다.
[20190728, 청주]   8건의 결과가 검색되었습니다.
[20190614, 사천]   1건의 결과가 검색되었습니다.
[20190404, 무안] 검색된 결과가 없습니다.
[20190906, 제주]  91건의 결과가 검색되었습니다.
[20190303, 울산] 검색된 결과가 없습니다.
[20191124, 김포]  22건의 결과가 검색되었습니다.
[20190116, 원주] 검색된 결과가 없습니다.
[20191207, 청주]   4건의 결과가 검색되었습니다.
[20191006, 양양]   2건의 결과가 검색되었습니다.
[20190403, 대구]   6건의 결과가 검색되었습니다.
[20190915, 청주]   2건의 결과가 검색되었습니다.
[20190126, 군산] 검색된 결과가 없습니다.
[20190728, 제주] 136건의 결과가 검색되었습니다.
[20190117, 광주] 검색된 결과가 없습니다.
[20190805, 포항] 검색된 결과가 없습니다.
[20191102, 사천] 검색된 결과가 없습니다.
[20190609, 청주]   3건의 결과가 검색되었습니다.
[20190303, 사천] 검색된 결과가 없습니다.
[20190427, 포항] 검색된 결과가 없습니다.
[20190218, 김해]   6건의 결과가 검색되었습니다.
[20190912, 양양] 검색된 결과가 없습니다.
[20190507, 원주] 검색된 결과가 없습니다.
[20191110, 김해]   3건의 결과가 검색되었습니다.
[20190320, 사천]   1건의 결과가 검색되었습니다.
[20190405, 김해]  11건의 결과가 검색되었습니다.
[20190814, 양양] 검색된 결과가 없습니다.
[20190118, 원주] 검색된 결과가 없습니다.
[20190211, 무안] 검색된 결과가 없습니다.
[20190226, 양양]   3건의 결과가 검색되었습니다.
[20190422, 사천] 검색된 결과가 없습니다.
[20191201, 김해]   8건의 결과가 검색되었습니다.
[20191109, 제주]  63건의 결과가 검색되었습니다.
[20191210, 포항]   1건의 결과가 검색되었습니다.
[20191214, 원주] 검색된 결과가 없습니다.
[20190829, 여수]   5건의 결과가 검색되었습니다.
[20190917, 제주]  39건의 결과가 검색되었습니다.
[20190616, 사천] 검색된 결과가 없습니다.
[20190724, 여수]   1건의 결과가 검색되었습니다.
[20190501, 대구]   2건의 결과가 검색되었습니다.
[20190823, 양양] 검색된 결과가 없습니다.
[20190606, 울산] 검색된 결과가 없습니다.
[20190715, 포항] 검색된 결과가 없습니다.
[20190112, 사천]   1건의 결과가 검색되었습니다.
[20190322, 사천] 검색된 결과가 없습니다.
[20190701, 김포]  37건의 결과가 검색되었습니다.
[20190728, 김포]  65건의 결과가 검색되었습니다.
[20191012, 사천] 검색된 결과가 없습니다.
[20190131, 김해]  22건의 결과가 검색되었습니다.
[20191019, 김해]   4건의 결과가 검색되었습니다.
[20190519, 원주] 검색된 결과가 없습니다.
[20190111, 군산]   1건의 결과가 검색되었습니다.
[20190930, 광주] 검색된 결과가 없습니다.
[20190811, 김포]  79건의 결과가 검색되었습니다.
[20190113, 대구]  39건의 결과가 검색되었습니다.
[20190704, 광주]   4건의 결과가 검색되었습니다.
[20190901, 무안] 검색된 결과가 없습니다.
[20190711, 여수] 검색된 결과가 없습니다.
[20190525, 울산] 검색된 결과가 없습니다.
[20190506, 제주]  35건의 결과가 검색되었습니다.
[20190606, 사천] 검색된 결과가 없습니다.
[20190624, 양양] 검색된 결과가 없습니다.
[20191010, 울산] 검색된 결과가 없습니다.
[20190405, 무안] 검색된 결과가 없습니다.
[20190808, 여수] 검색된 결과가 없습니다.
[20191016, 광주]   1건의 결과가 검색되었습니다.
[20190517, 원주] 검색된 결과가 없습니다.
[20190202, 울산] 검색된 결과가 없습니다.
[20190304, 대구] 검색된 결과가 없습니다.
[20190408, 김포]  15건의 결과가 검색되었습니다.
[20190412, 광주]   3건의 결과가 검색되었습니다.
[20190719, 포항] 검색된 결과가 없습니다.
[20190524, 양양] 검색된 결과가 없습니다.
[20190305, 군산]   1건의 결과가 검색되었습니다.
[20190303, 원주] 검색된 결과가 없습니다.
[20190707, 군산] 검색된 결과가 없습니다.
[20190123, 대구] 검색된 결과가 없습니다.
[20190212, 대구]   1건의 결과가 검색되었습니다.
[20190407, 군산]   1건의 결과가 검색되었습니다.
[20191104, 광주]   2건의 결과가 검색되었습니다.
[20191121, 여수]   2건의 결과가 검색되었습니다.
[20190223, 원주] 검색된 결과가 없습니다.
[20190722, 청주]   3건의 결과가 검색되었습니다.
[20190705, 김해]  10건의 결과가 검색되었습니다.
[20191215, 대구]   1건의 결과가 검색되었습니다.
[20190512, 여수] 검색된 결과가 없습니다.
[20190715, 원주] 검색된 결과가 없습니다.
[20190529, 사천] 검색된 결과가 없습니다.
[20190828, 김해]  16건의 결과가 검색되었습니다.
[20190825, 광주]   2건의 결과가 검색되었습니다.
[20190908, 무안] 검색된 결과가 없습니다.
[20191020, 사천] 검색된 결과가 없습니다.
[20190109, 대구]   3건의 결과가 검색되었습니다.
[20190513, 무안] 검색된 결과가 없습니다.
[20190410, 여수] 검색된 결과가 없습니다.
[20190601, 울산] 검색된 결과가 없습니다.
[20190906, 양양]   1건의 결과가 검색되었습니다.
[20190103, 청주]   5건의 결과가 검색되었습니다.
[20191120, 군산] 검색된 결과가 없습니다.
[20190205, 울산] 검색된 결과가 없습니다.
[20191229, 청주]   4건의 결과가 검색되었습니다.
[20190624, 포항] 검색된 결과가 없습니다.
[20190926, 광주]   2건의 결과가 검색되었습니다.
[20190704, 사천] 검색된 결과가 없습니다.
[20190521, 김해]   8건의 결과가 검색되었습니다.
[20190323, 김포]  13건의 결과가 검색되었습니다.
[20191202, 대구]   2건의 결과가 검색되었습니다.
[20190220, 사천] 검색된 결과가 없습니다.
[20191228, 사천] 검색된 결과가 없습니다.
[20190805, 여수]   1건의 결과가 검색되었습니다.
[20191030, 여수] 검색된 결과가 없습니다.
[20190912, 제주]  85건의 결과가 검색되었습니다.
[20191104, 대구]   1건의 결과가 검색되었습니다.
[20190130, 김해]   1건의 결과가 검색되었습니다.
[20190623, 여수] 검색된 결과가 없습니다.
[20190818, 대구]   2건의 결과가 검색되었습니다.
[20190913, 제주]  40건의 결과가 검색되었습니다.
[20190502, 포항] 검색된 결과가 없습니다.
[20190916, 제주]  62건의 결과가 검색되었습니다.
[20190209, 대구]   2건의 결과가 검색되었습니다.
[20190510, 김포]   4건의 결과가 검색되었습니다.
[20190413, 포항] 검색된 결과가 없습니다.
[20190905, 제주]  73건의 결과가 검색되었습니다.
[20190617, 원주] 검색된 결과가 없습니다.
[20190703, 울산] 검색된 결과가 없습니다.
[20191002, 여수]   6건의 결과가 검색되었습니다.
[20190222, 여수]   1건의 결과가 검색되었습니다.
[20190917, 울산] 검색된 결과가 없습니다.
[20190520, 김해]   4건의 결과가 검색되었습니다.
[20190904, 울산] 검색된 결과가 없습니다.
[20190829, 울산]   2건의 결과가 검색되었습니다.
[20190916, 울산] 검색된 결과가 없습니다.
[20190410, 군산]   1건의 결과가 검색되었습니다.
[20190331, 양양] 검색된 결과가 없습니다.
[20190224, 대구]   2건의 결과가 검색되었습니다.
[20191111, 김포]  28건의 결과가 검색되었습니다.
[20190102, 청주]   5건의 결과가 검색되었습니다.
[20190712, 무안] 검색된 결과가 없습니다.
[20190208, 대구] 검색된 결과가 없습니다.
[20190830, 광주]   3건의 결과가 검색되었습니다.
[20190709, 제주]  59건의 결과가 검색되었습니다.
[20191009, 군산] 검색된 결과가 없습니다.
[20190324, 원주] 검색된 결과가 없습니다.
[20190325, 김해]   5건의 결과가 검색되었습니다.
[20190417, 무안] 검색된 결과가 없습니다.
[20190821, 무안] 검색된 결과가 없습니다.
[20190716, 김포]  14건의 결과가 검색되었습니다.
[20190108, 무안] 검색된 결과가 없습니다.
[20190909, 양양] 검색된 결과가 없습니다.
[20190325, 사천] 검색된 결과가 없습니다.
[20190216, 무안] 검색된 결과가 없습니다.
[20190228, 양양] 검색된 결과가 없습니다.
[20190829, 양양] 검색된 결과가 없습니다.
[20190304, 여수]   1건의 결과가 검색되었습니다.
[20190316, 김해]   4건의 결과가 검색되었습니다.
[20191027, 청주]   4건의 결과가 검색되었습니다.
[20190317, 여수] 검색된 결과가 없습니다.
[20191127, 광주] 검색된 결과가 없습니다.
[20190209, 제주]  32건의 결과가 검색되었습니다.
[20191208, 김포]  22건의 결과가 검색되었습니다.
[20190328, 사천] 검색된 결과가 없습니다.
[20190818, 김해]   6건의 결과가 검색되었습니다.
[20190310, 청주]   2건의 결과가 검색되었습니다.
[20190314, 여수] 검색된 결과가 없습니다.
[20191014, 원주]   1건의 결과가 검색되었습니다.
[20190415, 김포]  18건의 결과가 검색되었습니다.
[20190518, 여수]   1건의 결과가 검색되었습니다.
[20190710, 청주]   3건의 결과가 검색되었습니다.
[20191005, 군산] 검색된 결과가 없습니다.
[20190820, 여수] 검색된 결과가 없습니다.
[20191221, 여수] 검색된 결과가 없습니다.
[20190815, 원주] 검색된 결과가 없습니다.
[20191220, 김포]  32건의 결과가 검색되었습니다.
[20191218, 대구]   3건의 결과가 검색되었습니다.
[20190619, 포항] 검색된 결과가 없습니다.
[20190419, 제주]  41건의 결과가 검색되었습니다.
[20190728, 원주] 검색된 결과가 없습니다.
[20190110, 울산] 검색된 결과가 없습니다.
[20191223, 울산]   1건의 결과가 검색되었습니다.
[20190820, 원주] 검색된 결과가 없습니다.
[20191221, 원주] 검색된 결과가 없습니다.
[20190203, 사천]   2건의 결과가 검색되었습니다.
[20190824, 포항] 검색된 결과가 없습니다.
[20191024, 광주] 검색된 결과가 없습니다.
[20190805, 무안] 검색된 결과가 없습니다.
[20190129, 광주] 검색된 결과가 없습니다.
[20190801, 무안]   1건의 결과가 검색되었습니다.
[20191009, 원주] 검색된 결과가 없습니다.
[20190425, 청주]  10건의 결과가 검색되었습니다.
[20190516, 김포]  30건의 결과가 검색되었습니다.
[20190217, 포항] 검색된 결과가 없습니다.
[20190818, 군산]   1건의 결과가 검색되었습니다.
[20190223, 울산] 검색된 결과가 없습니다.
[20190613, 사천] 검색된 결과가 없습니다.
[20190307, 사천] 검색된 결과가 없습니다.
[20191207, 여수] 검색된 결과가 없습니다.
[20190319, 대구] 검색된 결과가 없습니다.
[20190201, 청주]   6건의 결과가 검색되었습니다.
[20191218, 포항]   1건의 결과가 검색되었습니다.
[20191129, 제주]  80건의 결과가 검색되었습니다.
[20190118, 청주]   5건의 결과가 검색되었습니다.
[20190226, 김포]  18건의 결과가 검색되었습니다.
[20190903, 울산]   1건의 결과가 검색되었습니다.
[20191022, 사천] 검색된 결과가 없습니다.
[20190419, 울산] 검색된 결과가 없습니다.
[20190426, 청주]   4건의 결과가 검색되었습니다.
[20190913, 광주]   2건의 결과가 검색되었습니다.
