[20170416, 무안] 검색된 결과가 없습니다.
[20170213, 울산]   1건의 결과가 검색되었습니다.
[20171116, 대구]   2건의 결과가 검색되었습니다.
[20170628, 사천] 검색된 결과가 없습니다.
[20170617, 김포]  13건의 결과가 검색되었습니다.
[20170111, 울산]   2건의 결과가 검색되었습니다.
[20170329, 청주]   2건의 결과가 검색되었습니다.
[20170522, 대구]   5건의 결과가 검색되었습니다.
[20170126, 여수]   3건의 결과가 검색되었습니다.
[20170609, 김해]  20건의 결과가 검색되었습니다.
[20171207, 포항]   1건의 결과가 검색되었습니다.
[20170423, 대구]   4건의 결과가 검색되었습니다.
[20171229, 포항] 검색된 결과가 없습니다.
[20170108, 원주] 검색된 결과가 없습니다.
[20171110, 김해]   6건의 결과가 검색되었습니다.
[20171219, 여수] 검색된 결과가 없습니다.
[20170313, 대구]   1건의 결과가 검색되었습니다.
[20170427, 대구]   3건의 결과가 검색되었습니다.
[20170419, 포항] 검색된 결과가 없습니다.
[20170310, 대구] 검색된 결과가 없습니다.
[20170420, 무안] 검색된 결과가 없습니다.
[20171231, 대구]   2건의 결과가 검색되었습니다.
[20170722, 여수] 검색된 결과가 없습니다.
[20170223, 광주]   1건의 결과가 검색되었습니다.
[20170731, 원주] 검색된 결과가 없습니다.
[20170302, 양양] 검색된 결과가 없습니다.
[20171006, 청주]   3건의 결과가 검색되었습니다.
[20170711, 김해]  16건의 결과가 검색되었습니다.
