[20180611, 무안] 검색된 결과가 없습니다.
[20180518, 포항]   2건의 결과가 검색되었습니다.
[20180123, 양양]   2건의 결과가 검색되었습니다.
[20180612, 제주]  25건의 결과가 검색되었습니다.
[20180718, 제주]  52건의 결과가 검색되었습니다.
[20181031, 청주]   4건의 결과가 검색되었습니다.
[20180609, 김해]  12건의 결과가 검색되었습니다.
[20181001, 군산] 검색된 결과가 없습니다.
[20180903, 김포]  30건의 결과가 검색되었습니다.
[20180625, 사천]   1건의 결과가 검색되었습니다.
[20181203, 김해]   4건의 결과가 검색되었습니다.
[20180901, 김해]  20건의 결과가 검색되었습니다.
[20180415, 울산]   1건의 결과가 검색되었습니다.
[20180623, 제주]  41건의 결과가 검색되었습니다.
[20180721, 제주]  64건의 결과가 검색되었습니다.
[20180416, 김해]  12건의 결과가 검색되었습니다.
[20180909, 무안] 검색된 결과가 없습니다.
[20181020, 광주]   1건의 결과가 검색되었습니다.
[20180219, 광주]   3건의 결과가 검색되었습니다.
[20181123, 양양] 검색된 결과가 없습니다.
[20180125, 김포]  32건의 결과가 검색되었습니다.
[20180528, 원주] 검색된 결과가 없습니다.
[20180311, 대구]   1건의 결과가 검색되었습니다.
[20180408, 대구]   2건의 결과가 검색되었습니다.
[20181006, 대구]  20건의 결과가 검색되었습니다.
[20180725, 김포]  19건의 결과가 검색되었습니다.
[20181214, 청주]   4건의 결과가 검색되었습니다.
[20180123, 청주]   4건의 결과가 검색되었습니다.
[20181031, 양양]   1건의 결과가 검색되었습니다.
[20180611, 원주] 검색된 결과가 없습니다.
[20180105, 울산] 검색된 결과가 없습니다.
[20181002, 광주]   1건의 결과가 검색되었습니다.
[20180108, 포항] 검색된 결과가 없습니다.
[20180420, 청주] 검색된 결과가 없습니다.
[20181108, 울산]   4건의 결과가 검색되었습니다.
[20181203, 대구]   1건의 결과가 검색되었습니다.
[20180921, 포항]   3건의 결과가 검색되었습니다.
[20180720, 군산] 검색된 결과가 없습니다.
[20180429, 여수] 검색된 결과가 없습니다.
[20180203, 사천]   1건의 결과가 검색되었습니다.
[20181230, 원주] 검색된 결과가 없습니다.
[20180822, 청주]  10건의 결과가 검색되었습니다.
[20180221, 무안] 검색된 결과가 없습니다.
[20180811, 광주]   4건의 결과가 검색되었습니다.
[20180203, 김포]  39건의 결과가 검색되었습니다.
[20181222, 군산] 검색된 결과가 없습니다.
[20180805, 포항]   1건의 결과가 검색되었습니다.
[20181018, 원주] 검색된 결과가 없습니다.
[20180314, 원주] 검색된 결과가 없습니다.
[20180830, 여수]   1건의 결과가 검색되었습니다.
[20180205, 김해]  20건의 결과가 검색되었습니다.
[20180906, 군산]   2건의 결과가 검색되었습니다.
[20181112, 원주] 검색된 결과가 없습니다.
[20180430, 울산]   2건의 결과가 검색되었습니다.
[20180708, 대구] 검색된 결과가 없습니다.
[20180608, 양양]   1건의 결과가 검색되었습니다.
[20180903, 포항]   1건의 결과가 검색되었습니다.
[20180610, 사천]   1건의 결과가 검색되었습니다.
