[20151129, 청주]   4건의 결과가 검색되었습니다.
[20150630, 청주] 검색된 결과가 없습니다.
[20150111, 사천] 검색된 결과가 없습니다.
[20150120, 군산] 검색된 결과가 없습니다.
[20150110, 청주]   1건의 결과가 검색되었습니다.
[20150125, 무안]   1건의 결과가 검색되었습니다.
[20151211, 제주]  36건의 결과가 검색되었습니다.
[20150101, 광주]  13건의 결과가 검색되었습니다.
[20150423, 사천] 검색된 결과가 없습니다.
[20151222, 포항] 검색된 결과가 없습니다.
[20151018, 무안]   1건의 결과가 검색되었습니다.
[20150420, 포항] 검색된 결과가 없습니다.
[20150410, 대구]   2건의 결과가 검색되었습니다.
[20151128, 포항] 검색된 결과가 없습니다.
[20151224, 대구]   2건의 결과가 검색되었습니다.
[20150906, 김해]   3건의 결과가 검색되었습니다.
[20150806, 군산] 검색된 결과가 없습니다.
[20150817, 무안]   1건의 결과가 검색되었습니다.
[20150731, 울산] 검색된 결과가 없습니다.
[20151028, 여수] 검색된 결과가 없습니다.
[20151004, 청주]   1건의 결과가 검색되었습니다.
[20150725, 원주] 검색된 결과가 없습니다.
[20150101, 대구]   6건의 결과가 검색되었습니다.
[20150625, 울산] 검색된 결과가 없습니다.
[20150923, 무안] 검색된 결과가 없습니다.
[20150127, 무안] 검색된 결과가 없습니다.
[20150531, 군산] 검색된 결과가 없습니다.
[20150504, 김포]  17건의 결과가 검색되었습니다.
[20151206, 포항] 검색된 결과가 없습니다.
[20150413, 대구]   2건의 결과가 검색되었습니다.
[20151019, 무안]   2건의 결과가 검색되었습니다.
[20150309, 양양] 검색된 결과가 없습니다.
[20150626, 김포]   2건의 결과가 검색되었습니다.
[20150617, 군산] 검색된 결과가 없습니다.
[20151205, 사천] 검색된 결과가 없습니다.
[20150928, 여수] 검색된 결과가 없습니다.
[20150218, 원주]   1건의 결과가 검색되었습니다.
[20150302, 군산] 검색된 결과가 없습니다.
[20150829, 대구] 검색된 결과가 없습니다.
[20150308, 양양] 검색된 결과가 없습니다.
[20150830, 원주] 검색된 결과가 없습니다.
[20151005, 대구]   4건의 결과가 검색되었습니다.
[20150425, 청주]   2건의 결과가 검색되었습니다.
[20150724, 광주]   2건의 결과가 검색되었습니다.
[20151221, 김포]  23건의 결과가 검색되었습니다.
[20150414, 울산] 검색된 결과가 없습니다.
[20150905, 김포]  32건의 결과가 검색되었습니다.
[20150616, 무안] 검색된 결과가 없습니다.
[20150928, 울산] 검색된 결과가 없습니다.
[20151030, 김포]  27건의 결과가 검색되었습니다.
[20150302, 여수] 검색된 결과가 없습니다.
[20151215, 김해]   6건의 결과가 검색되었습니다.
[20150617, 무안] 검색된 결과가 없습니다.
[20151204, 김포]  28건의 결과가 검색되었습니다.
[20151218, 청주]   1건의 결과가 검색되었습니다.
[20151030, 포항] 검색된 결과가 없습니다.
[20150923, 청주]   2건의 결과가 검색되었습니다.
[20151017, 원주] 검색된 결과가 없습니다.
[20150927, 광주]   3건의 결과가 검색되었습니다.
[20150130, 대구] 검색된 결과가 없습니다.
[20150704, 원주] 검색된 결과가 없습니다.
[20151013, 청주]   5건의 결과가 검색되었습니다.
[20150319, 청주] 검색된 결과가 없습니다.
[20150915, 대구]   2건의 결과가 검색되었습니다.
[20150903, 포항] 검색된 결과가 없습니다.
[20150308, 광주]   1건의 결과가 검색되었습니다.
[20150426, 여수] 검색된 결과가 없습니다.
[20150107, 김포]   4건의 결과가 검색되었습니다.
[20150124, 김해]   2건의 결과가 검색되었습니다.
[20151218, 사천]   1건의 결과가 검색되었습니다.
[20150512, 울산]   3건의 결과가 검색되었습니다.
[20150126, 군산]   1건의 결과가 검색되었습니다.
[20150807, 여수] 검색된 결과가 없습니다.
[20150408, 광주]   4건의 결과가 검색되었습니다.
[20150621, 군산] 검색된 결과가 없습니다.
[20151009, 무안] 검색된 결과가 없습니다.
[20151205, 원주] 검색된 결과가 없습니다.
[20151231, 울산]   1건의 결과가 검색되었습니다.
[20150726, 양양] 검색된 결과가 없습니다.
[20150515, 김포]  29건의 결과가 검색되었습니다.
[20150629, 여수] 검색된 결과가 없습니다.
[20150620, 원주] 검색된 결과가 없습니다.
[20150820, 제주]  40건의 결과가 검색되었습니다.
[20150911, 군산] 검색된 결과가 없습니다.
[20150914, 군산] 검색된 결과가 없습니다.
[20150110, 양양] 검색된 결과가 없습니다.
[20150224, 광주] 검색된 결과가 없습니다.
[20150831, 군산] 검색된 결과가 없습니다.
[20150704, 군산] 검색된 결과가 없습니다.
[20151223, 김해]  15건의 결과가 검색되었습니다.
[20150301, 광주] 검색된 결과가 없습니다.
[20150409, 광주]   5건의 결과가 검색되었습니다.
[20150116, 무안] 검색된 결과가 없습니다.
[20150926, 제주]  46건의 결과가 검색되었습니다.
[20150115, 사천] 검색된 결과가 없습니다.
[20150205, 사천] 검색된 결과가 없습니다.
[20151111, 포항] 검색된 결과가 없습니다.
[20151118, 김해]  16건의 결과가 검색되었습니다.
[20150930, 군산] 검색된 결과가 없습니다.
[20150129, 청주]   1건의 결과가 검색되었습니다.
[20150113, 무안]   1건의 결과가 검색되었습니다.
[20151225, 대구]   1건의 결과가 검색되었습니다.
[20150702, 청주] 검색된 결과가 없습니다.
[20150921, 군산] 검색된 결과가 없습니다.
[20151213, 광주] 검색된 결과가 없습니다.
[20150727, 청주] 검색된 결과가 없습니다.
[20150817, 광주]   1건의 결과가 검색되었습니다.
[20151108, 김해]   6건의 결과가 검색되었습니다.
[20150824, 김해]   7건의 결과가 검색되었습니다.
[20151216, 김해]   5건의 결과가 검색되었습니다.
[20150819, 사천] 검색된 결과가 없습니다.
[20150414, 청주]   3건의 결과가 검색되었습니다.
[20151030, 원주] 검색된 결과가 없습니다.
[20150617, 제주]   9건의 결과가 검색되었습니다.
[20150211, 광주]   2건의 결과가 검색되었습니다.
[20150503, 광주]   6건의 결과가 검색되었습니다.
[20151128, 김해]   6건의 결과가 검색되었습니다.
[20150618, 대구]   1건의 결과가 검색되었습니다.
[20150303, 김포]   9건의 결과가 검색되었습니다.
[20150806, 포항] 검색된 결과가 없습니다.
[20150616, 제주]   6건의 결과가 검색되었습니다.
[20150811, 대구] 검색된 결과가 없습니다.
[20151103, 제주]  38건의 결과가 검색되었습니다.
[20150111, 대구] 검색된 결과가 없습니다.
[20150102, 군산]   1건의 결과가 검색되었습니다.
[20150508, 무안] 검색된 결과가 없습니다.
[20150304, 청주]   4건의 결과가 검색되었습니다.
[20150906, 군산] 검색된 결과가 없습니다.
[20150708, 군산] 검색된 결과가 없습니다.
[20150427, 원주] 검색된 결과가 없습니다.
[20150518, 광주]   8건의 결과가 검색되었습니다.
[20151217, 김포]  29건의 결과가 검색되었습니다.
[20150207, 광주] 검색된 결과가 없습니다.
[20151118, 대구] 검색된 결과가 없습니다.
[20151025, 울산] 검색된 결과가 없습니다.
[20151107, 제주]  88건의 결과가 검색되었습니다.
[20150925, 김포]  38건의 결과가 검색되었습니다.
[20150428, 청주]   1건의 결과가 검색되었습니다.
[20150514, 군산] 검색된 결과가 없습니다.
[20150202, 김포]  10건의 결과가 검색되었습니다.
[20150606, 청주] 검색된 결과가 없습니다.
[20150514, 광주]   8건의 결과가 검색되었습니다.
[20151122, 원주] 검색된 결과가 없습니다.
[20151225, 원주] 검색된 결과가 없습니다.
[20150512, 양양] 검색된 결과가 없습니다.
[20151226, 무안]   1건의 결과가 검색되었습니다.
[20150402, 제주] 134건의 결과가 검색되었습니다.
[20150301, 원주] 검색된 결과가 없습니다.
[20150803, 양양] 검색된 결과가 없습니다.
