[20170802, 제주]  64건의 결과가 검색되었습니다.
[20170107, 제주]  30건의 결과가 검색되었습니다.
[20170922, 울산] 검색된 결과가 없습니다.
[20170604, 청주]   2건의 결과가 검색되었습니다.
[20170417, 여수] 검색된 결과가 없습니다.
[20170505, 김포]  31건의 결과가 검색되었습니다.
[20171017, 제주]  54건의 결과가 검색되었습니다.
[20171019, 울산] 검색된 결과가 없습니다.
[20170927, 사천] 검색된 결과가 없습니다.
[20171212, 울산] 검색된 결과가 없습니다.
[20170306, 청주] 검색된 결과가 없습니다.
[20171227, 김해]   9건의 결과가 검색되었습니다.
[20170522, 여수] 검색된 결과가 없습니다.
[20170614, 원주] 검색된 결과가 없습니다.
[20170802, 여수]   1건의 결과가 검색되었습니다.
[20170307, 김해]   3건의 결과가 검색되었습니다.
[20170921, 광주]   7건의 결과가 검색되었습니다.
[20170922, 광주]   3건의 결과가 검색되었습니다.
[20170910, 대구]   1건의 결과가 검색되었습니다.
[20170122, 광주]   5건의 결과가 검색되었습니다.
[20170603, 광주] 검색된 결과가 없습니다.
[20171204, 광주]   2건의 결과가 검색되었습니다.
[20170111, 사천] 검색된 결과가 없습니다.
[20170324, 무안] 검색된 결과가 없습니다.
[20170601, 무안] 검색된 결과가 없습니다.
[20170527, 울산] 검색된 결과가 없습니다.
[20170306, 원주] 검색된 결과가 없습니다.
[20170805, 김포]  21건의 결과가 검색되었습니다.
[20171201, 광주]   5건의 결과가 검색되었습니다.
[20170627, 여수] 검색된 결과가 없습니다.
[20171012, 군산] 검색된 결과가 없습니다.
[20170324, 김포]  12건의 결과가 검색되었습니다.
[20171119, 광주]   5건의 결과가 검색되었습니다.
[20170409, 대구]   2건의 결과가 검색되었습니다.
[20171105, 김해]  10건의 결과가 검색되었습니다.
[20171003, 군산] 검색된 결과가 없습니다.
[20171104, 원주] 검색된 결과가 없습니다.
[20170108, 제주]  34건의 결과가 검색되었습니다.
[20171226, 김해]   7건의 결과가 검색되었습니다.
[20170210, 울산]   1건의 결과가 검색되었습니다.
[20170731, 군산]   1건의 결과가 검색되었습니다.
[20170616, 포항] 검색된 결과가 없습니다.
[20170823, 양양] 검색된 결과가 없습니다.
[20171005, 군산] 검색된 결과가 없습니다.
[20171228, 울산] 검색된 결과가 없습니다.
[20170422, 원주] 검색된 결과가 없습니다.
[20170523, 원주] 검색된 결과가 없습니다.
[20170206, 원주] 검색된 결과가 없습니다.
[20170322, 대구] 검색된 결과가 없습니다.
[20170421, 포항] 검색된 결과가 없습니다.
[20170321, 여수] 검색된 결과가 없습니다.
[20171206, 김포]  39건의 결과가 검색되었습니다.
[20170327, 광주]   4건의 결과가 검색되었습니다.
[20170324, 제주]  46건의 결과가 검색되었습니다.
[20170926, 원주] 검색된 결과가 없습니다.
[20170930, 청주] 검색된 결과가 없습니다.
[20171124, 울산] 검색된 결과가 없습니다.
[20170820, 양양] 검색된 결과가 없습니다.
[20171101, 광주]   1건의 결과가 검색되었습니다.
[20170506, 제주]  26건의 결과가 검색되었습니다.
[20170122, 김포]  65건의 결과가 검색되었습니다.
[20171216, 포항] 검색된 결과가 없습니다.
[20170328, 김해]  15건의 결과가 검색되었습니다.
[20170518, 포항] 검색된 결과가 없습니다.
[20170919, 김해]   5건의 결과가 검색되었습니다.
[20170623, 울산]   3건의 결과가 검색되었습니다.
[20170221, 양양] 검색된 결과가 없습니다.
[20170110, 양양] 검색된 결과가 없습니다.
[20170205, 양양] 검색된 결과가 없습니다.
[20170818, 김해]  15건의 결과가 검색되었습니다.
[20170411, 대구] 검색된 결과가 없습니다.
[20170327, 양양] 검색된 결과가 없습니다.
[20170501, 김포]  64건의 결과가 검색되었습니다.
[20170714, 무안]   1건의 결과가 검색되었습니다.
[20170704, 무안]   1건의 결과가 검색되었습니다.
[20170103, 울산] 검색된 결과가 없습니다.
[20170721, 군산] 검색된 결과가 없습니다.
[20171219, 양양] 검색된 결과가 없습니다.
[20170328, 포항] 검색된 결과가 없습니다.
[20170408, 김포]  26건의 결과가 검색되었습니다.
[20170414, 광주]  10건의 결과가 검색되었습니다.
[20171224, 군산] 검색된 결과가 없습니다.
[20170302, 무안] 검색된 결과가 없습니다.
[20170727, 무안] 검색된 결과가 없습니다.
[20170729, 김해]  14건의 결과가 검색되었습니다.
[20170407, 군산]   1건의 결과가 검색되었습니다.
[20171024, 양양] 검색된 결과가 없습니다.
[20170921, 김해]   5건의 결과가 검색되었습니다.
[20171105, 원주] 검색된 결과가 없습니다.
[20170114, 원주] 검색된 결과가 없습니다.
[20170413, 청주]   2건의 결과가 검색되었습니다.
[20170506, 사천] 검색된 결과가 없습니다.
[20171026, 김포]  23건의 결과가 검색되었습니다.
[20171115, 양양] 검색된 결과가 없습니다.
[20170603, 여수]   1건의 결과가 검색되었습니다.
[20170709, 광주]   1건의 결과가 검색되었습니다.
[20170215, 제주]  33건의 결과가 검색되었습니다.
[20170522, 청주]   2건의 결과가 검색되었습니다.
[20171022, 김포]  29건의 결과가 검색되었습니다.
[20170912, 제주]  20건의 결과가 검색되었습니다.
[20170106, 대구]   7건의 결과가 검색되었습니다.
[20170511, 김포]  20건의 결과가 검색되었습니다.
[20170530, 사천] 검색된 결과가 없습니다.
[20171206, 포항] 검색된 결과가 없습니다.
[20170626, 김포]  46건의 결과가 검색되었습니다.
[20170918, 제주]  13건의 결과가 검색되었습니다.
[20170927, 청주]   1건의 결과가 검색되었습니다.
[20170507, 무안] 검색된 결과가 없습니다.
[20170213, 원주] 검색된 결과가 없습니다.
[20171024, 대구]  10건의 결과가 검색되었습니다.
[20170313, 무안] 검색된 결과가 없습니다.
[20170310, 무안] 검색된 결과가 없습니다.
[20170412, 사천] 검색된 결과가 없습니다.
[20170711, 사천] 검색된 결과가 없습니다.
[20171210, 울산] 검색된 결과가 없습니다.
[20170522, 포항]   1건의 결과가 검색되었습니다.
[20170207, 김해]   3건의 결과가 검색되었습니다.
[20171107, 군산] 검색된 결과가 없습니다.
[20171214, 광주] 검색된 결과가 없습니다.
[20170905, 대구]   2건의 결과가 검색되었습니다.
[20170808, 제주]  32건의 결과가 검색되었습니다.
[20170801, 제주]  41건의 결과가 검색되었습니다.
[20171230, 사천] 검색된 결과가 없습니다.
[20170718, 광주] 검색된 결과가 없습니다.
[20170809, 김해]  11건의 결과가 검색되었습니다.
[20170727, 원주] 검색된 결과가 없습니다.
[20170406, 청주]   9건의 결과가 검색되었습니다.
[20170911, 사천]   1건의 결과가 검색되었습니다.
[20171121, 김포] 104건의 결과가 검색되었습니다.
[20170720, 원주] 검색된 결과가 없습니다.
[20170517, 여수] 검색된 결과가 없습니다.
[20170418, 군산] 검색된 결과가 없습니다.
[20170821, 여수]   3건의 결과가 검색되었습니다.
[20171026, 광주]   8건의 결과가 검색되었습니다.
[20170208, 대구] 검색된 결과가 없습니다.
[20170111, 김포]  33건의 결과가 검색되었습니다.
[20171021, 김해]   7건의 결과가 검색되었습니다.
[20170214, 군산]   1건의 결과가 검색되었습니다.
[20170913, 울산]   1건의 결과가 검색되었습니다.
[20170531, 광주] 검색된 결과가 없습니다.
[20171216, 무안] 검색된 결과가 없습니다.
[20170911, 김해]  42건의 결과가 검색되었습니다.
[20170809, 사천] 검색된 결과가 없습니다.
[20170705, 대구]   1건의 결과가 검색되었습니다.
[20170414, 원주] 검색된 결과가 없습니다.
[20170202, 군산] 검색된 결과가 없습니다.
[20170911, 포항]   2건의 결과가 검색되었습니다.
[20170111, 제주]  52건의 결과가 검색되었습니다.
[20170210, 무안]   1건의 결과가 검색되었습니다.
[20171004, 군산] 검색된 결과가 없습니다.
[20170510, 제주]  18건의 결과가 검색되었습니다.
[20171117, 여수] 검색된 결과가 없습니다.
[20171004, 원주] 검색된 결과가 없습니다.
[20170624, 김포]  18건의 결과가 검색되었습니다.
[20171112, 청주] 검색된 결과가 없습니다.
[20170529, 울산] 검색된 결과가 없습니다.
[20171122, 양양] 검색된 결과가 없습니다.
[20171013, 사천]   1건의 결과가 검색되었습니다.
[20170826, 원주] 검색된 결과가 없습니다.
[20170201, 군산]   1건의 결과가 검색되었습니다.
[20170215, 원주] 검색된 결과가 없습니다.
[20170919, 김포]  18건의 결과가 검색되었습니다.
[20170104, 여수]   1건의 결과가 검색되었습니다.
[20171122, 원주] 검색된 결과가 없습니다.
[20170715, 광주]   9건의 결과가 검색되었습니다.
[20170401, 군산] 검색된 결과가 없습니다.
[20170702, 사천] 검색된 결과가 없습니다.
[20170129, 제주] 110건의 결과가 검색되었습니다.
[20171212, 포항] 검색된 결과가 없습니다.
[20170823, 포항] 검색된 결과가 없습니다.
[20170128, 원주] 검색된 결과가 없습니다.
[20170430, 양양] 검색된 결과가 없습니다.
[20170511, 양양] 검색된 결과가 없습니다.
[20170428, 여수] 검색된 결과가 없습니다.
[20171014, 청주] 검색된 결과가 없습니다.
[20171208, 광주]   5건의 결과가 검색되었습니다.
[20170409, 포항] 검색된 결과가 없습니다.
[20170129, 여수]   1건의 결과가 검색되었습니다.
[20171212, 무안] 검색된 결과가 없습니다.
[20170325, 제주]  51건의 결과가 검색되었습니다.
[20170716, 청주]   9건의 결과가 검색되었습니다.
[20170501, 울산] 검색된 결과가 없습니다.
[20170808, 원주] 검색된 결과가 없습니다.
[20170328, 군산]   1건의 결과가 검색되었습니다.
[20170516, 김포]  12건의 결과가 검색되었습니다.
[20170120, 군산]   2건의 결과가 검색되었습니다.
[20171203, 포항] 검색된 결과가 없습니다.
[20170911, 여수] 검색된 결과가 없습니다.
[20170216, 군산]   2건의 결과가 검색되었습니다.
[20171209, 김포]  16건의 결과가 검색되었습니다.
[20170114, 양양] 검색된 결과가 없습니다.
[20170804, 원주] 검색된 결과가 없습니다.
[20171221, 청주]  10건의 결과가 검색되었습니다.
[20171104, 광주]   5건의 결과가 검색되었습니다.
[20170410, 무안] 검색된 결과가 없습니다.
[20170715, 포항] 검색된 결과가 없습니다.
[20170915, 울산]   1건의 결과가 검색되었습니다.
[20171008, 포항] 검색된 결과가 없습니다.
[20170504, 포항] 검색된 결과가 없습니다.
[20170605, 원주] 검색된 결과가 없습니다.
[20171112, 김해]   4건의 결과가 검색되었습니다.
[20170914, 양양] 검색된 결과가 없습니다.
[20170830, 사천] 검색된 결과가 없습니다.
[20170119, 원주] 검색된 결과가 없습니다.
[20170702, 울산]   2건의 결과가 검색되었습니다.
[20171226, 군산]   1건의 결과가 검색되었습니다.
[20170821, 김해]  40건의 결과가 검색되었습니다.
[20170807, 군산] 검색된 결과가 없습니다.
[20170221, 김포]  33건의 결과가 검색되었습니다.
[20170820, 제주]  95건의 결과가 검색되었습니다.
[20171209, 제주]  19건의 결과가 검색되었습니다.
[20170922, 군산] 검색된 결과가 없습니다.
[20170125, 대구]   5건의 결과가 검색되었습니다.
[20171027, 포항] 검색된 결과가 없습니다.
[20170119, 청주]  12건의 결과가 검색되었습니다.
[20170521, 울산] 검색된 결과가 없습니다.
[20170204, 양양] 검색된 결과가 없습니다.
[20170809, 여수] 검색된 결과가 없습니다.
[20170402, 포항] 검색된 결과가 없습니다.
[20170915, 김해]  22건의 결과가 검색되었습니다.
[20171127, 대구]   3건의 결과가 검색되었습니다.
[20170424, 여수] 검색된 결과가 없습니다.
[20170508, 제주]  25건의 결과가 검색되었습니다.
[20170126, 광주]   1건의 결과가 검색되었습니다.
[20170701, 김포]  26건의 결과가 검색되었습니다.
[20170109, 무안] 검색된 결과가 없습니다.
[20170208, 김해]  12건의 결과가 검색되었습니다.
[20170302, 김포]  12건의 결과가 검색되었습니다.
[20170723, 사천]   1건의 결과가 검색되었습니다.
[20170128, 김포]  10건의 결과가 검색되었습니다.
[20170314, 광주]   1건의 결과가 검색되었습니다.
[20170514, 무안] 검색된 결과가 없습니다.
[20170402, 군산] 검색된 결과가 없습니다.
[20170817, 광주] 검색된 결과가 없습니다.
[20170221, 제주]  88건의 결과가 검색되었습니다.
[20170820, 김포]  59건의 결과가 검색되었습니다.
[20170726, 대구]   3건의 결과가 검색되었습니다.
[20170629, 사천] 검색된 결과가 없습니다.
[20171218, 원주]   1건의 결과가 검색되었습니다.
[20170504, 원주] 검색된 결과가 없습니다.
[20171230, 김포]  19건의 결과가 검색되었습니다.
[20170805, 대구]   2건의 결과가 검색되었습니다.
[20171007, 울산] 검색된 결과가 없습니다.
[20170722, 울산] 검색된 결과가 없습니다.
[20170128, 제주]  22건의 결과가 검색되었습니다.
[20170612, 무안] 검색된 결과가 없습니다.
[20171103, 포항] 검색된 결과가 없습니다.
[20170204, 군산] 검색된 결과가 없습니다.
[20170928, 울산] 검색된 결과가 없습니다.
[20170715, 여수]   4건의 결과가 검색되었습니다.
[20170922, 제주]  75건의 결과가 검색되었습니다.
[20170412, 무안] 검색된 결과가 없습니다.
[20171022, 원주] 검색된 결과가 없습니다.
[20170130, 원주] 검색된 결과가 없습니다.
[20170518, 제주]  23건의 결과가 검색되었습니다.
[20170803, 여수]   1건의 결과가 검색되었습니다.
[20171116, 청주]   1건의 결과가 검색되었습니다.
[20170719, 양양] 검색된 결과가 없습니다.
[20171126, 제주] 168건의 결과가 검색되었습니다.
[20170301, 제주]  83건의 결과가 검색되었습니다.
[20170104, 김해]  22건의 결과가 검색되었습니다.
[20171010, 제주]  33건의 결과가 검색되었습니다.
[20170124, 사천] 검색된 결과가 없습니다.
[20170707, 김포]  48건의 결과가 검색되었습니다.
[20171228, 김해]   9건의 결과가 검색되었습니다.
[20171001, 제주] 123건의 결과가 검색되었습니다.
[20170318, 군산]   1건의 결과가 검색되었습니다.
[20170227, 김포]   9건의 결과가 검색되었습니다.
[20170421, 양양] 검색된 결과가 없습니다.
[20170827, 제주]  62건의 결과가 검색되었습니다.
[20170828, 양양] 검색된 결과가 없습니다.
[20170707, 광주]   5건의 결과가 검색되었습니다.
[20170225, 광주]   1건의 결과가 검색되었습니다.
[20171209, 여수] 검색된 결과가 없습니다.
[20170608, 대구]   1건의 결과가 검색되었습니다.
[20170605, 김해]   3건의 결과가 검색되었습니다.
