[20160303, 양양] 검색된 결과가 없습니다.
[20160410, 포항] 검색된 결과가 없습니다.
[20160108, 광주]   1건의 결과가 검색되었습니다.
[20160924, 무안] 검색된 결과가 없습니다.
[20160123, 포항] 검색된 결과가 없습니다.
[20160425, 포항] 검색된 결과가 없습니다.
[20160812, 양양] 검색된 결과가 없습니다.
[20160525, 울산] 검색된 결과가 없습니다.
[20160119, 군산]   2건의 결과가 검색되었습니다.
[20160617, 청주] 검색된 결과가 없습니다.
[20160322, 군산] 검색된 결과가 없습니다.
[20161227, 무안] 검색된 결과가 없습니다.
[20160801, 포항]   1건의 결과가 검색되었습니다.
[20160519, 대구]   5건의 결과가 검색되었습니다.
[20160130, 원주] 검색된 결과가 없습니다.
[20160701, 김해]  60건의 결과가 검색되었습니다.
[20160210, 김포]  34건의 결과가 검색되었습니다.
[20161209, 대구]   2건의 결과가 검색되었습니다.
[20160811, 무안] 검색된 결과가 없습니다.
[20160719, 군산]   1건의 결과가 검색되었습니다.
[20160503, 사천]   1건의 결과가 검색되었습니다.
[20161014, 무안] 검색된 결과가 없습니다.
[20160717, 포항] 검색된 결과가 없습니다.
[20160215, 김해]  26건의 결과가 검색되었습니다.
[20160314, 포항] 검색된 결과가 없습니다.
[20161028, 무안] 검색된 결과가 없습니다.
[20160504, 제주] 242건의 결과가 검색되었습니다.
[20161121, 사천]   1건의 결과가 검색되었습니다.
[20160926, 광주]   3건의 결과가 검색되었습니다.
[20160110, 대구] 검색된 결과가 없습니다.
[20161012, 군산] 검색된 결과가 없습니다.
[20161212, 대구]   1건의 결과가 검색되었습니다.
[20160606, 여수]   2건의 결과가 검색되었습니다.
[20160521, 양양] 검색된 결과가 없습니다.
[20160705, 광주]   4건의 결과가 검색되었습니다.
[20160330, 김포]  19건의 결과가 검색되었습니다.
[20160314, 대구]   1건의 결과가 검색되었습니다.
[20160905, 양양] 검색된 결과가 없습니다.
[20160513, 원주] 검색된 결과가 없습니다.
[20161221, 울산]   2건의 결과가 검색되었습니다.
[20160905, 사천] 검색된 결과가 없습니다.
[20160305, 울산]   3건의 결과가 검색되었습니다.
[20160307, 포항] 검색된 결과가 없습니다.
[20160109, 군산] 검색된 결과가 없습니다.
[20161231, 원주] 검색된 결과가 없습니다.
[20160415, 원주] 검색된 결과가 없습니다.
[20160923, 원주] 검색된 결과가 없습니다.
