[20180521, 원주] 검색된 결과가 없습니다.
[20180821, 김해]   7건의 결과가 검색되었습니다.
[20180116, 김해]  10건의 결과가 검색되었습니다.
[20180312, 양양]   1건의 결과가 검색되었습니다.
[20180420, 김포]  21건의 결과가 검색되었습니다.
[20180312, 포항] 검색된 결과가 없습니다.
[20180524, 원주] 검색된 결과가 없습니다.
[20181213, 광주]   2건의 결과가 검색되었습니다.
[20180310, 청주]   3건의 결과가 검색되었습니다.
[20180329, 대구]   4건의 결과가 검색되었습니다.
[20181019, 김포]  43건의 결과가 검색되었습니다.
[20180304, 무안] 검색된 결과가 없습니다.
[20180409, 대구]   7건의 결과가 검색되었습니다.
[20181125, 원주] 검색된 결과가 없습니다.
[20181210, 무안] 검색된 결과가 없습니다.
[20180515, 양양] 검색된 결과가 없습니다.
[20180402, 광주]   5건의 결과가 검색되었습니다.
[20180519, 제주] 111건의 결과가 검색되었습니다.
[20181111, 원주] 검색된 결과가 없습니다.
[20180706, 김해]  13건의 결과가 검색되었습니다.
[20181228, 김해]  12건의 결과가 검색되었습니다.
[20180802, 대구]   5건의 결과가 검색되었습니다.
[20181109, 제주]  60건의 결과가 검색되었습니다.
[20180113, 광주]   4건의 결과가 검색되었습니다.
[20180109, 울산] 검색된 결과가 없습니다.
[20180527, 원주] 검색된 결과가 없습니다.
[20181024, 양양] 검색된 결과가 없습니다.
[20180204, 양양] 검색된 결과가 없습니다.
[20180713, 양양]   1건의 결과가 검색되었습니다.
[20180415, 군산] 검색된 결과가 없습니다.
[20181121, 원주] 검색된 결과가 없습니다.
[20181029, 제주]  23건의 결과가 검색되었습니다.
[20181025, 양양] 검색된 결과가 없습니다.
[20180902, 여수] 검색된 결과가 없습니다.
[20180110, 포항]   1건의 결과가 검색되었습니다.
[20181105, 사천] 검색된 결과가 없습니다.
[20181102, 김포]  19건의 결과가 검색되었습니다.
[20181031, 원주] 검색된 결과가 없습니다.
[20180924, 군산] 검색된 결과가 없습니다.
[20180528, 청주]   5건의 결과가 검색되었습니다.
[20180330, 청주]   3건의 결과가 검색되었습니다.
[20181217, 양양]   1건의 결과가 검색되었습니다.
[20180816, 김포]  32건의 결과가 검색되었습니다.
[20180221, 김포]  35건의 결과가 검색되었습니다.
[20181201, 김포]   9건의 결과가 검색되었습니다.
[20181222, 대구] 검색된 결과가 없습니다.
[20180828, 김포]  73건의 결과가 검색되었습니다.
[20180901, 원주] 검색된 결과가 없습니다.
[20180309, 여수] 검색된 결과가 없습니다.
[20180817, 대구]   2건의 결과가 검색되었습니다.
[20180630, 사천] 검색된 결과가 없습니다.
[20180901, 광주]   4건의 결과가 검색되었습니다.
[20180824, 김포] 113건의 결과가 검색되었습니다.
[20180626, 대구]   8건의 결과가 검색되었습니다.
[20180614, 포항] 검색된 결과가 없습니다.
[20181106, 무안]   1건의 결과가 검색되었습니다.
[20180127, 포항] 검색된 결과가 없습니다.
[20181018, 울산] 검색된 결과가 없습니다.
[20180316, 광주]   3건의 결과가 검색되었습니다.
[20180521, 양양] 검색된 결과가 없습니다.
[20180820, 군산]   1건의 결과가 검색되었습니다.
[20181031, 제주]  29건의 결과가 검색되었습니다.
[20180905, 김해]  26건의 결과가 검색되었습니다.
[20180213, 대구]   7건의 결과가 검색되었습니다.
[20181019, 여수] 검색된 결과가 없습니다.
[20180515, 군산] 검색된 결과가 없습니다.
[20180222, 여수] 검색된 결과가 없습니다.
