[20161012, 김해]  12건의 결과가 검색되었습니다.
[20160120, 포항] 검색된 결과가 없습니다.
[20161229, 군산]   2건의 결과가 검색되었습니다.
[20160706, 원주] 검색된 결과가 없습니다.
[20160126, 김포] 152건의 결과가 검색되었습니다.
[20161115, 원주] 검색된 결과가 없습니다.
[20160605, 사천]   1건의 결과가 검색되었습니다.
[20161219, 울산]   2건의 결과가 검색되었습니다.
[20161127, 양양]   1건의 결과가 검색되었습니다.
[20160520, 무안] 검색된 결과가 없습니다.
[20160531, 울산] 검색된 결과가 없습니다.
[20160317, 김해]   4건의 결과가 검색되었습니다.
[20161206, 제주]  49건의 결과가 검색되었습니다.
[20160719, 원주] 검색된 결과가 없습니다.
[20160804, 김포]  53건의 결과가 검색되었습니다.
[20160210, 양양] 검색된 결과가 없습니다.
[20160314, 김해]   8건의 결과가 검색되었습니다.
[20161122, 울산]   1건의 결과가 검색되었습니다.
[20161124, 원주] 검색된 결과가 없습니다.
[20161009, 군산] 검색된 결과가 없습니다.
[20161102, 무안] 검색된 결과가 없습니다.
[20160803, 광주]   3건의 결과가 검색되었습니다.
[20160504, 청주]  14건의 결과가 검색되었습니다.
[20160222, 여수] 검색된 결과가 없습니다.
[20160817, 포항] 검색된 결과가 없습니다.
[20161113, 무안] 검색된 결과가 없습니다.
[20161028, 군산]   2건의 결과가 검색되었습니다.
[20160723, 청주]   6건의 결과가 검색되었습니다.
[20160308, 무안] 검색된 결과가 없습니다.
[20160917, 군산]   1건의 결과가 검색되었습니다.
[20160401, 울산] 검색된 결과가 없습니다.
[20160719, 포항] 검색된 결과가 없습니다.
[20160113, 여수]   3건의 결과가 검색되었습니다.
[20161001, 울산] 검색된 결과가 없습니다.
[20160506, 여수] 검색된 결과가 없습니다.
[20160416, 여수]   3건의 결과가 검색되었습니다.
[20160428, 울산] 검색된 결과가 없습니다.
[20160812, 제주]  58건의 결과가 검색되었습니다.
[20160121, 광주]   4건의 결과가 검색되었습니다.
[20161107, 울산]   1건의 결과가 검색되었습니다.
[20160910, 여수]   1건의 결과가 검색되었습니다.
[20160410, 제주]  56건의 결과가 검색되었습니다.
[20160709, 양양]   2건의 결과가 검색되었습니다.
[20161016, 양양] 검색된 결과가 없습니다.
[20160103, 무안] 검색된 결과가 없습니다.
[20161225, 광주]   1건의 결과가 검색되었습니다.
[20160503, 광주]  11건의 결과가 검색되었습니다.
[20160201, 여수] 검색된 결과가 없습니다.
[20160329, 광주]   4건의 결과가 검색되었습니다.
[20160221, 대구] 검색된 결과가 없습니다.
[20161225, 김포]  13건의 결과가 검색되었습니다.
[20161219, 여수]   3건의 결과가 검색되었습니다.
[20161202, 사천]   1건의 결과가 검색되었습니다.
[20160924, 청주]   6건의 결과가 검색되었습니다.
[20161122, 무안] 검색된 결과가 없습니다.
[20160722, 양양]   1건의 결과가 검색되었습니다.
[20160608, 여수]   1건의 결과가 검색되었습니다.
[20160124, 군산]   2건의 결과가 검색되었습니다.
[20160819, 양양] 검색된 결과가 없습니다.
