[20180421, 제주]  50건의 결과가 검색되었습니다.
[20180302, 여수]  검색된 결과가 없습니다.
[20180529, 포항]  검색된 결과가 없습니다.
[20181205, 군산]   1건의 결과가 검색되었습니다.
[20181206, 양양]  검색된 결과가 없습니다.
[20180917, 양양]  검색된 결과가 없습니다.
[20180110, 청주]  13건의 결과가 검색되었습니다.
[20180314, 여수]  검색된 결과가 없습니다.
[20180629, 양양]  검색된 결과가 없습니다.
[20180221, 광주]   3건의 결과가 검색되었습니다.
[20181214, 김해]   5건의 결과가 검색되었습니다.
[20180419, 여수]  검색된 결과가 없습니다.
[20181110, 제주]  47건의 결과가 검색되었습니다.
[20180718, 김해]   8건의 결과가 검색되었습니다.
[20181225, 여수]  검색된 결과가 없습니다.
[20180622, 청주]   3건의 결과가 검색되었습니다.
[20180811, 울산]  검색된 결과가 없습니다.
[20180101, 포항]  검색된 결과가 없습니다.
[20180406, 원주]  검색된 결과가 없습니다.
[20180701, 김포]  68건의 결과가 검색되었습니다.
[20181126, 김포]  43건의 결과가 검색되었습니다.
[20180714, 원주]  검색된 결과가 없습니다.
[20180919, 김포]  32건의 결과가 검색되었습니다.
[20180324, 군산]   1건의 결과가 검색되었습니다.
[20180328, 원주]  검색된 결과가 없습니다.
[20180819, 울산]  검색된 결과가 없습니다.
[20180314, 울산]   1건의 결과가 검색되었습니다.
[20180127, 대구]   2건의 결과가 검색되었습니다.
[20180422, 여수]  검색된 결과가 없습니다.
[20180422, 청주]   1건의 결과가 검색되었습니다.
[20180407, 울산]   1건의 결과가 검색되었습니다.
[20180909, 울산]  검색된 결과가 없습니다.
[20180319, 무안]   2건의 결과가 검색되었습니다.
[20180228, 김포]  80건의 결과가 검색되었습니다.
[20180404, 대구]   1건의 결과가 검색되었습니다.
[20180822, 사천]  검색된 결과가 없습니다.
[20180721, 대구]   4건의 결과가 검색되었습니다.
[20180710, 포항]   2건의 결과가 검색되었습니다.
[20180819, 여수]   1건의 결과가 검색되었습니다.
[20180710, 김포]  21건의 결과가 검색되었습니다.
[20180708, 청주]  검색된 결과가 없습니다.
[20180216, 포항]  검색된 결과가 없습니다.
[20181017, 원주]   1건의 결과가 검색되었습니다.
[20180222, 무안]  검색된 결과가 없습니다.
[20180823, 울산]   9건의 결과가 검색되었습니다.
[20180405, 여수]  검색된 결과가 없습니다.
[20180423, 군산]   2건의 결과가 검색되었습니다.
[20180108, 양양]  검색된 결과가 없습니다.
[20180907, 대구]   8건의 결과가 검색되었습니다.
[20180829, 양양]  검색된 결과가 없습니다.
[20180224, 여수]  검색된 결과가 없습니다.
[20180224, 대구]   3건의 결과가 검색되었습니다.
[20181230, 양양]  검색된 결과가 없습니다.
[20180719, 사천]   1건의 결과가 검색되었습니다.
[20180803, 군산]  검색된 결과가 없습니다.
[20181008, 대구]   1건의 결과가 검색되었습니다.
[20181017, 청주]  14건의 결과가 검색되었습니다.
[20181103, 제주]  37건의 결과가 검색되었습니다.
[20180911, 제주]  70건의 결과가 검색되었습니다.
[20181217, 여수]  검색된 결과가 없습니다.
[20181129, 김해]   4건의 결과가 검색되었습니다.
[20181130, 제주]  23건의 결과가 검색되었습니다.
[20180806, 원주]  검색된 결과가 없습니다.
[20181209, 원주]  검색된 결과가 없습니다.
[20181010, 양양]  검색된 결과가 없습니다.
[20180616, 제주]  79건의 결과가 검색되었습니다.
[20181001, 울산]  검색된 결과가 없습니다.
[20180813, 김포]  28건의 결과가 검색되었습니다.
[20180223, 대구]   6건의 결과가 검색되었습니다.
[20180327, 군산]  검색된 결과가 없습니다.
[20180910, 사천]  검색된 결과가 없습니다.
[20180119, 청주]   1건의 결과가 검색되었습니다.
[20180904, 김해]  22건의 결과가 검색되었습니다.
[20180329, 군산]  검색된 결과가 없습니다.
[20181205, 양양]  검색된 결과가 없습니다.
[20180922, 무안]  검색된 결과가 없습니다.
[20180204, 김해]  23건의 결과가 검색되었습니다.
[20180509, 김포]  25건의 결과가 검색되었습니다.
[20180913, 김포]  96건의 결과가 검색되었습니다.
[20180901, 울산]   1건의 결과가 검색되었습니다.
[20180415, 사천]  검색된 결과가 없습니다.
[20180826, 대구]   2건의 결과가 검색되었습니다.
[20181227, 사천]  검색된 결과가 없습니다.
[20180713, 김해]   9건의 결과가 검색되었습니다.
[20180111, 포항]  검색된 결과가 없습니다.
[20180903, 광주]   5건의 결과가 검색되었습니다.
[20181103, 포항]  검색된 결과가 없습니다.
[20180124, 제주] 135건의 결과가 검색되었습니다.
[20180428, 광주]   3건의 결과가 검색되었습니다.
[20180812, 김해]  17건의 결과가 검색되었습니다.
[20180603, 김포]   7건의 결과가 검색되었습니다.
[20180216, 여수]  검색된 결과가 없습니다.
[20181219, 여수]   1건의 결과가 검색되었습니다.
[20180306, 광주]  검색된 결과가 없습니다.
[20180722, 대구]   4건의 결과가 검색되었습니다.
[20180310, 제주]  25건의 결과가 검색되었습니다.
[20180826, 무안]  검색된 결과가 없습니다.
[20180611, 울산]   1건의 결과가 검색되었습니다.
[20180914, 대구]   5건의 결과가 검색되었습니다.
[20181113, 김포]  14건의 결과가 검색되었습니다.
[20180320, 사천]  검색된 결과가 없습니다.
[20180519, 대구]   5건의 결과가 검색되었습니다.
[20180423, 김해]  15건의 결과가 검색되었습니다.
[20180124, 김포]  65건의 결과가 검색되었습니다.
[20180305, 울산]   1건의 결과가 검색되었습니다.
[20180424, 청주]   2건의 결과가 검색되었습니다.
[20180606, 사천]   1건의 결과가 검색되었습니다.
[20180302, 무안]  검색된 결과가 없습니다.
[20180905, 제주]  34건의 결과가 검색되었습니다.
[20180410, 포항]  검색된 결과가 없습니다.
[20180630, 김해]  13건의 결과가 검색되었습니다.
[20180911, 김포]  42건의 결과가 검색되었습니다.
[20181114, 사천]  검색된 결과가 없습니다.
[20181002, 김해]   1건의 결과가 검색되었습니다.
[20181228, 광주]   5건의 결과가 검색되었습니다.
[20180724, 군산]  검색된 결과가 없습니다.
[20180419, 무안]   2건의 결과가 검색되었습니다.
[20180827, 청주]   3건의 결과가 검색되었습니다.
[20180219, 대구]   2건의 결과가 검색되었습니다.
[20181206, 무안]  검색된 결과가 없습니다.
[20180606, 여수]  검색된 결과가 없습니다.
[20180305, 대구]   5건의 결과가 검색되었습니다.
[20180101, 제주]  34건의 결과가 검색되었습니다.
[20180202, 여수]   2건의 결과가 검색되었습니다.
[20180627, 포항]   1건의 결과가 검색되었습니다.
[20180424, 울산]  검색된 결과가 없습니다.
[20181214, 양양]   1건의 결과가 검색되었습니다.
[20180813, 제주]  48건의 결과가 검색되었습니다.
[20180203, 양양]   1건의 결과가 검색되었습니다.
[20180505, 김해]  14건의 결과가 검색되었습니다.
[20180818, 광주]   2건의 결과가 검색되었습니다.
[20180526, 대구]   1건의 결과가 검색되었습니다.
[20180819, 제주]  32건의 결과가 검색되었습니다.
[20180712, 원주]  검색된 결과가 없습니다.
[20181225, 김포]  16건의 결과가 검색되었습니다.
[20180831, 제주] 112건의 결과가 검색되었습니다.
[20180411, 제주]  39건의 결과가 검색되었습니다.
[20180205, 포항]  검색된 결과가 없습니다.
[20181207, 원주]  검색된 결과가 없습니다.
[20180629, 군산]  검색된 결과가 없습니다.
[20180718, 무안]  검색된 결과가 없습니다.
[20180107, 광주]   1건의 결과가 검색되었습니다.
[20180319, 여수]   1건의 결과가 검색되었습니다.
[20180823, 양양]   2건의 결과가 검색되었습니다.
[20180215, 제주]  48건의 결과가 검색되었습니다.
[20180517, 원주]  검색된 결과가 없습니다.
[20180816, 광주]   3건의 결과가 검색되었습니다.
[20181107, 광주]   1건의 결과가 검색되었습니다.
[20180718, 광주]   3건의 결과가 검색되었습니다.
[20180107, 무안]   1건의 결과가 검색되었습니다.
[20180713, 여수]  검색된 결과가 없습니다.
[20180526, 여수]  검색된 결과가 없습니다.
[20180804, 제주]  31건의 결과가 검색되었습니다.
[20180922, 울산]  검색된 결과가 없습니다.
[20180805, 사천]  검색된 결과가 없습니다.
[20180831, 김포]  65건의 결과가 검색되었습니다.
[20180604, 청주]  검색된 결과가 없습니다.
[20181220, 김해]   5건의 결과가 검색되었습니다.
[20180916, 여수]  검색된 결과가 없습니다.
[20180228, 여수]   4건의 결과가 검색되었습니다.
[20181202, 사천]   1건의 결과가 검색되었습니다.
[20180729, 사천]   1건의 결과가 검색되었습니다.
[20180713, 무안]  검색된 결과가 없습니다.
[20180609, 포항]  검색된 결과가 없습니다.
[20180927, 울산]  검색된 결과가 없습니다.
[20180729, 제주]  29건의 결과가 검색되었습니다.
[20180425, 김해]  12건의 결과가 검색되었습니다.
[20181001, 무안]  검색된 결과가 없습니다.
[20181120, 무안]  검색된 결과가 없습니다.
[20180720, 양양]  검색된 결과가 없습니다.
[20180902, 김해]  11건의 결과가 검색되었습니다.
[20180402, 사천]  검색된 결과가 없습니다.
[20180806, 청주]   2건의 결과가 검색되었습니다.
[20180123, 원주]  검색된 결과가 없습니다.
[20180210, 여수]  검색된 결과가 없습니다.
[20180612, 포항]  검색된 결과가 없습니다.
[20181007, 제주]  36건의 결과가 검색되었습니다.
[20180105, 여수]  검색된 결과가 없습니다.
[20181018, 여수]  검색된 결과가 없습니다.
[20180406, 양양]   1건의 결과가 검색되었습니다.
[20180518, 울산]   2건의 결과가 검색되었습니다.
[20181105, 군산]  검색된 결과가 없습니다.
[20180318, 김포]  11건의 결과가 검색되었습니다.
[20180809, 무안]  검색된 결과가 없습니다.
[20181214, 제주]  32건의 결과가 검색되었습니다.
[20180711, 울산]  검색된 결과가 없습니다.
[20181209, 무안]   3건의 결과가 검색되었습니다.
[20180327, 김포]   9건의 결과가 검색되었습니다.
[20180307, 청주]  검색된 결과가 없습니다.
[20180621, 포항]  검색된 결과가 없습니다.
[20180604, 사천]  검색된 결과가 없습니다.
[20181030, 군산]   1건의 결과가 검색되었습니다.
[20180201, 사천]   1건의 결과가 검색되었습니다.
[20180125, 여수]   1건의 결과가 검색되었습니다.
[20181031, 광주]  검색된 결과가 없습니다.
[20181029, 원주]  검색된 결과가 없습니다.
[20180506, 광주]   8건의 결과가 검색되었습니다.
[20180704, 원주]  검색된 결과가 없습니다.
[20180316, 대구]   4건의 결과가 검색되었습니다.
[20180310, 여수]   1건의 결과가 검색되었습니다.
[20181011, 사천]  검색된 결과가 없습니다.
[20181130, 사천]  검색된 결과가 없습니다.
[20181106, 울산]  검색된 결과가 없습니다.
[20180214, 포항]   1건의 결과가 검색되었습니다.
[20180331, 사천]   1건의 결과가 검색되었습니다.
[20180319, 울산]   4건의 결과가 검색되었습니다.
[20180328, 광주]   1건의 결과가 검색되었습니다.
[20180918, 대구]   5건의 결과가 검색되었습니다.
[20180831, 대구]  10건의 결과가 검색되었습니다.
[20180503, 양양]  검색된 결과가 없습니다.
[20180221, 여수]  검색된 결과가 없습니다.
[20180416, 청주]   4건의 결과가 검색되었습니다.
[20181015, 청주]   1건의 결과가 검색되었습니다.
[20180328, 포항]  검색된 결과가 없습니다.
[20181224, 군산]  검색된 결과가 없습니다.
[20180113, 사천]   2건의 결과가 검색되었습니다.
[20180129, 울산]  검색된 결과가 없습니다.
[20180817, 제주]  90건의 결과가 검색되었습니다.
[20181214, 대구]   3건의 결과가 검색되었습니다.
[20181012, 원주]  검색된 결과가 없습니다.
[20181104, 김포] 101건의 결과가 검색되었습니다.
[20181028, 제주]  66건의 결과가 검색되었습니다.
[20180705, 대구]  검색된 결과가 없습니다.
[20181130, 여수]  검색된 결과가 없습니다.
[20180211, 광주]   6건의 결과가 검색되었습니다.
[20180603, 무안]  검색된 결과가 없습니다.
[20180119, 포항]  검색된 결과가 없습니다.
[20180925, 광주]  검색된 결과가 없습니다.
[20181014, 포항]  검색된 결과가 없습니다.
[20181210, 제주]  20건의 결과가 검색되었습니다.
[20180518, 원주]  검색된 결과가 없습니다.
[20180926, 대구]   6건의 결과가 검색되었습니다.
[20180309, 사천]  검색된 결과가 없습니다.
[20180112, 울산]   5건의 결과가 검색되었습니다.
[20180603, 포항]  검색된 결과가 없습니다.
[20180818, 포항]  검색된 결과가 없습니다.
[20180215, 사천]  검색된 결과가 없습니다.
[20180527, 사천]   1건의 결과가 검색되었습니다.
[20181023, 울산]   2건의 결과가 검색되었습니다.
[20180525, 군산]  검색된 결과가 없습니다.
[20180426, 포항]  검색된 결과가 없습니다.
[20181221, 김포]  26건의 결과가 검색되었습니다.
[20180528, 김포]  54건의 결과가 검색되었습니다.
[20180827, 포항]   2건의 결과가 검색되었습니다.
[20180529, 대구]   3건의 결과가 검색되었습니다.
[20180618, 대구]   4건의 결과가 검색되었습니다.
[20181118, 김포]  18건의 결과가 검색되었습니다.
[20180628, 양양]  검색된 결과가 없습니다.
[20181111, 광주]   5건의 결과가 검색되었습니다.
[20180831, 여수]   2건의 결과가 검색되었습니다.
[20180929, 여수]  검색된 결과가 없습니다.
[20180627, 무안]  검색된 결과가 없습니다.
[20180108, 사천]   1건의 결과가 검색되었습니다.
[20180707, 대구]   4건의 결과가 검색되었습니다.
[20181121, 대구]   1건의 결과가 검색되었습니다.
[20181013, 김해]   8건의 결과가 검색되었습니다.
[20180324, 무안]   1건의 결과가 검색되었습니다.
[20180511, 청주]   2건의 결과가 검색되었습니다.
[20180921, 군산]  검색된 결과가 없습니다.
[20181223, 김포]  11건의 결과가 검색되었습니다.
[20180617, 원주]  검색된 결과가 없습니다.
[20180124, 대구]   6건의 결과가 검색되었습니다.
[20180703, 원주]  검색된 결과가 없습니다.
[20180914, 김포]  45건의 결과가 검색되었습니다.
[20180120, 군산]  검색된 결과가 없습니다.
[20181217, 청주]   5건의 결과가 검색되었습니다.
[20180409, 김포] 103건의 결과가 검색되었습니다.
[20180514, 여수]  검색된 결과가 없습니다.
[20180729, 여수]   2건의 결과가 검색되었습니다.
[20180608, 대구]   4건의 결과가 검색되었습니다.
[20181111, 울산]   1건의 결과가 검색되었습니다.
[20180612, 무안]  검색된 결과가 없습니다.
[20180825, 김해]  15건의 결과가 검색되었습니다.
[20180913, 포항]   1건의 결과가 검색되었습니다.
[20181025, 사천]  검색된 결과가 없습니다.
[20181023, 무안]  검색된 결과가 없습니다.
[20181203, 포항]   1건의 결과가 검색되었습니다.
[20180316, 원주]  검색된 결과가 없습니다.
[20180111, 무안]   1건의 결과가 검색되었습니다.
[20181205, 무안]  검색된 결과가 없습니다.
[20180104, 포항]  검색된 결과가 없습니다.
[20181018, 제주]  59건의 결과가 검색되었습니다.
[20180509, 양양]  검색된 결과가 없습니다.
[20180825, 사천]  검색된 결과가 없습니다.
[20181203, 제주]  30건의 결과가 검색되었습니다.
[20180409, 청주]   9건의 결과가 검색되었습니다.
[20181110, 김포]  26건의 결과가 검색되었습니다.
[20180925, 울산]  검색된 결과가 없습니다.
[20180919, 무안]  검색된 결과가 없습니다.
[20180910, 양양]  검색된 결과가 없습니다.
[20180125, 제주]  58건의 결과가 검색되었습니다.
[20180131, 무안]   2건의 결과가 검색되었습니다.
[20181220, 포항]  검색된 결과가 없습니다.
[20180813, 양양]  검색된 결과가 없습니다.
[20180701, 무안]  검색된 결과가 없습니다.
[20181212, 포항]  검색된 결과가 없습니다.
[20180925, 사천]  검색된 결과가 없습니다.
[20181011, 울산]  검색된 결과가 없습니다.
[20181017, 대구]   9건의 결과가 검색되었습니다.
[20180807, 제주]  64건의 결과가 검색되었습니다.
[20181218, 대구]  검색된 결과가 없습니다.
[20181005, 무안]  검색된 결과가 없습니다.
[20180919, 포항]  검색된 결과가 없습니다.
[20180825, 여수]   1건의 결과가 검색되었습니다.
[20181224, 포항]  검색된 결과가 없습니다.
[20180325, 광주]  10건의 결과가 검색되었습니다.
[20180511, 김포]  28건의 결과가 검색되었습니다.
[20180430, 김포]  32건의 결과가 검색되었습니다.
[20181013, 사천]  검색된 결과가 없습니다.
[20180224, 김포]  16건의 결과가 검색되었습니다.
[20181028, 청주]   4건의 결과가 검색되었습니다.
[20181207, 무안]   2건의 결과가 검색되었습니다.
[20180509, 원주]  검색된 결과가 없습니다.
[20180701, 군산]   2건의 결과가 검색되었습니다.
[20180627, 군산]   2건의 결과가 검색되었습니다.
[20180902, 광주]  검색된 결과가 없습니다.
[20180302, 양양]  검색된 결과가 없습니다.
[20180326, 사천]  검색된 결과가 없습니다.
[20180122, 광주]   8건의 결과가 검색되었습니다.
[20180917, 여수]  검색된 결과가 없습니다.
[20180630, 대구]   2건의 결과가 검색되었습니다.
[20180924, 청주]   1건의 결과가 검색되었습니다.
[20181210, 여수]  검색된 결과가 없습니다.
[20180929, 군산]  검색된 결과가 없습니다.
[20180507, 양양]  검색된 결과가 없습니다.
[20180927, 사천]  검색된 결과가 없습니다.
[20180320, 양양]  검색된 결과가 없습니다.
[20180928, 청주]   1건의 결과가 검색되었습니다.
[20180116, 김포]  24건의 결과가 검색되었습니다.
[20181007, 여수]  검색된 결과가 없습니다.
[20181101, 제주]  48건의 결과가 검색되었습니다.
[20181022, 여수]  검색된 결과가 없습니다.
[20181127, 무안]  검색된 결과가 없습니다.
[20180109, 포항]  검색된 결과가 없습니다.
[20180920, 청주]  검색된 결과가 없습니다.
[20180620, 무안]  검색된 결과가 없습니다.
[20181121, 김포]  16건의 결과가 검색되었습니다.
[20180516, 양양]   1건의 결과가 검색되었습니다.
[20181229, 무안]   4건의 결과가 검색되었습니다.
[20181023, 제주]  70건의 결과가 검색되었습니다.
[20180323, 포항]  검색된 결과가 없습니다.
[20181016, 양양]  검색된 결과가 없습니다.
[20180423, 김포]  78건의 결과가 검색되었습니다.
[20180701, 양양]   2건의 결과가 검색되었습니다.
[20180930, 김포]   6건의 결과가 검색되었습니다.
[20181015, 김포]  28건의 결과가 검색되었습니다.
[20180308, 울산]   2건의 결과가 검색되었습니다.
[20180903, 원주]  검색된 결과가 없습니다.
[20181117, 광주]   1건의 결과가 검색되었습니다.
[20181221, 군산]  검색된 결과가 없습니다.
[20181228, 군산]   1건의 결과가 검색되었습니다.
[20180426, 무안]   1건의 결과가 검색되었습니다.
[20180225, 청주]   6건의 결과가 검색되었습니다.
[20180524, 군산]  검색된 결과가 없습니다.
[20180928, 제주] 102건의 결과가 검색되었습니다.
[20180227, 사천]  검색된 결과가 없습니다.
[20180203, 제주]  57건의 결과가 검색되었습니다.
[20180309, 울산]   1건의 결과가 검색되었습니다.
[20180309, 제주]  18건의 결과가 검색되었습니다.
[20180831, 사천]   2건의 결과가 검색되었습니다.
[20180604, 김해]   9건의 결과가 검색되었습니다.
[20181220, 청주]   5건의 결과가 검색되었습니다.
[20180508, 사천]   1건의 결과가 검색되었습니다.
[20180603, 제주]  35건의 결과가 검색되었습니다.
[20180901, 군산]  검색된 결과가 없습니다.
[20180813, 군산]   2건의 결과가 검색되었습니다.
[20180110, 여수]   7건의 결과가 검색되었습니다.
[20180119, 사천]   1건의 결과가 검색되었습니다.
[20180127, 제주]  48건의 결과가 검색되었습니다.
[20180316, 사천]   1건의 결과가 검색되었습니다.
[20180308, 양양]   1건의 결과가 검색되었습니다.
[20180617, 김해]   8건의 결과가 검색되었습니다.
[20180403, 여수]   1건의 결과가 검색되었습니다.
[20181005, 원주]  검색된 결과가 없습니다.
[20181019, 포항]   1건의 결과가 검색되었습니다.
[20180917, 포항]   2건의 결과가 검색되었습니다.
[20180701, 원주]  검색된 결과가 없습니다.
[20180223, 울산]   6건의 결과가 검색되었습니다.
[20180902, 대구]   4건의 결과가 검색되었습니다.
[20180419, 울산]   1건의 결과가 검색되었습니다.
[20180704, 포항]  검색된 결과가 없습니다.
[20181022, 울산]   1건의 결과가 검색되었습니다.
[20180923, 광주]   1건의 결과가 검색되었습니다.
[20180817, 김해]  13건의 결과가 검색되었습니다.
[20180319, 사천]   1건의 결과가 검색되었습니다.
[20180121, 사천]   1건의 결과가 검색되었습니다.
[20180214, 청주]   5건의 결과가 검색되었습니다.
[20180607, 무안]  검색된 결과가 없습니다.
[20180101, 광주]  검색된 결과가 없습니다.
[20180111, 원주]   1건의 결과가 검색되었습니다.
[20180123, 대구]   3건의 결과가 검색되었습니다.
[20180923, 무안]  검색된 결과가 없습니다.
[20181114, 포항]  검색된 결과가 없습니다.
[20181202, 김해]   4건의 결과가 검색되었습니다.
[20180328, 청주]   2건의 결과가 검색되었습니다.
[20181213, 양양]  검색된 결과가 없습니다.
[20180529, 여수]  검색된 결과가 없습니다.
[20180413, 양양]  검색된 결과가 없습니다.
[20180112, 김해]  40건의 결과가 검색되었습니다.
[20180428, 김포]  35건의 결과가 검색되었습니다.
[20180804, 포항]  검색된 결과가 없습니다.
[20181021, 포항]   1건의 결과가 검색되었습니다.
[20181231, 김해]   3건의 결과가 검색되었습니다.
[20181129, 광주]   1건의 결과가 검색되었습니다.
[20180521, 제주]  34건의 결과가 검색되었습니다.
[20180216, 양양]  검색된 결과가 없습니다.
[20180607, 군산]   3건의 결과가 검색되었습니다.
[20180526, 군산]  검색된 결과가 없습니다.
[20180511, 양양]   1건의 결과가 검색되었습니다.
[20181229, 제주]  60건의 결과가 검색되었습니다.
[20181007, 울산]  검색된 결과가 없습니다.
[20180330, 원주]  검색된 결과가 없습니다.
[20180404, 군산]   2건의 결과가 검색되었습니다.
[20181225, 사천]  검색된 결과가 없습니다.
[20180930, 청주]   1건의 결과가 검색되었습니다.
[20181006, 무안]   3건의 결과가 검색되었습니다.
[20181203, 사천]   1건의 결과가 검색되었습니다.
[20180210, 포항]  검색된 결과가 없습니다.
[20181009, 광주]  검색된 결과가 없습니다.
[20181117, 사천]   1건의 결과가 검색되었습니다.
[20180922, 사천]   1건의 결과가 검색되었습니다.
[20180109, 대구]   7건의 결과가 검색되었습니다.
[20180923, 청주]  검색된 결과가 없습니다.
[20181006, 여수]   3건의 결과가 검색되었습니다.
[20180617, 울산]  검색된 결과가 없습니다.
[20181029, 김포]  20건의 결과가 검색되었습니다.
[20180709, 대구]   3건의 결과가 검색되었습니다.
[20181106, 김해]  12건의 결과가 검색되었습니다.
[20180615, 울산]  검색된 결과가 없습니다.
[20180506, 청주]   3건의 결과가 검색되었습니다.
[20180628, 사천]   1건의 결과가 검색되었습니다.
[20180126, 원주]   1건의 결과가 검색되었습니다.
[20181012, 김해]   9건의 결과가 검색되었습니다.
[20180912, 김해]  17건의 결과가 검색되었습니다.
[20180222, 원주]  검색된 결과가 없습니다.
[20181122, 제주]  62건의 결과가 검색되었습니다.
[20180606, 김해]   2건의 결과가 검색되었습니다.
[20180410, 제주] 156건의 결과가 검색되었습니다.
[20180110, 군산]   2건의 결과가 검색되었습니다.
[20180901, 여수]  검색된 결과가 없습니다.
[20180302, 광주]   1건의 결과가 검색되었습니다.
[20181113, 청주]   3건의 결과가 검색되었습니다.
[20180427, 광주]   2건의 결과가 검색되었습니다.
[20181226, 김해]  11건의 결과가 검색되었습니다.
[20180727, 청주]   1건의 결과가 검색되었습니다.
[20181119, 여수]  검색된 결과가 없습니다.
[20180105, 대구]   1건의 결과가 검색되었습니다.
[20180419, 광주]   1건의 결과가 검색되었습니다.
[20180203, 여수]  검색된 결과가 없습니다.
[20180923, 사천]   1건의 결과가 검색되었습니다.
[20181208, 광주]   1건의 결과가 검색되었습니다.
[20181020, 포항]  검색된 결과가 없습니다.
[20180826, 군산]  검색된 결과가 없습니다.
[20180415, 포항]   3건의 결과가 검색되었습니다.
[20180314, 제주]  23건의 결과가 검색되었습니다.
[20180122, 양양]  검색된 결과가 없습니다.
[20180114, 광주]   2건의 결과가 검색되었습니다.
[20180130, 군산]   2건의 결과가 검색되었습니다.
[20180131, 사천]  검색된 결과가 없습니다.
[20181212, 사천]  검색된 결과가 없습니다.
[20180622, 포항]  검색된 결과가 없습니다.
[20180307, 김해]   3건의 결과가 검색되었습니다.
[20181022, 대구]   5건의 결과가 검색되었습니다.
[20181024, 대구]   1건의 결과가 검색되었습니다.
[20180223, 무안]   1건의 결과가 검색되었습니다.
[20180510, 무안]  검색된 결과가 없습니다.
[20180514, 김해]  19건의 결과가 검색되었습니다.
[20181227, 김해]   7건의 결과가 검색되었습니다.
[20180315, 원주]   1건의 결과가 검색되었습니다.
[20180908, 원주]  검색된 결과가 없습니다.
[20180622, 원주]  검색된 결과가 없습니다.
[20181114, 김포]  12건의 결과가 검색되었습니다.
[20180911, 사천]  검색된 결과가 없습니다.
[20180226, 대구]   1건의 결과가 검색되었습니다.
[20180620, 청주]   3건의 결과가 검색되었습니다.
[20180609, 원주]  검색된 결과가 없습니다.
[20181223, 김해]   1건의 결과가 검색되었습니다.
[20180907, 무안]  검색된 결과가 없습니다.
[20180519, 청주]   8건의 결과가 검색되었습니다.
[20180123, 김포]  25건의 결과가 검색되었습니다.
[20180401, 군산]  검색된 결과가 없습니다.
[20180905, 청주]   4건의 결과가 검색되었습니다.
