[20190315, 김해]  11건의 결과가 검색되었습니다.
[20190806, 대구]   4건의 결과가 검색되었습니다.
[20190719, 광주]  12건의 결과가 검색되었습니다.
[20190423, 원주] 검색된 결과가 없습니다.
[20191014, 무안]   1건의 결과가 검색되었습니다.
[20190223, 김해]   9건의 결과가 검색되었습니다.
[20190314, 김포]  23건의 결과가 검색되었습니다.
[20190908, 군산] 검색된 결과가 없습니다.
[20190331, 김포]  10건의 결과가 검색되었습니다.
[20190527, 김포]  77건의 결과가 검색되었습니다.
[20190930, 김포]  14건의 결과가 검색되었습니다.
[20191102, 포항]   1건의 결과가 검색되었습니다.
[20190524, 김해]   4건의 결과가 검색되었습니다.
[20190225, 울산] 검색된 결과가 없습니다.
[20190517, 김해]  14건의 결과가 검색되었습니다.
[20191127, 광주] 검색된 결과가 없습니다.
[20190324, 사천]   1건의 결과가 검색되었습니다.
[20190215, 양양]   1건의 결과가 검색되었습니다.
[20190505, 무안] 검색된 결과가 없습니다.
[20191213, 청주]   2건의 결과가 검색되었습니다.
[20190608, 군산] 검색된 결과가 없습니다.
[20191008, 청주]   4건의 결과가 검색되었습니다.
[20191214, 대구]   1건의 결과가 검색되었습니다.
[20190918, 군산]   1건의 결과가 검색되었습니다.
[20191226, 군산] 검색된 결과가 없습니다.
[20190719, 원주] 검색된 결과가 없습니다.
[20191214, 울산] 검색된 결과가 없습니다.
[20190307, 제주]   3건의 결과가 검색되었습니다.
[20191015, 대구]   6건의 결과가 검색되었습니다.
[20190220, 양양] 검색된 결과가 없습니다.
[20191027, 광주]   3건의 결과가 검색되었습니다.
[20191030, 원주] 검색된 결과가 없습니다.
[20191231, 여수]   1건의 결과가 검색되었습니다.
[20190909, 포항] 검색된 결과가 없습니다.
[20190220, 대구] 검색된 결과가 없습니다.
[20191211, 무안] 검색된 결과가 없습니다.
[20190727, 김해]  13건의 결과가 검색되었습니다.
[20190507, 무안] 검색된 결과가 없습니다.
[20190603, 포항] 검색된 결과가 없습니다.
[20190927, 김포]  25건의 결과가 검색되었습니다.
[20190207, 군산] 검색된 결과가 없습니다.
[20190522, 포항] 검색된 결과가 없습니다.
[20190731, 김해]  19건의 결과가 검색되었습니다.
[20190318, 양양] 검색된 결과가 없습니다.
[20190915, 원주] 검색된 결과가 없습니다.
[20190402, 광주] 검색된 결과가 없습니다.
[20190129, 김포]  10건의 결과가 검색되었습니다.
[20190427, 군산]   3건의 결과가 검색되었습니다.
[20191215, 여수] 검색된 결과가 없습니다.
[20190116, 김포]  15건의 결과가 검색되었습니다.
[20190610, 제주]  47건의 결과가 검색되었습니다.
[20190701, 양양]   1건의 결과가 검색되었습니다.
[20191103, 포항] 검색된 결과가 없습니다.
[20191205, 대구] 검색된 결과가 없습니다.
[20190622, 김포]   7건의 결과가 검색되었습니다.
[20190416, 제주]  28건의 결과가 검색되었습니다.
[20190313, 원주] 검색된 결과가 없습니다.
[20190217, 무안] 검색된 결과가 없습니다.
[20190403, 김해]   4건의 결과가 검색되었습니다.
[20190715, 여수] 검색된 결과가 없습니다.
[20190705, 사천] 검색된 결과가 없습니다.
[20191106, 여수]   1건의 결과가 검색되었습니다.
[20191214, 제주]  36건의 결과가 검색되었습니다.
[20190713, 사천] 검색된 결과가 없습니다.
[20190813, 포항] 검색된 결과가 없습니다.
[20190221, 여수] 검색된 결과가 없습니다.
[20190407, 무안] 검색된 결과가 없습니다.
[20190630, 양양] 검색된 결과가 없습니다.
[20191025, 원주] 검색된 결과가 없습니다.
[20191027, 원주] 검색된 결과가 없습니다.
[20191122, 무안] 검색된 결과가 없습니다.
[20190904, 양양] 검색된 결과가 없습니다.
[20191124, 청주]   4건의 결과가 검색되었습니다.
[20190727, 청주]   5건의 결과가 검색되었습니다.
[20190923, 무안] 검색된 결과가 없습니다.
[20190903, 청주]   3건의 결과가 검색되었습니다.
[20190503, 대구]   3건의 결과가 검색되었습니다.
[20190928, 제주]  48건의 결과가 검색되었습니다.
[20190618, 울산] 검색된 결과가 없습니다.
[20190613, 무안] 검색된 결과가 없습니다.
[20190804, 광주]   1건의 결과가 검색되었습니다.
[20190510, 광주]   2건의 결과가 검색되었습니다.
[20190528, 울산]   1건의 결과가 검색되었습니다.
[20191225, 사천] 검색된 결과가 없습니다.
[20190617, 원주] 검색된 결과가 없습니다.
[20191125, 원주] 검색된 결과가 없습니다.
[20190728, 울산] 검색된 결과가 없습니다.
[20190920, 포항] 검색된 결과가 없습니다.
[20190113, 제주]  63건의 결과가 검색되었습니다.
[20190925, 원주] 검색된 결과가 없습니다.
[20190409, 김포]  59건의 결과가 검색되었습니다.
[20191015, 울산] 검색된 결과가 없습니다.
[20190827, 사천]   1건의 결과가 검색되었습니다.
[20190216, 광주] 검색된 결과가 없습니다.
[20190102, 김해]   3건의 결과가 검색되었습니다.
[20191125, 사천] 검색된 결과가 없습니다.
[20190524, 여수]   3건의 결과가 검색되었습니다.
[20190224, 양양] 검색된 결과가 없습니다.
[20190620, 여수] 검색된 결과가 없습니다.
[20190725, 김포]  42건의 결과가 검색되었습니다.
[20190328, 군산] 검색된 결과가 없습니다.
[20190911, 여수] 검색된 결과가 없습니다.
[20191107, 청주]   5건의 결과가 검색되었습니다.
[20190321, 대구]   7건의 결과가 검색되었습니다.
[20190721, 사천] 검색된 결과가 없습니다.
[20190706, 대구]   1건의 결과가 검색되었습니다.
[20190909, 광주] 검색된 결과가 없습니다.
[20191018, 무안] 검색된 결과가 없습니다.
[20190416, 대구]   1건의 결과가 검색되었습니다.
[20190120, 양양] 검색된 결과가 없습니다.
[20190201, 양양]   3건의 결과가 검색되었습니다.
[20190212, 포항] 검색된 결과가 없습니다.
[20191201, 포항]   1건의 결과가 검색되었습니다.
[20191011, 원주] 검색된 결과가 없습니다.
