[20160523, 원주] 검색된 결과가 없습니다.
[20160927, 김해]  14건의 결과가 검색되었습니다.
[20160204, 김포]  30건의 결과가 검색되었습니다.
[20161227, 청주]   2건의 결과가 검색되었습니다.
[20161120, 포항] 검색된 결과가 없습니다.
[20160202, 광주]   2건의 결과가 검색되었습니다.
[20160310, 무안] 검색된 결과가 없습니다.
[20160425, 울산] 검색된 결과가 없습니다.
[20160601, 울산]   2건의 결과가 검색되었습니다.
[20161220, 김포]  21건의 결과가 검색되었습니다.
[20161117, 포항] 검색된 결과가 없습니다.
[20160117, 대구]   3건의 결과가 검색되었습니다.
[20160203, 군산] 검색된 결과가 없습니다.
[20160128, 광주]   2건의 결과가 검색되었습니다.
[20160114, 광주]   2건의 결과가 검색되었습니다.
[20160628, 청주]   2건의 결과가 검색되었습니다.
[20160620, 양양] 검색된 결과가 없습니다.
[20160722, 울산]   1건의 결과가 검색되었습니다.
[20160823, 광주]   2건의 결과가 검색되었습니다.
[20160822, 광주]   5건의 결과가 검색되었습니다.
[20160830, 제주]  56건의 결과가 검색되었습니다.
[20160828, 청주]   3건의 결과가 검색되었습니다.
[20160520, 김해]  13건의 결과가 검색되었습니다.
[20161202, 광주]   2건의 결과가 검색되었습니다.
[20161118, 김포]  46건의 결과가 검색되었습니다.
