[20160513, 양양] 검색된 결과가 없습니다.
[20160126, 제주] 218건의 결과가 검색되었습니다.
[20160717, 양양] 검색된 결과가 없습니다.
[20160724, 사천] 검색된 결과가 없습니다.
[20161029, 원주] 검색된 결과가 없습니다.
[20160409, 울산] 검색된 결과가 없습니다.
[20160425, 광주]   6건의 결과가 검색되었습니다.
[20160920, 원주] 검색된 결과가 없습니다.
[20160304, 광주] 검색된 결과가 없습니다.
[20160511, 무안] 검색된 결과가 없습니다.
[20161031, 군산]   2건의 결과가 검색되었습니다.
[20160322, 여수] 검색된 결과가 없습니다.
[20160916, 포항]   1건의 결과가 검색되었습니다.
[20160506, 울산]   6건의 결과가 검색되었습니다.
[20160530, 여수]   1건의 결과가 검색되었습니다.
[20160201, 제주]  31건의 결과가 검색되었습니다.
[20160101, 김해]   8건의 결과가 검색되었습니다.
[20160723, 양양] 검색된 결과가 없습니다.
[20160215, 사천] 검색된 결과가 없습니다.
[20160207, 포항] 검색된 결과가 없습니다.
[20160727, 군산]   2건의 결과가 검색되었습니다.
[20160102, 제주]  34건의 결과가 검색되었습니다.
[20160723, 군산] 검색된 결과가 없습니다.
[20160907, 사천] 검색된 결과가 없습니다.
[20161116, 군산]   2건의 결과가 검색되었습니다.
[20160301, 청주]   2건의 결과가 검색되었습니다.
[20161226, 무안] 검색된 결과가 없습니다.
[20161208, 양양] 검색된 결과가 없습니다.
[20160406, 광주]   4건의 결과가 검색되었습니다.
[20160304, 청주]   1건의 결과가 검색되었습니다.
[20161124, 제주]  55건의 결과가 검색되었습니다.
[20161216, 무안] 검색된 결과가 없습니다.
[20160223, 사천] 검색된 결과가 없습니다.
[20161017, 군산]   1건의 결과가 검색되었습니다.
[20161026, 군산]   2건의 결과가 검색되었습니다.
[20160205, 군산] 검색된 결과가 없습니다.
[20160331, 군산] 검색된 결과가 없습니다.
[20161231, 대구]   1건의 결과가 검색되었습니다.
[20160420, 대구] 검색된 결과가 없습니다.
[20160831, 대구]   2건의 결과가 검색되었습니다.
[20161112, 청주]   3건의 결과가 검색되었습니다.
[20160115, 광주]   3건의 결과가 검색되었습니다.
[20160703, 김해]  17건의 결과가 검색되었습니다.
[20161231, 제주]  44건의 결과가 검색되었습니다.
[20160626, 여수]   1건의 결과가 검색되었습니다.
[20161125, 여수] 검색된 결과가 없습니다.
[20160403, 무안] 검색된 결과가 없습니다.
[20160610, 양양] 검색된 결과가 없습니다.
[20160414, 청주]   4건의 결과가 검색되었습니다.
[20161224, 양양] 검색된 결과가 없습니다.
[20161125, 광주]   4건의 결과가 검색되었습니다.
[20160428, 제주] 115건의 결과가 검색되었습니다.
[20161230, 광주]   5건의 결과가 검색되었습니다.
[20160321, 울산] 검색된 결과가 없습니다.
[20160303, 원주] 검색된 결과가 없습니다.
[20160423, 대구]   4건의 결과가 검색되었습니다.
[20160224, 대구]   1건의 결과가 검색되었습니다.
[20161025, 양양] 검색된 결과가 없습니다.
[20160731, 무안] 검색된 결과가 없습니다.
[20160727, 광주]   6건의 결과가 검색되었습니다.
[20160207, 청주]   4건의 결과가 검색되었습니다.
[20160309, 여수] 검색된 결과가 없습니다.
[20160203, 울산] 검색된 결과가 없습니다.
[20160418, 포항] 검색된 결과가 없습니다.
[20160409, 사천] 검색된 결과가 없습니다.
[20160522, 광주]   5건의 결과가 검색되었습니다.
[20160417, 김해]  57건의 결과가 검색되었습니다.
[20161101, 청주]   1건의 결과가 검색되었습니다.
[20161203, 포항] 검색된 결과가 없습니다.
[20161226, 여수]   1건의 결과가 검색되었습니다.
[20160219, 사천]   1건의 결과가 검색되었습니다.
[20161205, 원주] 검색된 결과가 없습니다.
[20161011, 사천] 검색된 결과가 없습니다.
[20160110, 여수] 검색된 결과가 없습니다.
[20160109, 원주] 검색된 결과가 없습니다.
[20160909, 김해]   6건의 결과가 검색되었습니다.
[20160628, 김포]  23건의 결과가 검색되었습니다.
[20160722, 원주] 검색된 결과가 없습니다.
[20160427, 무안] 검색된 결과가 없습니다.
[20160520, 대구]   3건의 결과가 검색되었습니다.
[20160823, 원주] 검색된 결과가 없습니다.
[20160718, 사천] 검색된 결과가 없습니다.
[20160921, 포항] 검색된 결과가 없습니다.
[20160313, 군산] 검색된 결과가 없습니다.
[20160526, 원주] 검색된 결과가 없습니다.
[20160118, 포항] 검색된 결과가 없습니다.
[20161128, 청주]  11건의 결과가 검색되었습니다.
[20160313, 양양] 검색된 결과가 없습니다.
[20160525, 대구] 검색된 결과가 없습니다.
[20160415, 울산] 검색된 결과가 없습니다.
[20161106, 사천] 검색된 결과가 없습니다.
[20160816, 여수] 검색된 결과가 없습니다.
[20160312, 김해]   7건의 결과가 검색되었습니다.
[20160502, 대구]   6건의 결과가 검색되었습니다.
[20160717, 무안] 검색된 결과가 없습니다.
[20161003, 울산] 검색된 결과가 없습니다.
[20160705, 대구]   3건의 결과가 검색되었습니다.
[20160828, 양양] 검색된 결과가 없습니다.
[20160402, 여수] 검색된 결과가 없습니다.
[20160715, 양양] 검색된 결과가 없습니다.
[20160718, 청주]   2건의 결과가 검색되었습니다.
[20160829, 군산]   1건의 결과가 검색되었습니다.
[20161213, 여수] 검색된 결과가 없습니다.
